#
# A fatal error has been detected by the Java Runtime Environment:
#
#  SIGSEGV (0xb) at pc=0x00007f370becf8f8, pid=14840, tid=0x00007f36a2c8d700
#
# JRE version: Java(TM) SE Runtime Environment (8.0_121-b13) (build 1.8.0_121-b13)
# Java VM: Java HotSpot(TM) 64-Bit Server VM (25.121-b13 mixed mode linux-amd64 compressed oops)
# Problematic frame:
# V  [libjvm.so+0x6d28f8]  jni_invoke_nonstatic(JNIEnv_*, JavaValue*, _jobject*, JNICallType, _jmethodID*, JNI_ArgumentPusher*, Thread*)+0x38
#
# Failed to write core dump. Core dumps have been disabled. To enable core dumping, try "ulimit -c unlimited" before starting Java again
#
# If you would like to submit a bug report, please visit:
#   http://bugreport.java.com/bugreport/crash.jsp
#

---------------  T H R E A D  ---------------

Current thread (0x00007f3704413000):  JavaThread "JavaFX Application Thread" [_thread_in_vm, id=14876, stack(0x00007f36a2b8d000,0x00007f36a2c8e000)]

siginfo: si_signo: 11 (SIGSEGV), si_code: 128 (SI_KERNEL), si_addr: 0x0000000000000000

Registers:
RAX=0x00007f36a2c8c4c0, RBX=0x00007f36a2c8c3d0, RCX=0x0000000000000001, RDX=0x7250746c75736572
RSP=0x00007f36a2c8c220, RBP=0x00007f36a2c8c3a0, RSI=0x00007f36a2c8c430, RDI=0x00007f37044131f8
R8 =0x00007f3704342d18, R9 =0x00007f36a2c8c3d0, R10=0x00007f3690000ac0, R11=0x00007f36f53ccd20
R12=0x00007f3704413000, R13=0x00007f3704342d18, R14=0x0000000000000001, R15=0x00007f37044131f8
RIP=0x00007f370becf8f8, EFLAGS=0x0000000000010206, CSGSFS=0x0000000000000033, ERR=0x0000000000000000
  TRAPNO=0x000000000000000d

Top of Stack: (sp=0x00007f36a2c8c220)
0x00007f36a2c8c220:   00007f36a2c8c920 00007f36a2c8c540
0x00007f36a2c8c230:   00007f36a2c8c280 00007f36a2c8c300
0x00007f36a2c8c240:   00007f36a2c8c3d0 00007f36a2c8c430
0x00007f36a2c8c250:   00007f37044131f8 00007f370beef400
0x00007f36a2c8c260:   00007f36c4000f60 00007f36c4000f70
0x00007f36a2c8c270:   00007f36c4001348 00000000000003d8
0x00007f36a2c8c280:   00007f3708870348 000000078396af98
0x00007f36a2c8c290:   00007f370000006f 00007f370000000a
0x00007f36a2c8c2a0:   0000000784315b38 00007f3700000000
0x00007f36a2c8c2b0:   0000000000000000 0000000000000000
0x00007f36a2c8c2c0:   00007f37087e8830 0000000100000100
0x00007f36a2c8c2d0:   00007f3708870348 00007f36a2c8c288
0x00007f36a2c8c2e0:   00007f36a2c8c2c9 0000000800000005
0x00007f36a2c8c2f0:   00007f3708870300 00007f37044129f0
0x00007f36a2c8c300:   00007f370c75d510 00007f370d25c720
0x00007f36a2c8c310:   0000000004412880 00007f3704413000
0x00007f36a2c8c320:   0000000000000000 00007f370becfccb
0x00007f36a2c8c330:   00007f37087f28e0 00007f3704413000
0x00007f36a2c8c340:   00007f37087f28e0 00007f3704413000
0x00007f36a2c8c350:   00007f36a2c8c4e0 00007f37087f28e0
0x00007f36a2c8c360:   00007f37087f28e0 00007f37087f28e0
0x00007f36a2c8c370:   00007f36c4000f60 00007f36a2c8c3d0
0x00007f36a2c8c380:   00007f3704413000 00007f36a2c8c410
0x00007f36a2c8c390:   00007f3704342d18 00007f37044131f8
0x00007f36a2c8c3a0:   00007f36a2c8c490 00007f370bed409f
0x00007f36a2c8c3b0:   00007f3704413000 00007f36ec486054
0x00007f36a2c8c3c0:   00007f36a2c8c4a8 7250746c75736572
0x00007f36a2c8c3d0:   00007f370c75e170 00007f370d25c720
0x00007f36a2c8c3e0:   00000000a2c8c450 effdf84f00000063
0x00007f36a2c8c3f0:   0000000000000000 0000003000000018
0x00007f36a2c8c400:   00007f36a2c8c580 00007f36a2c8c4c0
0x00007f36a2c8c410:   00007f3704413000 0000000000000000 

Instructions: (pc=0x00007f370becf8f8)
0x00007f370becf8d8:   00 00 48 85 d2 48 89 bd b0 fe ff ff 48 89 b5 a8
0x00007f370becf8e8:   fe ff ff 4c 89 8d a0 fe ff ff 0f 84 78 09 00 00
0x00007f370becf8f8:   4c 8b 22 4d 85 e4 0f 84 6c 09 00 00 48 8b 45 10
0x00007f370becf908:   48 8b 98 38 01 00 00 48 83 7b 18 f7 0f 87 16 07 

Register to memory mapping:

RAX=0x00007f36a2c8c4c0 is pointing into the stack for thread: 0x00007f3704413000
RBX=0x00007f36a2c8c3d0 is pointing into the stack for thread: 0x00007f3704413000
RCX=0x0000000000000001 is an unknown value
RDX=0x7250746c75736572 is an unknown value
RSP=0x00007f36a2c8c220 is pointing into the stack for thread: 0x00007f3704413000
RBP=0x00007f36a2c8c3a0 is pointing into the stack for thread: 0x00007f3704413000
RSI=0x00007f36a2c8c430 is pointing into the stack for thread: 0x00007f3704413000
RDI=0x00007f37044131f8 is an unknown value
R8 =0x00007f3704342d18 is an unknown value
R9 =0x00007f36a2c8c3d0 is pointing into the stack for thread: 0x00007f3704413000
R10=0x00007f3690000ac0 is an unknown value
R11=0x00007f36f53ccd20 is at entry_point+32 in (nmethod*)0x00007f36f53ccb90
R12=0x00007f3704413000 is a thread
R13=0x00007f3704342d18 is an unknown value
R14=0x0000000000000001 is an unknown value
R15=0x00007f37044131f8 is an unknown value


Stack: [0x00007f36a2b8d000,0x00007f36a2c8e000],  sp=0x00007f36a2c8c220,  free space=1020k
Native frames: (J=compiled Java code, j=interpreted, Vv=VM code, C=native code)
V  [libjvm.so+0x6d28f8]  jni_invoke_nonstatic(JNIEnv_*, JavaValue*, _jobject*, JNICallType, _jmethodID*, JNI_ArgumentPusher*, Thread*)+0x38
V  [libjvm.so+0x6d709f]  jni_CallVoidMethodV+0x10f
C  [libglass.so+0x13e51]  JNIEnv_::CallVoidMethod(_jobject*, _jmethodID*, ...)+0x81
C  [libglass.so+0x1876f]  WindowContextBase::process_key(_GdkEventKey*)+0x20f
C  [libglass.so+0x15fe0]  WindowContextBase::im_filter_keypress(_GdkEventKey*)+0x1c0
C  [libglass.so+0x20a3c]  process_events(_GdkEvent*, void*)+0x22c
C  [libgdk-x11-2.0.so.0+0x5ac4c]

Java frames: (J=compiled Java code, j=interpreted, Vv=VM code)
j  com.sun.glass.ui.gtk.GtkApplication._runLoop(Ljava/lang/Runnable;Z)V+0
j  com.sun.glass.ui.gtk.GtkApplication.lambda$null$49(Ljava/lang/Runnable;Z)V+7
j  com.sun.glass.ui.gtk.GtkApplication$$Lambda$41.run()V+12
j  java.lang.Thread.run()V+11
v  ~StubRoutines::call_stub

---------------  P R O C E S S  ---------------

Java Threads: ( => current thread )
  0x00007f36901ed800 JavaThread "Prism Font Disposer" daemon [_thread_blocked, id=14881, stack(0x00007f36a1ae6000,0x00007f36a1be7000)]
  0x00007f3704416800 JavaThread "JavaFX-Launcher" [_thread_blocked, id=14877, stack(0x00007f36a2a8c000,0x00007f36a2b8d000)]
=>0x00007f3704413000 JavaThread "JavaFX Application Thread" [_thread_in_vm, id=14876, stack(0x00007f36a2b8d000,0x00007f36a2c8e000)]
  0x00007f370440f000 JavaThread "Thread-1" daemon [_thread_blocked, id=14875, stack(0x00007f36a2c8e000,0x00007f36a2d8f000)]
  0x00007f3704335800 JavaThread "QuantumRenderer-0" daemon [_thread_blocked, id=14871, stack(0x00007f36eceff000,0x00007f36ed000000)]
  0x00007f3704248800 JavaThread "Service Thread" daemon [_thread_blocked, id=14863, stack(0x00007f36ed196000,0x00007f36ed297000)]
  0x00007f3704245800 JavaThread "C1 CompilerThread2" daemon [_thread_in_native, id=14862, stack(0x00007f36ed297000,0x00007f36ed398000)]
  0x00007f3704243800 JavaThread "C2 CompilerThread1" daemon [_thread_in_native, id=14861, stack(0x00007f36ed398000,0x00007f36ed499000)]
  0x00007f3704241800 JavaThread "C2 CompilerThread0" daemon [_thread_blocked, id=14860, stack(0x00007f36ed9b1000,0x00007f36edab2000)]
  0x00007f3704240000 JavaThread "Monitor Ctrl-Break" daemon [_thread_in_native, id=14859, stack(0x00007f36edab2000,0x00007f36edbb3000)]
  0x00007f370417f800 JavaThread "Signal Dispatcher" daemon [_thread_blocked, id=14856, stack(0x00007f36edbb3000,0x00007f36edcb4000)]
  0x00007f370414c800 JavaThread "Finalizer" daemon [_thread_blocked, id=14849, stack(0x00007f36ee0be000,0x00007f36ee1bf000)]
  0x00007f3704148000 JavaThread "Reference Handler" daemon [_thread_blocked, id=14848, stack(0x00007f36ee1bf000,0x00007f36ee2c0000)]
  0x00007f370400b800 JavaThread "main" [_thread_blocked, id=14841, stack(0x00007f370d2ec000,0x00007f370d3ed000)]

Other Threads:
  0x00007f3704140800 VMThread [stack: 0x00007f36ee2c0000,0x00007f36ee3c1000] [id=14846]
  0x00007f370424d800 WatcherThread [stack: 0x00007f36ed095000,0x00007f36ed196000] [id=14867]

VM state:not at safepoint (normal execution)

VM Mutex/Monitor currently owned by a thread: None

Heap:
 PSYoungGen      total 104960K, used 23748K [0x0000000781e00000, 0x0000000788c00000, 0x00000007c0000000)
  eden space 97280K, 18% used [0x0000000781e00000,0x0000000782f89998,0x0000000787d00000)
  from space 7680K, 75% used [0x0000000788480000,0x0000000788a27678,0x0000000788c00000)
  to   space 7680K, 0% used [0x0000000787d00000,0x0000000787d00000,0x0000000788480000)
 ParOldGen       total 128512K, used 40K [0x0000000705a00000, 0x000000070d780000, 0x0000000781e00000)
  object space 128512K, 0% used [0x0000000705a00000,0x0000000705a0a000,0x000000070d780000)
 Metaspace       used 18505K, capacity 19822K, committed 20096K, reserved 1067008K
  class space    used 2819K, capacity 3101K, committed 3200K, reserved 1048576K

Card table byte_map: [0x00007f37098b9000,0x00007f3709e8d000] byte_map_base: 0x00007f370608c000

Marking Bits: (ParMarkBitMap*) 0x00007f370c7c1c80
 Begin Bits: [0x00007f36ef2d0000, 0x00007f36f2168000)
 End Bits:   [0x00007f36f2168000, 0x00007f36f5000000)

Polling page: 0x00007f370d411000

CodeCache: size=245760Kb used=5662Kb max_used=5673Kb free=240097Kb
 bounds [0x00007f36f5000000, 0x00007f36f5590000, 0x00007f3704000000]
 total_blobs=2491 nmethods=1839 adapters=565
 compilation: enabled

Compilation events (10 events):
Event: 10,646 Thread 0x00007f3704245800 1842       3       javafx.scene.text.Text::getBoundsType (24 bytes)
Event: 10,647 Thread 0x00007f3704245800 nmethod 1842 0x00007f36f5588cd0 code [0x00007f36f5588e80, 0x00007f36f55894d8]
Event: 10,647 Thread 0x00007f3704245800 1843       3       javafx.scene.Node::impl_notifyLayoutBoundsChanged (46 bytes)
Event: 10,649 Thread 0x00007f3704245800 nmethod 1843 0x00007f36f5587a50 code [0x00007f36f5587c60, 0x00007f36f5588988]
Event: 10,649 Thread 0x00007f3704245800 1844       3       javafx.geometry.Bounds::getWidth (5 bytes)
Event: 10,649 Thread 0x00007f3704245800 nmethod 1844 0x00007f36f5587710 code [0x00007f36f5587860, 0x00007f36f55879b0]
Event: 10,649 Thread 0x00007f3704245800 1845       3       javafx.scene.Node$ReadOnlyObjectWrapperManualFire::fireValueChangedEvent (1 bytes)
Event: 10,650 Thread 0x00007f3704245800 nmethod 1845 0x00007f36f55873d0 code [0x00007f36f5587520, 0x00007f36f5587670]
Event: 10,650 Thread 0x00007f3704245800 1846       3       javafx.scene.Node::invalidatedScenes (224 bytes)
Event: 10,651 Thread 0x00007f3704241800 nmethod 1837 0x00007f36f558cd10 code [0x00007f36f558ce80, 0x00007f36f558d0d8]

GC Heap History (8 events):
Event: 7,412 GC heap before
{Heap before GC invocations=1 (full 0):
 PSYoungGen      total 56320K, used 42025K [0x0000000781e00000, 0x0000000785c80000, 0x00000007c0000000)
  eden space 48640K, 86% used [0x0000000781e00000,0x000000078470a778,0x0000000784d80000)
  from space 7680K, 0% used [0x0000000785500000,0x0000000785500000,0x0000000785c80000)
  to   space 7680K, 0% used [0x0000000784d80000,0x0000000784d80000,0x0000000785500000)
 ParOldGen       total 128512K, used 0K [0x0000000705a00000, 0x000000070d780000, 0x0000000781e00000)
  object space 128512K, 0% used [0x0000000705a00000,0x0000000705a00000,0x000000070d780000)
 Metaspace       used 15574K, capacity 16304K, committed 16384K, reserved 1062912K
  class space    used 2309K, capacity 2532K, committed 2560K, reserved 1048576K
Event: 7,432 GC heap after
Heap after GC invocations=1 (full 0):
 PSYoungGen      total 56320K, used 5579K [0x0000000781e00000, 0x0000000785c80000, 0x00000007c0000000)
  eden space 48640K, 0% used [0x0000000781e00000,0x0000000781e00000,0x0000000784d80000)
  from space 7680K, 72% used [0x0000000784d80000,0x00000007852f2e98,0x0000000785500000)
  to   space 7680K, 0% used [0x0000000785500000,0x0000000785500000,0x0000000785c80000)
 ParOldGen       total 128512K, used 8K [0x0000000705a00000, 0x000000070d780000, 0x0000000781e00000)
  object space 128512K, 0% used [0x0000000705a00000,0x0000000705a02000,0x000000070d780000)
 Metaspace       used 15574K, capacity 16304K, committed 16384K, reserved 1062912K
  class space    used 2309K, capacity 2532K, committed 2560K, reserved 1048576K
}
Event: 7,451 GC heap before
{Heap before GC invocations=2 (full 0):
 PSYoungGen      total 56320K, used 47308K [0x0000000781e00000, 0x0000000785c80000, 0x00000007c0000000)
  eden space 48640K, 85% used [0x0000000781e00000,0x00000007846c02f0,0x0000000784d80000)
  from space 7680K, 72% used [0x0000000784d80000,0x00000007852f2e98,0x0000000785500000)
  to   space 7680K, 0% used [0x0000000785500000,0x0000000785500000,0x0000000785c80000)
 ParOldGen       total 128512K, used 8K [0x0000000705a00000, 0x000000070d780000, 0x0000000781e00000)
  object space 128512K, 0% used [0x0000000705a00000,0x0000000705a02000,0x000000070d780000)
 Metaspace       used 15637K, capacity 16374K, committed 16640K, reserved 1062912K
  class space    used 2318K, capacity 2535K, committed 2560K, reserved 1048576K
Event: 7,460 GC heap after
Heap after GC invocations=2 (full 0):
 PSYoungGen      total 56320K, used 5403K [0x0000000781e00000, 0x0000000788c00000, 0x00000007c0000000)
  eden space 48640K, 0% used [0x0000000781e00000,0x0000000781e00000,0x0000000784d80000)
  from space 7680K, 70% used [0x0000000785500000,0x0000000785a46e88,0x0000000785c80000)
  to   space 7680K, 0% used [0x0000000784d80000,0x0000000784d80000,0x0000000785500000)
 ParOldGen       total 128512K, used 24K [0x0000000705a00000, 0x000000070d780000, 0x0000000781e00000)
  object space 128512K, 0% used [0x0000000705a00000,0x0000000705a06000,0x000000070d780000)
 Metaspace       used 15637K, capacity 16374K, committed 16640K, reserved 1062912K
  class space    used 2318K, capacity 2535K, committed 2560K, reserved 1048576K
}
Event: 10,209 GC heap before
{Heap before GC invocations=3 (full 0):
 PSYoungGen      total 56320K, used 53272K [0x0000000781e00000, 0x0000000788c00000, 0x00000007c0000000)
  eden space 48640K, 98% used [0x0000000781e00000,0x0000000784cbf1c0,0x0000000784d80000)
  from space 7680K, 70% used [0x0000000785500000,0x0000000785a46e88,0x0000000785c80000)
  to   space 7680K, 0% used [0x0000000784d80000,0x0000000784d80000,0x0000000785500000)
 ParOldGen       total 128512K, used 24K [0x0000000705a00000, 0x000000070d780000, 0x0000000781e00000)
  object space 128512K, 0% used [0x0000000705a00000,0x0000000705a06000,0x000000070d780000)
 Metaspace       used 17188K, capacity 18056K, committed 18176K, reserved 1064960K
  class space    used 2552K, capacity 2790K, committed 2816K, reserved 1048576K
Event: 10,217 GC heap after
Heap after GC invocations=3 (full 0):
 PSYoungGen      total 56320K, used 6045K [0x0000000781e00000, 0x0000000788c00000, 0x00000007c0000000)
  eden space 48640K, 0% used [0x0000000781e00000,0x0000000781e00000,0x0000000784d80000)
  from space 7680K, 78% used [0x0000000784d80000,0x0000000785367678,0x0000000785500000)
  to   space 7680K, 0% used [0x0000000788480000,0x0000000788480000,0x0000000788c00000)
 ParOldGen       total 128512K, used 32K [0x0000000705a00000, 0x000000070d780000, 0x0000000781e00000)
  object space 128512K, 0% used [0x0000000705a00000,0x0000000705a08000,0x000000070d780000)
 Metaspace       used 17188K, capacity 18056K, committed 18176K, reserved 1064960K
  class space    used 2552K, capacity 2790K, committed 2816K, reserved 1048576K
}
Event: 10,229 GC heap before
{Heap before GC invocations=4 (full 0):
 PSYoungGen      total 56320K, used 48852K [0x0000000781e00000, 0x0000000788c00000, 0x00000007c0000000)
  eden space 48640K, 88% used [0x0000000781e00000,0x00000007847cda48,0x0000000784d80000)
  from space 7680K, 78% used [0x0000000784d80000,0x0000000785367678,0x0000000785500000)
  to   space 7680K, 0% used [0x0000000788480000,0x0000000788480000,0x0000000788c00000)
 ParOldGen       total 128512K, used 32K [0x0000000705a00000, 0x000000070d780000, 0x0000000781e00000)
  object space 128512K, 0% used [0x0000000705a00000,0x0000000705a08000,0x000000070d780000)
 Metaspace       used 17189K, capacity 18056K, committed 18176K, reserved 1064960K
  class space    used 2552K, capacity 2790K, committed 2816K, reserved 1048576K
Event: 10,245 GC heap after
Heap after GC invocations=4 (full 0):
 PSYoungGen      total 104960K, used 5789K [0x0000000781e00000, 0x0000000788c00000, 0x00000007c0000000)
  eden space 97280K, 0% used [0x0000000781e00000,0x0000000781e00000,0x0000000787d00000)
  from space 7680K, 75% used [0x0000000788480000,0x0000000788a27678,0x0000000788c00000)
  to   space 7680K, 0% used [0x0000000787d00000,0x0000000787d00000,0x0000000788480000)
 ParOldGen       total 128512K, used 40K [0x0000000705a00000, 0x000000070d780000, 0x0000000781e00000)
  object space 128512K, 0% used [0x0000000705a00000,0x0000000705a0a000,0x000000070d780000)
 Metaspace       used 17189K, capacity 18056K, committed 18176K, reserved 1064960K
  class space    used 2552K, capacity 2790K, committed 2816K, reserved 1048576K
}

Deoptimization events (10 events):
Event: 7,557 Thread 0x00007f3704413000 Uncommon trap: reason=class_check action=maybe_recompile pc=0x00007f36f53661d4 method=java.io.FilterInputStream.read()I @ 4
Event: 7,557 Thread 0x00007f3704413000 Uncommon trap: reason=class_check action=maybe_recompile pc=0x00007f36f53661d4 method=java.io.FilterInputStream.read()I @ 4
Event: 7,558 Thread 0x00007f3704413000 Uncommon trap: reason=class_check action=maybe_recompile pc=0x00007f36f53661d4 method=java.io.FilterInputStream.read()I @ 4
Event: 7,578 Thread 0x00007f3704413000 Uncommon trap: reason=unstable_if action=reinterpret pc=0x00007f36f53e11bc method=java.lang.ref.ReferenceQueue.poll()Ljava/lang/ref/Reference; @ 4
Event: 10,218 Thread 0x00007f3704413000 Uncommon trap: reason=bimorphic action=maybe_recompile pc=0x00007f36f537fe80 method=java.util.HashMap.putVal(ILjava/lang/Object;Ljava/lang/Object;ZZ)Ljava/lang/Object; @ 91
Event: 10,500 Thread 0x00007f3704413000 Uncommon trap: reason=array_check action=maybe_recompile pc=0x00007f36f55300b8 method=com.sun.javafx.css.SimpleSelector.applies(Ljavafx/css/Styleable;[Ljava/util/Set;I)Z @ 37
Event: 10,500 Thread 0x00007f3704413000 Uncommon trap: reason=array_check action=maybe_recompile pc=0x00007f36f55300b8 method=com.sun.javafx.css.SimpleSelector.applies(Ljavafx/css/Styleable;[Ljava/util/Set;I)Z @ 37
Event: 10,500 Thread 0x00007f3704413000 Uncommon trap: reason=array_check action=maybe_recompile pc=0x00007f36f55300b8 method=com.sun.javafx.css.SimpleSelector.applies(Ljavafx/css/Styleable;[Ljava/util/Set;I)Z @ 37
Event: 10,500 Thread 0x00007f3704413000 Uncommon trap: reason=array_check action=maybe_recompile pc=0x00007f36f55300b8 method=com.sun.javafx.css.SimpleSelector.applies(Ljavafx/css/Styleable;[Ljava/util/Set;I)Z @ 37
Event: 10,513 Thread 0x00007f3704413000 Uncommon trap: reason=unstable_if action=reinterpret pc=0x00007f36f54f3ee0 method=com.sun.javafx.css.BitSet.add(Ljava/lang/Object;)Z @ 91

Internal exceptions (10 events):
Event: 0,449 Thread 0x00007f370400b800 Exception <a 'java/security/PrivilegedActionException'> (0x000000078234e670) thrown at [/HUDSON3/workspace/8-2-build-linux-amd64/jdk8u121/8372/hotspot/src/share/vm/prims/jvm.cpp, line 1390]
Event: 0,449 Thread 0x00007f370400b800 Exception <a 'java/security/PrivilegedActionException'> (0x000000078234e880) thrown at [/HUDSON3/workspace/8-2-build-linux-amd64/jdk8u121/8372/hotspot/src/share/vm/prims/jvm.cpp, line 1390]
Event: 0,449 Thread 0x00007f370400b800 Exception <a 'java/lang/NullPointerException'> (0x000000078234f288) thrown at [/HUDSON3/workspace/8-2-build-linux-amd64/jdk8u121/8372/hotspot/src/share/vm/interpreter/linkResolver.cpp, line 1178]
Event: 1,062 Thread 0x00007f3704413000 Exception <a 'java/lang/NullPointerException'> (0x0000000782da9610) thrown at [/HUDSON3/workspace/8-2-build-linux-amd64/jdk8u121/8372/hotspot/src/share/vm/interpreter/linkResolver.cpp, line 1178]
Event: 1,062 Thread 0x00007f3704413000 Exception <a 'java/lang/NullPointerException'> (0x0000000782da9610) thrown at [/HUDSON3/workspace/8-2-build-linux-amd64/jdk8u121/8372/hotspot/src/share/vm/prims/jvm.cpp, line 1394]
Event: 1,601 Thread 0x00007f3704413000 Implicit null exception at 0x00007f36f5230475 to 0x00007f36f52306ad
Event: 7,398 Thread 0x00007f3704413000 Exception <a 'java/lang/NoSuchMethodError': <clinit>> (0x00000007846790d0) thrown at [/HUDSON3/workspace/8-2-build-linux-amd64/jdk8u121/8372/hotspot/src/share/vm/prims/jni.cpp, line 1613]
Event: 10,077 Thread 0x00007f3704413000 Exception <a 'java/lang/ArrayIndexOutOfBoundsException': 18> (0x0000000783a3e030) thrown at [/HUDSON3/workspace/8-2-build-linux-amd64/jdk8u121/8372/hotspot/src/share/vm/interpreter/interpreterRuntime.cpp, line 366]
Event: 10,078 Thread 0x00007f3704413000 Exception <a 'java/lang/ArrayIndexOutOfBoundsException': 55> (0x0000000783a3f7d0) thrown at [/HUDSON3/workspace/8-2-build-linux-amd64/jdk8u121/8372/hotspot/src/share/vm/interpreter/interpreterRuntime.cpp, line 366]
Event: 10,080 Thread 0x00007f3704413000 Exception <a 'java/lang/ArrayIndexOutOfBoundsException': 40> (0x0000000783a437b0) thrown at [/HUDSON3/workspace/8-2-build-linux-amd64/jdk8u121/8372/hotspot/src/share/vm/interpreter/interpreterRuntime.cpp, line 366]

Events (10 events):
Event: 10,570 loading class com/sun/javafx/scene/control/skin/TreeCellSkin$1
Event: 10,570 loading class com/sun/javafx/scene/control/skin/TreeCellSkin$1 done
Event: 10,570 loading class com/sun/javafx/scene/control/behavior/TreeCellBehavior
Event: 10,570 loading class com/sun/javafx/scene/control/behavior/TreeCellBehavior done
Event: 10,572 loading class com/sun/javafx/scene/control/skin/TreeCellSkin
Event: 10,572 loading class com/sun/javafx/scene/control/skin/TreeCellSkin done
Event: 10,573 loading class com/sun/javafx/scene/control/skin/TreeCellSkin$StyleableProperties
Event: 10,573 loading class com/sun/javafx/scene/control/skin/TreeCellSkin$StyleableProperties done
Event: 10,574 loading class com/sun/javafx/scene/control/skin/TreeCellSkin$StyleableProperties$1
Event: 10,574 loading class com/sun/javafx/scene/control/skin/TreeCellSkin$StyleableProperties$1 done


Dynamic libraries:
00400000-00401000 r-xp 00000000 08:05 18953                              /usr/lib/jvm/java-8-oracle/bin/java
00600000-00601000 rw-p 00000000 08:05 18953                              /usr/lib/jvm/java-8-oracle/bin/java
01af9000-01b1a000 rw-p 00000000 00:00 0                                  [heap]
705a00000-70d780000 rw-p 00000000 00:00 0 
70d780000-781e00000 ---p 00000000 00:00 0 
781e00000-788c00000 rw-p 00000000 00:00 0 
788c00000-7c0000000 ---p 00000000 00:00 0 
7c0000000-7c0320000 rw-p 00000000 00:00 0 
7c0320000-800000000 ---p 00000000 00:00 0 
7f3684000000-7f3684021000 rw-p 00000000 00:00 0 
7f3684021000-7f3688000000 ---p 00000000 00:00 0 
7f3688000000-7f3688021000 rw-p 00000000 00:00 0 
7f3688021000-7f368c000000 ---p 00000000 00:00 0 
7f368c000000-7f368c021000 rw-p 00000000 00:00 0 
7f368c021000-7f3690000000 ---p 00000000 00:00 0 
7f3690000000-7f36907a0000 rw-p 00000000 00:00 0 
7f36907a0000-7f3694000000 ---p 00000000 00:00 0 
7f3694000000-7f3694022000 rw-p 00000000 00:00 0 
7f3694022000-7f3698000000 ---p 00000000 00:00 0 
7f3698000000-7f3698021000 rw-p 00000000 00:00 0 
7f3698021000-7f369c000000 ---p 00000000 00:00 0 
7f369c000000-7f369c021000 rw-p 00000000 00:00 0 
7f369c021000-7f36a0000000 ---p 00000000 00:00 0 
7f36a1055000-7f36a10d5000 rw-p 00000000 00:00 0 
7f36a10d5000-7f36a1255000 ---p 00000000 00:00 0 
7f36a1255000-7f36a125b000 rw-s 00000000 00:05 1463727                    /drm mm object (deleted)
7f36a125b000-7f36a145b000 rw-p 00000000 00:00 0 
7f36a145b000-7f36a145f000 r--s 0009a000 08:05 18981                      /usr/lib/jvm/java-8-oracle/jre/lib/jsse.jar
7f36a145f000-7f36a1467000 rw-s 00000000 00:05 1464835                    /drm mm object (deleted)
7f36a1467000-7f36a146b000 rw-s 10495a000 00:06 219                       /dev/dri/card1
7f36a146b000-7f36a147b000 rw-s 00000000 00:05 1463712                    /drm mm object (deleted)
7f36a147b000-7f36a14db000 rw-s 00000000 00:05 1463710                    /drm mm object (deleted)
7f36a14db000-7f36a14e7000 rw-s 00000000 00:05 1463709                    /drm mm object (deleted)
7f36a14e9000-7f36a1669000 rw-s 1047d8000 00:06 219                       /dev/dri/card1
7f36a1669000-7f36a1679000 rw-s 1047c8000 00:06 219                       /dev/dri/card1
7f36a1679000-7f36a17f9000 rw-s 00000000 00:05 1465591                    /drm mm object (deleted)
7f36a17f9000-7f36a1809000 rw-s 00000000 00:05 1465595                    /drm mm object (deleted)
7f36a1809000-7f36a1811000 rw-s 00000000 00:05 1465594                    /drm mm object (deleted)
7f36a1811000-7f36a1821000 rw-s 00000000 00:05 1465593                    /drm mm object (deleted)
7f36a1821000-7f36a182d000 rw-s 00000000 00:05 1464831                    /drm mm object (deleted)
7f36a182d000-7f36a1a2d000 rw-p 00000000 00:00 0 
7f36a1a2d000-7f36a1ae6000 r--p 00000000 08:05 656589                     /usr/share/fonts/truetype/dejavu/DejaVuSans.ttf
7f36a1ae6000-7f36a1ae9000 ---p 00000000 00:00 0 
7f36a1ae9000-7f36a1be7000 rw-p 00000000 00:00 0 
7f36a1be7000-7f36a1bec000 r--s 00084000 08:05 19136                      /usr/lib/jvm/java-8-oracle/jre/lib/jfr.jar
7f36a1bec000-7f36a1dec000 rw-p 00000000 00:00 0 
7f36a1dec000-7f36a1fec000 rw-p 00000000 00:00 0 
7f36a1fec000-7f36a2022000 r-xp 00000000 08:05 19059                      /usr/lib/jvm/java-8-oracle/jre/lib/amd64/libjavafx_iio.so
7f36a2022000-7f36a2221000 ---p 00036000 08:05 19059                      /usr/lib/jvm/java-8-oracle/jre/lib/amd64/libjavafx_iio.so
7f36a2221000-7f36a2222000 rw-p 00035000 08:05 19059                      /usr/lib/jvm/java-8-oracle/jre/lib/amd64/libjavafx_iio.so
7f36a2222000-7f36a2248000 r--p 00000000 08:05 656640                     /usr/share/fonts/truetype/liberation/LiberationSerif-Regular.ttf
7f36a2248000-7f36a225b000 r--p 00000000 08:05 19126                      /usr/lib/jvm/java-8-oracle/jre/lib/fonts/LucidaBrightDemiBold.ttf
7f36a225b000-7f36a22b0000 r--p 00000000 08:05 19128                      /usr/lib/jvm/java-8-oracle/jre/lib/fonts/LucidaBrightRegular.ttf
7f36a22b0000-7f36a22ea000 r--p 00000000 08:05 19127                      /usr/lib/jvm/java-8-oracle/jre/lib/fonts/LucidaTypewriterBold.ttf
7f36a22ea000-7f36a2326000 r--p 00000000 08:05 19131                      /usr/lib/jvm/java-8-oracle/jre/lib/fonts/LucidaTypewriterRegular.ttf
7f36a2326000-7f36a2374000 r--p 00000000 08:05 19132                      /usr/lib/jvm/java-8-oracle/jre/lib/fonts/LucidaSansDemiBold.ttf
7f36a2374000-7f36a2388000 r--p 00000000 08:05 19129                      /usr/lib/jvm/java-8-oracle/jre/lib/fonts/LucidaBrightItalic.ttf
7f36a2388000-7f36a2433000 r--p 00000000 08:05 19125                      /usr/lib/jvm/java-8-oracle/jre/lib/fonts/LucidaSansRegular.ttf
7f36a2433000-7f36a2446000 r--p 00000000 08:05 19133                      /usr/lib/jvm/java-8-oracle/jre/lib/fonts/LucidaBrightDemiItalic.ttf
7f36a2446000-7f36a244a000 r-xp 00000000 08:05 19074                      /usr/lib/jvm/java-8-oracle/jre/lib/amd64/libjavafx_font_pango.so
7f36a244a000-7f36a2649000 ---p 00004000 08:05 19074                      /usr/lib/jvm/java-8-oracle/jre/lib/amd64/libjavafx_font_pango.so
7f36a2649000-7f36a264a000 rw-p 00003000 08:05 19074                      /usr/lib/jvm/java-8-oracle/jre/lib/amd64/libjavafx_font_pango.so
7f36a264a000-7f36a2655000 r--s 00000000 08:05 1310042                    /var/cache/fontconfig/945677eb7aeaf62f1d50efc3fb3ec7d8-le64.cache-6
7f36a2655000-7f36a265b000 r--s 00000000 08:05 1320010                    /var/cache/fontconfig/2cd17615ca594fa2959ae173292e504c-le64.cache-6
7f36a265b000-7f36a265c000 r--s 00000000 08:05 1320009                    /var/cache/fontconfig/0d8c3b2ac0904cb8a57a757ad11a4a08-le64.cache-6
7f36a265c000-7f36a2671000 r--s 00000000 08:05 1320006                    /var/cache/fontconfig/04aabc0a78ac019cf9454389977116d2-le64.cache-6
7f36a2671000-7f36a2675000 r--s 00000000 08:05 1320004                    /var/cache/fontconfig/385c0604a188198f04d133e54aba7fe7-le64.cache-6
7f36a2675000-7f36a2678000 r--s 00000000 08:05 1320002                    /var/cache/fontconfig/767a8244fc0220cfb567a839d0392e0b-le64.cache-6
7f36a2678000-7f36a267d000 r--s 00000000 08:05 1319996                    /var/cache/fontconfig/8801497958630a81b71ace7c5f9b32a8-le64.cache-6
7f36a267d000-7f36a2684000 r--s 00000000 08:05 1319994                    /var/cache/fontconfig/3047814df9a2f067bd2d96a2b9c36e5a-le64.cache-6
7f36a2684000-7f36a2689000 r-xp 00000000 08:05 19070                      /usr/lib/jvm/java-8-oracle/jre/lib/amd64/libjavafx_font_freetype.so
7f36a2689000-7f36a2888000 ---p 00005000 08:05 19070                      /usr/lib/jvm/java-8-oracle/jre/lib/amd64/libjavafx_font_freetype.so
7f36a2888000-7f36a2889000 rw-p 00004000 08:05 19070                      /usr/lib/jvm/java-8-oracle/jre/lib/amd64/libjavafx_font_freetype.so
7f36a2889000-7f36a288c000 r-xp 00000000 08:05 19032                      /usr/lib/jvm/java-8-oracle/jre/lib/amd64/libjavafx_font.so
7f36a288c000-7f36a2a8b000 ---p 00003000 08:05 19032                      /usr/lib/jvm/java-8-oracle/jre/lib/amd64/libjavafx_font.so
7f36a2a8b000-7f36a2a8c000 rw-p 00002000 08:05 19032                      /usr/lib/jvm/java-8-oracle/jre/lib/amd64/libjavafx_font.so
7f36a2a8c000-7f36a2a8f000 ---p 00000000 00:00 0 
7f36a2a8f000-7f36a2b8d000 rw-p 00000000 00:00 0 
7f36a2b8d000-7f36a2b90000 ---p 00000000 00:00 0 
7f36a2b90000-7f36a2c8e000 rw-p 00000000 00:00 0 
7f36a2c8e000-7f36a2c91000 ---p 00000000 00:00 0 
7f36a2c91000-7f36a2d8f000 rw-p 00000000 00:00 0 
7f36a2d8f000-7f36a2d90000 ---p 00000000 00:00 0 
7f36a2d90000-7f36a3590000 rw-p 00000000 00:00 0 
7f36a3590000-7f36a3591000 ---p 00000000 00:00 0 
7f36a3591000-7f36a3d91000 rw-p 00000000 00:00 0 
7f36a3d91000-7f36a3d92000 ---p 00000000 00:00 0 
7f36a3d92000-7f36a4592000 rw-p 00000000 00:00 0 
7f36a4592000-7f36a459d000 r-xp 00000000 08:05 1477                       /usr/lib/x86_64-linux-gnu/gio/modules/libdconfsettings.so
7f36a459d000-7f36a479d000 ---p 0000b000 08:05 1477                       /usr/lib/x86_64-linux-gnu/gio/modules/libdconfsettings.so
7f36a479d000-7f36a479e000 r--p 0000b000 08:05 1477                       /usr/lib/x86_64-linux-gnu/gio/modules/libdconfsettings.so
7f36a479e000-7f36a479f000 rw-p 0000c000 08:05 1477                       /usr/lib/x86_64-linux-gnu/gio/modules/libdconfsettings.so
7f36a479f000-7f36a47a6000 r-xp 00000000 08:05 1712205                    /usr/lib/x86_64-linux-gnu/libogg.so.0.8.2
7f36a47a6000-7f36a49a6000 ---p 00007000 08:05 1712205                    /usr/lib/x86_64-linux-gnu/libogg.so.0.8.2
7f36a49a6000-7f36a49a7000 r--p 00007000 08:05 1712205                    /usr/lib/x86_64-linux-gnu/libogg.so.0.8.2
7f36a49a7000-7f36a49a8000 rw-p 00008000 08:05 1712205                    /usr/lib/x86_64-linux-gnu/libogg.so.0.8.2
7f36a49a8000-7f36a49d2000 r-xp 00000000 08:05 1712553                    /usr/lib/x86_64-linux-gnu/libvorbis.so.0.4.8
7f36a49d2000-7f36a4bd2000 ---p 0002a000 08:05 1712553                    /usr/lib/x86_64-linux-gnu/libvorbis.so.0.4.8
7f36a4bd2000-7f36a4bd3000 r--p 0002a000 08:05 1712553                    /usr/lib/x86_64-linux-gnu/libvorbis.so.0.4.8
7f36a4bd3000-7f36a4bd4000 rw-p 0002b000 08:05 1712553                    /usr/lib/x86_64-linux-gnu/libvorbis.so.0.4.8
7f36a4bd4000-7f36a4bdd000 r-xp 00000000 08:05 1712072                    /usr/lib/x86_64-linux-gnu/libltdl.so.7.3.1
7f36a4bdd000-7f36a4ddc000 ---p 00009000 08:05 1712072                    /usr/lib/x86_64-linux-gnu/libltdl.so.7.3.1
7f36a4ddc000-7f36a4ddd000 r--p 00008000 08:05 1712072                    /usr/lib/x86_64-linux-gnu/libltdl.so.7.3.1
7f36a4ddd000-7f36a4dde000 rw-p 00009000 08:05 1712072                    /usr/lib/x86_64-linux-gnu/libltdl.so.7.3.1
7f36a4dde000-7f36a4df2000 r-xp 00000000 08:05 1712446                    /usr/lib/x86_64-linux-gnu/libtdb.so.1.3.8
7f36a4df2000-7f36a4ff1000 ---p 00014000 08:05 1712446                    /usr/lib/x86_64-linux-gnu/libtdb.so.1.3.8
7f36a4ff1000-7f36a4ff2000 r--p 00013000 08:05 1712446                    /usr/lib/x86_64-linux-gnu/libtdb.so.1.3.8
7f36a4ff2000-7f36a4ff3000 rw-p 00014000 08:05 1712446                    /usr/lib/x86_64-linux-gnu/libtdb.so.1.3.8
7f36a4ff3000-7f36a4ffa000 r-xp 00000000 08:05 1712557                    /usr/lib/x86_64-linux-gnu/libvorbisfile.so.3.3.7
7f36a4ffa000-7f36a51fa000 ---p 00007000 08:05 1712557                    /usr/lib/x86_64-linux-gnu/libvorbisfile.so.3.3.7
7f36a51fa000-7f36a51fb000 r--p 00007000 08:05 1712557                    /usr/lib/x86_64-linux-gnu/libvorbisfile.so.3.3.7
7f36a51fb000-7f36a51fc000 rw-p 00008000 08:05 1712557                    /usr/lib/x86_64-linux-gnu/libvorbisfile.so.3.3.7
7f36a51fc000-7f36a520c000 r-xp 00000000 08:05 1711469                    /usr/lib/x86_64-linux-gnu/libcanberra.so.0.2.5
7f36a520c000-7f36a540b000 ---p 00010000 08:05 1711469                    /usr/lib/x86_64-linux-gnu/libcanberra.so.0.2.5
7f36a540b000-7f36a540c000 r--p 0000f000 08:05 1711469                    /usr/lib/x86_64-linux-gnu/libcanberra.so.0.2.5
7f36a540c000-7f36a540d000 rw-p 00010000 08:05 1711469                    /usr/lib/x86_64-linux-gnu/libcanberra.so.0.2.5
7f36a540d000-7f36a5411000 r-xp 00000000 08:05 1711465                    /usr/lib/x86_64-linux-gnu/libcanberra-gtk.so.0.1.9
7f36a5411000-7f36a5610000 ---p 00004000 08:05 1711465                    /usr/lib/x86_64-linux-gnu/libcanberra-gtk.so.0.1.9
7f36a5610000-7f36a5611000 r--p 00003000 08:05 1711465                    /usr/lib/x86_64-linux-gnu/libcanberra-gtk.so.0.1.9
7f36a5611000-7f36a5612000 rw-p 00004000 08:05 1711465                    /usr/lib/x86_64-linux-gnu/libcanberra-gtk.so.0.1.9
7f36a5612000-7f36a5617000 r-xp 00000000 08:05 1692                       /usr/lib/x86_64-linux-gnu/gtk-2.0/modules/libcanberra-gtk-module.so
7f36a5617000-7f36a5816000 ---p 00005000 08:05 1692                       /usr/lib/x86_64-linux-gnu/gtk-2.0/modules/libcanberra-gtk-module.so
7f36a5816000-7f36a5817000 r--p 00004000 08:05 1692                       /usr/lib/x86_64-linux-gnu/gtk-2.0/modules/libcanberra-gtk-module.so
7f36a5817000-7f36a5818000 rw-p 00005000 08:05 1692                       /usr/lib/x86_64-linux-gnu/gtk-2.0/modules/libcanberra-gtk-module.so
7f36a5818000-7f36a5822000 r-xp 00000000 08:05 12238                      /usr/lib/x86_64-linux-gnu/gtk-2.0/2.10.0/engines/libpixmap.so
7f36a5822000-7f36a5a21000 ---p 0000a000 08:05 12238                      /usr/lib/x86_64-linux-gnu/gtk-2.0/2.10.0/engines/libpixmap.so
7f36a5a21000-7f36a5a22000 r--p 00009000 08:05 12238                      /usr/lib/x86_64-linux-gnu/gtk-2.0/2.10.0/engines/libpixmap.so
7f36a5a22000-7f36a5a23000 rw-p 0000a000 08:05 12238                      /usr/lib/x86_64-linux-gnu/gtk-2.0/2.10.0/engines/libpixmap.so
7f36a5a23000-7f36a5a53000 r-xp 00000000 08:05 1577                       /usr/lib/x86_64-linux-gnu/gtk-2.0/2.10.0/engines/libmurrine.so
7f36a5a53000-7f36a5c53000 ---p 00030000 08:05 1577                       /usr/lib/x86_64-linux-gnu/gtk-2.0/2.10.0/engines/libmurrine.so
7f36a5c53000-7f36a5c54000 r--p 00030000 08:05 1577                       /usr/lib/x86_64-linux-gnu/gtk-2.0/2.10.0/engines/libmurrine.so
7f36a5c54000-7f36a5c55000 rw-p 00031000 08:05 1577                       /usr/lib/x86_64-linux-gnu/gtk-2.0/2.10.0/engines/libmurrine.so
7f36a5c55000-7f36a5c65000 r-xp 00000000 08:05 1712502                    /usr/lib/x86_64-linux-gnu/libunity-gtk2-parser.so.0.0.0
7f36a5c65000-7f36a5e65000 ---p 00010000 08:05 1712502                    /usr/lib/x86_64-linux-gnu/libunity-gtk2-parser.so.0.0.0
7f36a5e65000-7f36a5e66000 r--p 00010000 08:05 1712502                    /usr/lib/x86_64-linux-gnu/libunity-gtk2-parser.so.0.0.0
7f36a5e66000-7f36a5e67000 rw-p 00011000 08:05 1712502                    /usr/lib/x86_64-linux-gnu/libunity-gtk2-parser.so.0.0.0
7f36a5e67000-7f36a5e6c000 r-xp 00000000 08:05 1696                       /usr/lib/x86_64-linux-gnu/gtk-2.0/modules/libunity-gtk-module.so
7f36a5e6c000-7f36a606b000 ---p 00005000 08:05 1696                       /usr/lib/x86_64-linux-gnu/gtk-2.0/modules/libunity-gtk-module.so
7f36a606b000-7f36a606c000 r--p 00004000 08:05 1696                       /usr/lib/x86_64-linux-gnu/gtk-2.0/modules/libunity-gtk-module.so
7f36a606c000-7f36a606d000 rw-p 00005000 08:05 1696                       /usr/lib/x86_64-linux-gnu/gtk-2.0/modules/libunity-gtk-module.so
7f36a606d000-7f36a608e000 r-xp 00000000 08:05 135779                     /lib/x86_64-linux-gnu/liblzma.so.5.0.0
7f36a608e000-7f36a628d000 ---p 00021000 08:05 135779                     /lib/x86_64-linux-gnu/liblzma.so.5.0.0
7f36a628d000-7f36a628e000 r--p 00020000 08:05 135779                     /lib/x86_64-linux-gnu/liblzma.so.5.0.0
7f36a628e000-7f36a628f000 rw-p 00021000 08:05 135779                     /lib/x86_64-linux-gnu/liblzma.so.5.0.0
7f36a628f000-7f36a62d9000 r-xp 00000000 08:05 135669                     /lib/x86_64-linux-gnu/libdbus-1.so.3.14.6
7f36a62d9000-7f36a64d9000 ---p 0004a000 08:05 135669                     /lib/x86_64-linux-gnu/libdbus-1.so.3.14.6
7f36a64d9000-7f36a64da000 r--p 0004a000 08:05 135669                     /lib/x86_64-linux-gnu/libdbus-1.so.3.14.6
7f36a64da000-7f36a64db000 rw-p 0004b000 08:05 135669                     /lib/x86_64-linux-gnu/libdbus-1.so.3.14.6
7f36a64db000-7f36a6507000 r-xp 00000000 08:05 1711410                    /usr/lib/x86_64-linux-gnu/libatspi.so.0.0.1
7f36a6507000-7f36a6706000 ---p 0002c000 08:05 1711410                    /usr/lib/x86_64-linux-gnu/libatspi.so.0.0.1
7f36a6706000-7f36a6709000 r--p 0002b000 08:05 1711410                    /usr/lib/x86_64-linux-gnu/libatspi.so.0.0.1
7f36a6709000-7f36a670a000 rw-p 0002e000 08:05 1711410                    /usr/lib/x86_64-linux-gnu/libatspi.so.0.0.1
7f36a670a000-7f36a6737000 r-xp 00000000 08:05 1711404                    /usr/lib/x86_64-linux-gnu/libatk-bridge-2.0.so.0.0.0
7f36a6737000-7f36a6936000 ---p 0002d000 08:05 1711404                    /usr/lib/x86_64-linux-gnu/libatk-bridge-2.0.so.0.0.0
7f36a6936000-7f36a6937000 r--p 0002c000 08:05 1711404                    /usr/lib/x86_64-linux-gnu/libatk-bridge-2.0.so.0.0.0
7f36a6937000-7f36a6939000 rw-p 0002d000 08:05 1711404                    /usr/lib/x86_64-linux-gnu/libatk-bridge-2.0.so.0.0.0
7f36a6939000-7f36a693a000 r-xp 00000000 08:05 1691                       /usr/lib/x86_64-linux-gnu/gtk-2.0/modules/libatk-bridge.so
7f36a693a000-7f36a6b39000 ---p 00001000 08:05 1691                       /usr/lib/x86_64-linux-gnu/gtk-2.0/modules/libatk-bridge.so
7f36a6b39000-7f36a6b3a000 r--p 00000000 08:05 1691                       /usr/lib/x86_64-linux-gnu/gtk-2.0/modules/libatk-bridge.so
7f36a6b3a000-7f36a6b3b000 rw-p 00001000 08:05 1691                       /usr/lib/x86_64-linux-gnu/gtk-2.0/modules/libatk-bridge.so
7f36a6b3b000-7f36a6b42000 r-xp 00000000 08:05 1711740                    /usr/lib/x86_64-linux-gnu/libgailutil.so.18.0.1
7f36a6b42000-7f36a6d41000 ---p 00007000 08:05 1711740                    /usr/lib/x86_64-linux-gnu/libgailutil.so.18.0.1
7f36a6d41000-7f36a6d42000 r--p 00006000 08:05 1711740                    /usr/lib/x86_64-linux-gnu/libgailutil.so.18.0.1
7f36a6d42000-7f36a6d43000 rw-p 00007000 08:05 1711740                    /usr/lib/x86_64-linux-gnu/libgailutil.so.18.0.1
7f36a6d43000-7f36a6d91000 r-xp 00000000 08:05 1694                       /usr/lib/x86_64-linux-gnu/gtk-2.0/modules/libgail.so
7f36a6d91000-7f36a6f90000 ---p 0004e000 08:05 1694                       /usr/lib/x86_64-linux-gnu/gtk-2.0/modules/libgail.so
7f36a6f90000-7f36a6f91000 r--p 0004d000 08:05 1694                       /usr/lib/x86_64-linux-gnu/gtk-2.0/modules/libgail.so
7f36a6f91000-7f36a6f93000 rw-p 0004e000 08:05 1694                       /usr/lib/x86_64-linux-gnu/gtk-2.0/modules/libgail.so
7f36a6f93000-7f36a6fbc000 r-xp 00000000 08:05 19082                      /usr/lib/jvm/java-8-oracle/jre/lib/amd64/libglass.so
7f36a6fbc000-7f36a71bb000 ---p 00029000 08:05 19082                      /usr/lib/jvm/java-8-oracle/jre/lib/amd64/libglass.so
7f36a71bb000-7f36a71be000 rw-p 00028000 08:05 19082                      /usr/lib/jvm/java-8-oracle/jre/lib/amd64/libglass.so
7f36a71be000-7f36a71f5000 r-xp 00000000 08:05 1712483                    /usr/lib/x86_64-linux-gnu/libtxc_dxtn_s2tc.so.0.0.0
7f36a71f5000-7f36a73f4000 ---p 00037000 08:05 1712483                    /usr/lib/x86_64-linux-gnu/libtxc_dxtn_s2tc.so.0.0.0
7f36a73f4000-7f36a73f5000 r--p 00036000 08:05 1712483                    /usr/lib/x86_64-linux-gnu/libtxc_dxtn_s2tc.so.0.0.0
7f36a73f5000-7f36a73f6000 rw-p 00037000 08:05 1712483                    /usr/lib/x86_64-linux-gnu/libtxc_dxtn_s2tc.so.0.0.0
7f36a73f6000-7f36a73fe000 r-xp 00000000 08:05 1712245                    /usr/lib/x86_64-linux-gnu/libpciaccess.so.0.11.1
7f36a73fe000-7f36a75fe000 ---p 00008000 08:05 1712245                    /usr/lib/x86_64-linux-gnu/libpciaccess.so.0.11.1
7f36a75fe000-7f36a75ff000 r--p 00008000 08:05 1712245                    /usr/lib/x86_64-linux-gnu/libpciaccess.so.0.11.1
7f36a75ff000-7f36a7600000 rw-p 00009000 08:05 1712245                    /usr/lib/x86_64-linux-gnu/libpciaccess.so.0.11.1
7f36a7600000-7f36a7612000 r-xp 00000000 08:05 135756                     /lib/x86_64-linux-gnu/libgpg-error.so.0.17.0
7f36a7612000-7f36a7812000 ---p 00012000 08:05 135756                     /lib/x86_64-linux-gnu/libgpg-error.so.0.17.0
7f36a7812000-7f36a7813000 r--p 00012000 08:05 135756                     /lib/x86_64-linux-gnu/libgpg-error.so.0.17.0
7f36a7813000-7f36a7814000 rw-p 00013000 08:05 135756                     /lib/x86_64-linux-gnu/libgpg-error.so.0.17.0
7f36a7814000-7f36a781f000 r-xp 00000000 08:05 1701823                    /usr/lib/x86_64-linux-gnu/libdrm_radeon.so.1.0.1
7f36a781f000-7f36a7a1e000 ---p 0000b000 08:05 1701823                    /usr/lib/x86_64-linux-gnu/libdrm_radeon.so.1.0.1
7f36a7a1e000-7f36a7a1f000 r--p 0000a000 08:05 1701823                    /usr/lib/x86_64-linux-gnu/libdrm_radeon.so.1.0.1
7f36a7a1f000-7f36a7a20000 rw-p 0000b000 08:05 1701823                    /usr/lib/x86_64-linux-gnu/libdrm_radeon.so.1.0.1
7f36a7a20000-7f36a7a27000 r-xp 00000000 08:05 1701821                    /usr/lib/x86_64-linux-gnu/libdrm_nouveau.so.2.0.0
7f36a7a27000-7f36a7c26000 ---p 00007000 08:05 1701821                    /usr/lib/x86_64-linux-gnu/libdrm_nouveau.so.2.0.0
7f36a7c26000-7f36a7c27000 r--p 00006000 08:05 1701821                    /usr/lib/x86_64-linux-gnu/libdrm_nouveau.so.2.0.0
7f36a7c27000-7f36a7c28000 rw-p 00007000 08:05 1701821                    /usr/lib/x86_64-linux-gnu/libdrm_nouveau.so.2.0.0
7f36a7c28000-7f36a7c48000 r-xp 00000000 08:05 1701428                    /usr/lib/x86_64-linux-gnu/libdrm_intel.so.1.0.0
7f36a7c48000-7f36a7e47000 ---p 00020000 08:05 1701428                    /usr/lib/x86_64-linux-gnu/libdrm_intel.so.1.0.0
7f36a7e47000-7f36a7e48000 r--p 0001f000 08:05 1701428                    /usr/lib/x86_64-linux-gnu/libdrm_intel.so.1.0.0
7f36a7e48000-7f36a7e49000 rw-p 00020000 08:05 1701428                    /usr/lib/x86_64-linux-gnu/libdrm_intel.so.1.0.0
7f36a7e49000-7f36a7f21000 r-xp 00000000 08:05 135639                     /lib/x86_64-linux-gnu/libgcrypt.so.20.0.5
7f36a7f21000-7f36a8120000 ---p 000d8000 08:05 135639                     /lib/x86_64-linux-gnu/libgcrypt.so.20.0.5
7f36a8120000-7f36a8121000 r--p 000d7000 08:05 135639                     /lib/x86_64-linux-gnu/libgcrypt.so.20.0.5
7f36a8121000-7f36a8129000 rw-p 000d8000 08:05 135639                     /lib/x86_64-linux-gnu/libgcrypt.so.20.0.5
7f36a8129000-7f36a812a000 rw-p 00000000 00:00 0 
7f36a812a000-7f36a878a000 r-xp 00000000 08:05 1163                       /usr/lib/x86_64-linux-gnu/dri/i965_dri.so
7f36a878a000-7f36a898a000 ---p 00660000 08:05 1163                       /usr/lib/x86_64-linux-gnu/dri/i965_dri.so
7f36a898a000-7f36a89c9000 r--p 00660000 08:05 1163                       /usr/lib/x86_64-linux-gnu/dri/i965_dri.so
7f36a89c9000-7f36a89d1000 rw-p 0069f000 08:05 1163                       /usr/lib/x86_64-linux-gnu/dri/i965_dri.so
7f36a89d1000-7f36a89d9000 rw-p 00000000 00:00 0 
7f36a89d9000-7f36a89df000 r-xp 00000000 08:05 1711552                    /usr/lib/x86_64-linux-gnu/libdatrie.so.1.3.3
7f36a89df000-7f36a8bdf000 ---p 00006000 08:05 1711552                    /usr/lib/x86_64-linux-gnu/libdatrie.so.1.3.3
7f36a8bdf000-7f36a8be0000 r--p 00006000 08:05 1711552                    /usr/lib/x86_64-linux-gnu/libdatrie.so.1.3.3
7f36a8be0000-7f36a8be1000 rw-p 00007000 08:05 1711552                    /usr/lib/x86_64-linux-gnu/libdatrie.so.1.3.3
7f36a8be1000-7f36a8be6000 r-xp 00000000 08:05 1711309                    /usr/lib/x86_64-linux-gnu/libXdmcp.so.6.0.0
7f36a8be6000-7f36a8de5000 ---p 00005000 08:05 1711309                    /usr/lib/x86_64-linux-gnu/libXdmcp.so.6.0.0
7f36a8de5000-7f36a8de6000 r--p 00004000 08:05 1711309                    /usr/lib/x86_64-linux-gnu/libXdmcp.so.6.0.0
7f36a8de6000-7f36a8de7000 rw-p 00005000 08:05 1711309                    /usr/lib/x86_64-linux-gnu/libXdmcp.so.6.0.0
7f36a8de7000-7f36a8de9000 r-xp 00000000 08:05 1711298                    /usr/lib/x86_64-linux-gnu/libXau.so.6.0.0
7f36a8de9000-7f36a8fe9000 ---p 00002000 08:05 1711298                    /usr/lib/x86_64-linux-gnu/libXau.so.6.0.0
7f36a8fe9000-7f36a8fea000 r--p 00002000 08:05 1711298                    /usr/lib/x86_64-linux-gnu/libXau.so.6.0.0
7f36a8fea000-7f36a8feb000 rw-p 00003000 08:05 1711298                    /usr/lib/x86_64-linux-gnu/libXau.so.6.0.0
7f36a8feb000-7f36a900e000 r-xp 00000000 08:05 1711856                    /usr/lib/x86_64-linux-gnu/libgraphite2.so.3.0.1
7f36a900e000-7f36a920d000 ---p 00023000 08:05 1711856                    /usr/lib/x86_64-linux-gnu/libgraphite2.so.3.0.1
7f36a920d000-7f36a920f000 r--p 00022000 08:05 1711856                    /usr/lib/x86_64-linux-gnu/libgraphite2.so.3.0.1
7f36a920f000-7f36a9210000 rw-p 00024000 08:05 1711856                    /usr/lib/x86_64-linux-gnu/libgraphite2.so.3.0.1
7f36a9210000-7f36a921e000 r-xp 00000000 08:05 1701042                    /usr/lib/x86_64-linux-gnu/libdrm.so.2.4.0
7f36a921e000-7f36a941d000 ---p 0000e000 08:05 1701042                    /usr/lib/x86_64-linux-gnu/libdrm.so.2.4.0
7f36a941d000-7f36a941e000 r--p 0000d000 08:05 1701042                    /usr/lib/x86_64-linux-gnu/libdrm.so.2.4.0
7f36a941e000-7f36a941f000 rw-p 0000e000 08:05 1701042                    /usr/lib/x86_64-linux-gnu/libdrm.so.2.4.0
7f36a941f000-7f36a9423000 r-xp 00000000 08:05 1712644                    /usr/lib/x86_64-linux-gnu/libxcb-dri2.so.0.0.0
7f36a9423000-7f36a9622000 ---p 00004000 08:05 1712644                    /usr/lib/x86_64-linux-gnu/libxcb-dri2.so.0.0.0
7f36a9622000-7f36a9623000 r--p 00003000 08:05 1712644                    /usr/lib/x86_64-linux-gnu/libxcb-dri2.so.0.0.0
7f36a9623000-7f36a9624000 rw-p 00004000 08:05 1712644                    /usr/lib/x86_64-linux-gnu/libxcb-dri2.so.0.0.0
7f36a9624000-7f36a963b000 r-xp 00000000 08:05 1712648                    /usr/lib/x86_64-linux-gnu/libxcb-glx.so.0.0.0
7f36a963b000-7f36a983a000 ---p 00017000 08:05 1712648                    /usr/lib/x86_64-linux-gnu/libxcb-glx.so.0.0.0
7f36a983a000-7f36a983c000 r--p 00016000 08:05 1712648                    /usr/lib/x86_64-linux-gnu/libxcb-glx.so.0.0.0
7f36a983c000-7f36a983d000 rw-p 00018000 08:05 1712648                    /usr/lib/x86_64-linux-gnu/libxcb-glx.so.0.0.0
7f36a983d000-7f36a983e000 r-xp 00000000 08:05 1711292                    /usr/lib/x86_64-linux-gnu/libX11-xcb.so.1.0.0
7f36a983e000-7f36a9a3d000 ---p 00001000 08:05 1711292                    /usr/lib/x86_64-linux-gnu/libX11-xcb.so.1.0.0
7f36a9a3d000-7f36a9a3e000 r--p 00000000 08:05 1711292                    /usr/lib/x86_64-linux-gnu/libX11-xcb.so.1.0.0
7f36a9a3e000-7f36a9a3f000 rw-p 00001000 08:05 1711292                    /usr/lib/x86_64-linux-gnu/libX11-xcb.so.1.0.0
7f36a9a3f000-7f36a9a68000 r-xp 00000000 08:05 1701966                    /usr/lib/x86_64-linux-gnu/libglapi.so.0.0.0
7f36a9a68000-7f36a9c68000 ---p 00029000 08:05 1701966                    /usr/lib/x86_64-linux-gnu/libglapi.so.0.0.0
7f36a9c68000-7f36a9c6c000 r--p 00029000 08:05 1701966                    /usr/lib/x86_64-linux-gnu/libglapi.so.0.0.0
7f36a9c6c000-7f36a9c6d000 rw-p 0002d000 08:05 1701966                    /usr/lib/x86_64-linux-gnu/libglapi.so.0.0.0
7f36a9c6d000-7f36a9c6e000 rw-p 00000000 00:00 0 
7f36a9c6e000-7f36a9c6f000 r-xp 00000000 08:05 1712688                    /usr/lib/x86_64-linux-gnu/libxshmfence.so.1.0.0
7f36a9c6f000-7f36a9e6f000 ---p 00001000 08:05 1712688                    /usr/lib/x86_64-linux-gnu/libxshmfence.so.1.0.0
7f36a9e6f000-7f36a9e70000 r--p 00001000 08:05 1712688                    /usr/lib/x86_64-linux-gnu/libxshmfence.so.1.0.0
7f36a9e70000-7f36a9e71000 rw-p 00002000 08:05 1712688                    /usr/lib/x86_64-linux-gnu/libxshmfence.so.1.0.0
7f36a9e71000-7f36a9e76000 r-xp 00000000 08:05 1712668                    /usr/lib/x86_64-linux-gnu/libxcb-sync.so.1.0.0
7f36a9e76000-7f36aa076000 ---p 00005000 08:05 1712668                    /usr/lib/x86_64-linux-gnu/libxcb-sync.so.1.0.0
7f36aa076000-7f36aa077000 r--p 00005000 08:05 1712668                    /usr/lib/x86_64-linux-gnu/libxcb-sync.so.1.0.0
7f36aa077000-7f36aa078000 rw-p 00006000 08:05 1712668                    /usr/lib/x86_64-linux-gnu/libxcb-sync.so.1.0.0
7f36aa078000-7f36aa07a000 r-xp 00000000 08:05 1712656                    /usr/lib/x86_64-linux-gnu/libxcb-present.so.0.0.0
7f36aa07a000-7f36aa279000 ---p 00002000 08:05 1712656                    /usr/lib/x86_64-linux-gnu/libxcb-present.so.0.0.0
7f36aa279000-7f36aa27a000 r--p 00001000 08:05 1712656                    /usr/lib/x86_64-linux-gnu/libxcb-present.so.0.0.0
7f36aa27a000-7f36aa27b000 rw-p 00002000 08:05 1712656                    /usr/lib/x86_64-linux-gnu/libxcb-present.so.0.0.0
7f36aa27b000-7f36aa27d000 r-xp 00000000 08:05 1712646                    /usr/lib/x86_64-linux-gnu/libxcb-dri3.so.0.0.0
7f36aa27d000-7f36aa47c000 ---p 00002000 08:05 1712646                    /usr/lib/x86_64-linux-gnu/libxcb-dri3.so.0.0.0
7f36aa47c000-7f36aa47d000 r--p 00001000 08:05 1712646                    /usr/lib/x86_64-linux-gnu/libxcb-dri3.so.0.0.0
7f36aa47d000-7f36aa47e000 rw-p 00002000 08:05 1712646                    /usr/lib/x86_64-linux-gnu/libxcb-dri3.so.0.0.0
7f36aa47e000-7f36aa4ec000 r-xp 00000000 08:05 135841                     /lib/x86_64-linux-gnu/libpcre.so.3.13.2
7f36aa4ec000-7f36aa6ec000 ---p 0006e000 08:05 135841                     /lib/x86_64-linux-gnu/libpcre.so.3.13.2
7f36aa6ec000-7f36aa6ed000 r--p 0006e000 08:05 135841                     /lib/x86_64-linux-gnu/libpcre.so.3.13.2
7f36aa6ed000-7f36aa6ee000 rw-p 0006f000 08:05 135841                     /lib/x86_64-linux-gnu/libpcre.so.3.13.2
7f36aa6ee000-7f36aa6f5000 r-xp 00000000 08:05 1711681                    /usr/lib/x86_64-linux-gnu/libffi.so.6.0.4
7f36aa6f5000-7f36aa8f4000 ---p 00007000 08:05 1711681                    /usr/lib/x86_64-linux-gnu/libffi.so.6.0.4
7f36aa8f4000-7f36aa8f5000 r--p 00006000 08:05 1711681                    /usr/lib/x86_64-linux-gnu/libffi.so.6.0.4
7f36aa8f5000-7f36aa8f6000 rw-p 00007000 08:05 1711681                    /usr/lib/x86_64-linux-gnu/libffi.so.6.0.4
7f36aa8f6000-7f36aa91c000 r-xp 00000000 08:05 135743                     /lib/x86_64-linux-gnu/libexpat.so.1.6.0
7f36aa91c000-7f36aab1c000 ---p 00026000 08:05 135743                     /lib/x86_64-linux-gnu/libexpat.so.1.6.0
7f36aab1c000-7f36aab1e000 r--p 00026000 08:05 135743                     /lib/x86_64-linux-gnu/libexpat.so.1.6.0
7f36aab1e000-7f36aab1f000 rw-p 00028000 08:05 135743                     /lib/x86_64-linux-gnu/libexpat.so.1.6.0
7f36aab1f000-7f36aab27000 r-xp 00000000 08:05 1712454                    /usr/lib/x86_64-linux-gnu/libthai.so.0.2.4
7f36aab27000-7f36aad26000 ---p 00008000 08:05 1712454                    /usr/lib/x86_64-linux-gnu/libthai.so.0.2.4
7f36aad26000-7f36aad27000 r--p 00007000 08:05 1712454                    /usr/lib/x86_64-linux-gnu/libthai.so.0.2.4
7f36aad27000-7f36aad28000 rw-p 00008000 08:05 1712454                    /usr/lib/x86_64-linux-gnu/libthai.so.0.2.4
7f36aad28000-7f36aad49000 r-xp 00000000 08:05 1712676                    /usr/lib/x86_64-linux-gnu/libxcb.so.1.1.0
7f36aad49000-7f36aaf48000 ---p 00021000 08:05 1712676                    /usr/lib/x86_64-linux-gnu/libxcb.so.1.1.0
7f36aaf48000-7f36aaf49000 r--p 00020000 08:05 1712676                    /usr/lib/x86_64-linux-gnu/libxcb.so.1.1.0
7f36aaf49000-7f36aaf4a000 rw-p 00021000 08:05 1712676                    /usr/lib/x86_64-linux-gnu/libxcb.so.1.1.0
7f36aaf4a000-7f36aaf52000 r-xp 00000000 08:05 1712662                    /usr/lib/x86_64-linux-gnu/libxcb-render.so.0.0.0
7f36aaf52000-7f36ab152000 ---p 00008000 08:05 1712662                    /usr/lib/x86_64-linux-gnu/libxcb-render.so.0.0.0
7f36ab152000-7f36ab153000 r--p 00008000 08:05 1712662                    /usr/lib/x86_64-linux-gnu/libxcb-render.so.0.0.0
7f36ab153000-7f36ab154000 rw-p 00009000 08:05 1712662                    /usr/lib/x86_64-linux-gnu/libxcb-render.so.0.0.0
7f36ab154000-7f36ab156000 r-xp 00000000 08:05 1712666                    /usr/lib/x86_64-linux-gnu/libxcb-shm.so.0.0.0
7f36ab156000-7f36ab356000 ---p 00002000 08:05 1712666                    /usr/lib/x86_64-linux-gnu/libxcb-shm.so.0.0.0
7f36ab356000-7f36ab357000 r--p 00002000 08:05 1712666                    /usr/lib/x86_64-linux-gnu/libxcb-shm.so.0.0.0
7f36ab357000-7f36ab358000 rw-p 00003000 08:05 1712666                    /usr/lib/x86_64-linux-gnu/libxcb-shm.so.0.0.0
7f36ab358000-7f36ab37c000 r-xp 00000000 08:05 135853                     /lib/x86_64-linux-gnu/libpng12.so.0.54.0
7f36ab37c000-7f36ab57b000 ---p 00024000 08:05 135853                     /lib/x86_64-linux-gnu/libpng12.so.0.54.0
7f36ab57b000-7f36ab57c000 r--p 00023000 08:05 135853                     /lib/x86_64-linux-gnu/libpng12.so.0.54.0
7f36ab57c000-7f36ab57d000 rw-p 00024000 08:05 135853                     /lib/x86_64-linux-gnu/libpng12.so.0.54.0
7f36ab57d000-7f36ab61c000 r-xp 00000000 08:05 1712259                    /usr/lib/x86_64-linux-gnu/libpixman-1.so.0.33.6
7f36ab61c000-7f36ab81c000 ---p 0009f000 08:05 1712259                    /usr/lib/x86_64-linux-gnu/libpixman-1.so.0.33.6
7f36ab81c000-7f36ab824000 r--p 0009f000 08:05 1712259                    /usr/lib/x86_64-linux-gnu/libpixman-1.so.0.33.6
7f36ab824000-7f36ab825000 rw-p 000a7000 08:05 1712259                    /usr/lib/x86_64-linux-gnu/libpixman-1.so.0.33.6
7f36ab825000-7f36ab881000 r-xp 00000000 08:05 1709948                    /usr/lib/x86_64-linux-gnu/libharfbuzz.so.0.10000.1
7f36ab881000-7f36aba81000 ---p 0005c000 08:05 1709948                    /usr/lib/x86_64-linux-gnu/libharfbuzz.so.0.10000.1
7f36aba81000-7f36aba82000 r--p 0005c000 08:05 1709948                    /usr/lib/x86_64-linux-gnu/libharfbuzz.so.0.10000.1
7f36aba82000-7f36aba83000 rw-p 0005d000 08:05 1709948                    /usr/lib/x86_64-linux-gnu/libharfbuzz.so.0.10000.1
7f36aba83000-7f36aba9a000 r-xp 00000000 08:05 132299                     /lib/x86_64-linux-gnu/libresolv-2.23.so
7f36aba9a000-7f36abc9a000 ---p 00017000 08:05 132299                     /lib/x86_64-linux-gnu/libresolv-2.23.so
7f36abc9a000-7f36abc9b000 r--p 00017000 08:05 132299                     /lib/x86_64-linux-gnu/libresolv-2.23.so
7f36abc9b000-7f36abc9c000 rw-p 00018000 08:05 132299                     /lib/x86_64-linux-gnu/libresolv-2.23.so
7f36abc9c000-7f36abc9e000 rw-p 00000000 00:00 0 
7f36abc9e000-7f36abcbd000 r-xp 00000000 08:05 135870                     /lib/x86_64-linux-gnu/libselinux.so.1
7f36abcbd000-7f36abebc000 ---p 0001f000 08:05 135870                     /lib/x86_64-linux-gnu/libselinux.so.1
7f36abebc000-7f36abebd000 r--p 0001e000 08:05 135870                     /lib/x86_64-linux-gnu/libselinux.so.1
7f36abebd000-7f36abebe000 rw-p 0001f000 08:05 135870                     /lib/x86_64-linux-gnu/libselinux.so.1
7f36abebe000-7f36abec0000 rw-p 00000000 00:00 0 
7f36abec0000-7f36abed9000 r-xp 00000000 08:05 135903                     /lib/x86_64-linux-gnu/libz.so.1.2.8
7f36abed9000-7f36ac0d8000 ---p 00019000 08:05 135903                     /lib/x86_64-linux-gnu/libz.so.1.2.8
7f36ac0d8000-7f36ac0d9000 r--p 00018000 08:05 135903                     /lib/x86_64-linux-gnu/libz.so.1.2.8
7f36ac0d9000-7f36ac0da000 rw-p 00019000 08:05 135903                     /lib/x86_64-linux-gnu/libz.so.1.2.8
7f36ac0da000-7f36ac0eb000 r-xp 00000000 08:05 1711311                    /usr/lib/x86_64-linux-gnu/libXext.so.6.4.0
7f36ac0eb000-7f36ac2ea000 ---p 00011000 08:05 1711311                    /usr/lib/x86_64-linux-gnu/libXext.so.6.4.0
7f36ac2ea000-7f36ac2eb000 r--p 00010000 08:05 1711311                    /usr/lib/x86_64-linux-gnu/libXext.so.6.4.0
7f36ac2eb000-7f36ac2ec000 rw-p 00011000 08:05 1711311                    /usr/lib/x86_64-linux-gnu/libXext.so.6.4.0
7f36ac2ec000-7f36ac2ee000 r-xp 00000000 08:05 1711307                    /usr/lib/x86_64-linux-gnu/libXdamage.so.1.1.0
7f36ac2ee000-7f36ac4ed000 ---p 00002000 08:05 1711307                    /usr/lib/x86_64-linux-gnu/libXdamage.so.1.1.0
7f36ac4ed000-7f36ac4ee000 r--p 00001000 08:05 1711307                    /usr/lib/x86_64-linux-gnu/libXdamage.so.1.1.0
7f36ac4ee000-7f36ac4ef000 rw-p 00002000 08:05 1711307                    /usr/lib/x86_64-linux-gnu/libXdamage.so.1.1.0
7f36ac4ef000-7f36ac4f1000 r-xp 00000000 08:05 1711303                    /usr/lib/x86_64-linux-gnu/libXcomposite.so.1.0.0
7f36ac4f1000-7f36ac6f0000 ---p 00002000 08:05 1711303                    /usr/lib/x86_64-linux-gnu/libXcomposite.so.1.0.0
7f36ac6f0000-7f36ac6f1000 r--p 00001000 08:05 1711303                    /usr/lib/x86_64-linux-gnu/libXcomposite.so.1.0.0
7f36ac6f1000-7f36ac6f2000 rw-p 00002000 08:05 1711303                    /usr/lib/x86_64-linux-gnu/libXcomposite.so.1.0.0
7f36ac6f2000-7f36ac6fb000 r-xp 00000000 08:05 1711305                    /usr/lib/x86_64-linux-gnu/libXcursor.so.1.0.2
7f36ac6fb000-7f36ac8fa000 ---p 00009000 08:05 1711305                    /usr/lib/x86_64-linux-gnu/libXcursor.so.1.0.2
7f36ac8fa000-7f36ac8fb000 r--p 00008000 08:05 1711305                    /usr/lib/x86_64-linux-gnu/libXcursor.so.1.0.2
7f36ac8fb000-7f36ac8fc000 rw-p 00009000 08:05 1711305                    /usr/lib/x86_64-linux-gnu/libXcursor.so.1.0.2
7f36ac8fc000-7f36ac906000 r-xp 00000000 08:05 1711329                    /usr/lib/x86_64-linux-gnu/libXrandr.so.2.2.0
7f36ac906000-7f36acb05000 ---p 0000a000 08:05 1711329                    /usr/lib/x86_64-linux-gnu/libXrandr.so.2.2.0
7f36acb05000-7f36acb06000 r--p 00009000 08:05 1711329                    /usr/lib/x86_64-linux-gnu/libXrandr.so.2.2.0
7f36acb06000-7f36acb07000 rw-p 0000a000 08:05 1711329                    /usr/lib/x86_64-linux-gnu/libXrandr.so.2.2.0
7f36acb07000-7f36acb16000 r-xp 00000000 08:05 1711319                    /usr/lib/x86_64-linux-gnu/libXi.so.6.1.0
7f36acb16000-7f36acd15000 ---p 0000f000 08:05 1711319                    /usr/lib/x86_64-linux-gnu/libXi.so.6.1.0
7f36acd15000-7f36acd16000 r--p 0000e000 08:05 1711319                    /usr/lib/x86_64-linux-gnu/libXi.so.6.1.0
7f36acd16000-7f36acd17000 rw-p 0000f000 08:05 1711319                    /usr/lib/x86_64-linux-gnu/libXi.so.6.1.0
7f36acd17000-7f36acd19000 r-xp 00000000 08:05 1711321                    /usr/lib/x86_64-linux-gnu/libXinerama.so.1.0.0
7f36acd19000-7f36acf18000 ---p 00002000 08:05 1711321                    /usr/lib/x86_64-linux-gnu/libXinerama.so.1.0.0
7f36acf18000-7f36acf19000 r--p 00001000 08:05 1711321                    /usr/lib/x86_64-linux-gnu/libXinerama.so.1.0.0
7f36acf19000-7f36acf1a000 rw-p 00002000 08:05 1711321                    /usr/lib/x86_64-linux-gnu/libXinerama.so.1.0.0
7f36acf1a000-7f36acf23000 r-xp 00000000 08:05 1711331                    /usr/lib/x86_64-linux-gnu/libXrender.so.1.3.0
7f36acf23000-7f36ad122000 ---p 00009000 08:05 1711331                    /usr/lib/x86_64-linux-gnu/libXrender.so.1.3.0
7f36ad122000-7f36ad123000 r--p 00008000 08:05 1711331                    /usr/lib/x86_64-linux-gnu/libXrender.so.1.3.0
7f36ad123000-7f36ad124000 rw-p 00009000 08:05 1711331                    /usr/lib/x86_64-linux-gnu/libXrender.so.1.3.0
7f36ad124000-7f36ad129000 r-xp 00000000 08:05 1711313                    /usr/lib/x86_64-linux-gnu/libXfixes.so.3.1.0
7f36ad129000-7f36ad328000 ---p 00005000 08:05 1711313                    /usr/lib/x86_64-linux-gnu/libXfixes.so.3.1.0
7f36ad328000-7f36ad329000 r--p 00004000 08:05 1711313                    /usr/lib/x86_64-linux-gnu/libXfixes.so.3.1.0
7f36ad329000-7f36ad32a000 rw-p 00005000 08:05 1711313                    /usr/lib/x86_64-linux-gnu/libXfixes.so.3.1.0
7f36ad32a000-7f36ad340000 r-xp 00000000 08:05 135750                     /lib/x86_64-linux-gnu/libgcc_s.so.1
7f36ad340000-7f36ad53f000 ---p 00016000 08:05 135750                     /lib/x86_64-linux-gnu/libgcc_s.so.1
7f36ad53f000-7f36ad540000 rw-p 00015000 08:05 135750                     /lib/x86_64-linux-gnu/libgcc_s.so.1
7f36ad540000-7f36ad6b2000 r-xp 00000000 08:05 1702789                    /usr/lib/x86_64-linux-gnu/libstdc++.so.6.0.21
7f36ad6b2000-7f36ad8b2000 ---p 00172000 08:05 1702789                    /usr/lib/x86_64-linux-gnu/libstdc++.so.6.0.21
7f36ad8b2000-7f36ad8bc000 r--p 00172000 08:05 1702789                    /usr/lib/x86_64-linux-gnu/libstdc++.so.6.0.21
7f36ad8bc000-7f36ad8be000 rw-p 0017c000 08:05 1702789                    /usr/lib/x86_64-linux-gnu/libstdc++.so.6.0.21
7f36ad8be000-7f36ad8c2000 rw-p 00000000 00:00 0 
7f36ad8c2000-7f36ad932000 r-xp 00000000 08:05 10586                      /usr/lib/x86_64-linux-gnu/mesa/libGL.so.1.2.0
7f36ad932000-7f36adb31000 ---p 00070000 08:05 10586                      /usr/lib/x86_64-linux-gnu/mesa/libGL.so.1.2.0
7f36adb31000-7f36adb34000 r--p 0006f000 08:05 10586                      /usr/lib/x86_64-linux-gnu/mesa/libGL.so.1.2.0
7f36adb34000-7f36adb35000 rw-p 00072000 08:05 10586                      /usr/lib/x86_64-linux-gnu/mesa/libGL.so.1.2.0
7f36adb35000-7f36adb36000 rw-p 00000000 00:00 0 
7f36adb36000-7f36adb3b000 r-xp 00000000 08:05 1711347                    /usr/lib/x86_64-linux-gnu/libXxf86vm.so.1.0.0
7f36adb3b000-7f36add3a000 ---p 00005000 08:05 1711347                    /usr/lib/x86_64-linux-gnu/libXxf86vm.so.1.0.0
7f36add3a000-7f36add3b000 r--p 00004000 08:05 1711347                    /usr/lib/x86_64-linux-gnu/libXxf86vm.so.1.0.0
7f36add3b000-7f36add3c000 rw-p 00005000 08:05 1711347                    /usr/lib/x86_64-linux-gnu/libXxf86vm.so.1.0.0
7f36add3c000-7f36ade71000 r-xp 00000000 08:05 1711294                    /usr/lib/x86_64-linux-gnu/libX11.so.6.3.0
7f36ade71000-7f36ae071000 ---p 00135000 08:05 1711294                    /usr/lib/x86_64-linux-gnu/libX11.so.6.3.0
7f36ae071000-7f36ae072000 r--p 00135000 08:05 1711294                    /usr/lib/x86_64-linux-gnu/libX11.so.6.3.0
7f36ae072000-7f36ae076000 rw-p 00136000 08:05 1711294                    /usr/lib/x86_64-linux-gnu/libX11.so.6.3.0
7f36ae076000-7f36ae07b000 r-xp 00000000 08:05 1711337                    /usr/lib/x86_64-linux-gnu/libXtst.so.6.1.0
7f36ae07b000-7f36ae27a000 ---p 00005000 08:05 1711337                    /usr/lib/x86_64-linux-gnu/libXtst.so.6.1.0
7f36ae27a000-7f36ae27b000 r--p 00004000 08:05 1711337                    /usr/lib/x86_64-linux-gnu/libXtst.so.6.1.0
7f36ae27b000-7f36ae27c000 rw-p 00005000 08:05 1711337                    /usr/lib/x86_64-linux-gnu/libXtst.so.6.1.0
7f36ae27c000-7f36ae38b000 r-xp 00000000 08:05 131022                     /lib/x86_64-linux-gnu/libglib-2.0.so.0.4800.2
7f36ae38b000-7f36ae58a000 ---p 0010f000 08:05 131022                     /lib/x86_64-linux-gnu/libglib-2.0.so.0.4800.2
7f36ae58a000-7f36ae58b000 r--p 0010e000 08:05 131022                     /lib/x86_64-linux-gnu/libglib-2.0.so.0.4800.2
7f36ae58b000-7f36ae58c000 rw-p 0010f000 08:05 131022                     /lib/x86_64-linux-gnu/libglib-2.0.so.0.4800.2
7f36ae58c000-7f36ae58d000 rw-p 00000000 00:00 0 
7f36ae58d000-7f36ae58e000 r-xp 00000000 08:05 1701030                    /usr/lib/x86_64-linux-gnu/libgthread-2.0.so.0.4800.2
7f36ae58e000-7f36ae78d000 ---p 00001000 08:05 1701030                    /usr/lib/x86_64-linux-gnu/libgthread-2.0.so.0.4800.2
7f36ae78d000-7f36ae78e000 r--p 00000000 08:05 1701030                    /usr/lib/x86_64-linux-gnu/libgthread-2.0.so.0.4800.2
7f36ae78e000-7f36ae78f000 rw-p 00001000 08:05 1701030                    /usr/lib/x86_64-linux-gnu/libgthread-2.0.so.0.4800.2
7f36ae78f000-7f36ae792000 r-xp 00000000 08:05 1701006                    /usr/lib/x86_64-linux-gnu/libgmodule-2.0.so.0.4800.2
7f36ae792000-7f36ae991000 ---p 00003000 08:05 1701006                    /usr/lib/x86_64-linux-gnu/libgmodule-2.0.so.0.4800.2
7f36ae991000-7f36ae992000 r--p 00002000 08:05 1701006                    /usr/lib/x86_64-linux-gnu/libgmodule-2.0.so.0.4800.2
7f36ae992000-7f36ae993000 rw-p 00003000 08:05 1701006                    /usr/lib/x86_64-linux-gnu/libgmodule-2.0.so.0.4800.2
7f36ae993000-7f36ae9e5000 r-xp 00000000 08:05 1701051                    /usr/lib/x86_64-linux-gnu/libgobject-2.0.so.0.4800.2
7f36ae9e5000-7f36aebe4000 ---p 00052000 08:05 1701051                    /usr/lib/x86_64-linux-gnu/libgobject-2.0.so.0.4800.2
7f36aebe4000-7f36aebe5000 r--p 00051000 08:05 1701051                    /usr/lib/x86_64-linux-gnu/libgobject-2.0.so.0.4800.2
7f36aebe5000-7f36aebe6000 rw-p 00052000 08:05 1701051                    /usr/lib/x86_64-linux-gnu/libgobject-2.0.so.0.4800.2
7f36aebe6000-7f36aec23000 r-xp 00000000 08:05 1700764                    /usr/lib/x86_64-linux-gnu/libfontconfig.so.1.9.0
7f36aec23000-7f36aee22000 ---p 0003d000 08:05 1700764                    /usr/lib/x86_64-linux-gnu/libfontconfig.so.1.9.0
7f36aee22000-7f36aee24000 r--p 0003c000 08:05 1700764                    /usr/lib/x86_64-linux-gnu/libfontconfig.so.1.9.0
7f36aee24000-7f36aee29000 rw-p 0003e000 08:05 1700764                    /usr/lib/x86_64-linux-gnu/libfontconfig.so.1.9.0
7f36aee29000-7f36aeecd000 r-xp 00000000 08:05 1731066                    /usr/lib/x86_64-linux-gnu/libfreetype.so.6.12.1
7f36aeecd000-7f36af0cc000 ---p 000a4000 08:05 1731066                    /usr/lib/x86_64-linux-gnu/libfreetype.so.6.12.1
7f36af0cc000-7f36af0d2000 r--p 000a3000 08:05 1731066                    /usr/lib/x86_64-linux-gnu/libfreetype.so.6.12.1
7f36af0d2000-7f36af0d3000 rw-p 000a9000 08:05 1731066                    /usr/lib/x86_64-linux-gnu/libfreetype.so.6.12.1
7f36af0d3000-7f36af11c000 r-xp 00000000 08:05 1712231                    /usr/lib/x86_64-linux-gnu/libpango-1.0.so.0.3800.1
7f36af11c000-7f36af31c000 ---p 00049000 08:05 1712231                    /usr/lib/x86_64-linux-gnu/libpango-1.0.so.0.3800.1
7f36af31c000-7f36af31e000 r--p 00049000 08:05 1712231                    /usr/lib/x86_64-linux-gnu/libpango-1.0.so.0.3800.1
7f36af31e000-7f36af31f000 rw-p 0004b000 08:05 1712231                    /usr/lib/x86_64-linux-gnu/libpango-1.0.so.0.3800.1
7f36af31f000-7f36af42d000 r-xp 00000000 08:05 1711459                    /usr/lib/x86_64-linux-gnu/libcairo.so.2.11400.6
7f36af42d000-7f36af62d000 ---p 0010e000 08:05 1711459                    /usr/lib/x86_64-linux-gnu/libcairo.so.2.11400.6
7f36af62d000-7f36af630000 r--p 0010e000 08:05 1711459                    /usr/lib/x86_64-linux-gnu/libcairo.so.2.11400.6
7f36af630000-7f36af631000 rw-p 00111000 08:05 1711459                    /usr/lib/x86_64-linux-gnu/libcairo.so.2.11400.6
7f36af631000-7f36af633000 rw-p 00000000 00:00 0 
7f36af633000-7f36af63f000 r-xp 00000000 08:05 1712233                    /usr/lib/x86_64-linux-gnu/libpangocairo-1.0.so.0.3800.1
7f36af63f000-7f36af83e000 ---p 0000c000 08:05 1712233                    /usr/lib/x86_64-linux-gnu/libpangocairo-1.0.so.0.3800.1
7f36af83e000-7f36af83f000 r--p 0000b000 08:05 1712233                    /usr/lib/x86_64-linux-gnu/libpangocairo-1.0.so.0.3800.1
7f36af83f000-7f36af840000 rw-p 0000c000 08:05 1712233                    /usr/lib/x86_64-linux-gnu/libpangocairo-1.0.so.0.3800.1
7f36af840000-7f36af861000 r-xp 00000000 08:05 1702118                    /usr/lib/x86_64-linux-gnu/libgdk_pixbuf-2.0.so.0.3200.2
7f36af861000-7f36afa60000 ---p 00021000 08:05 1702118                    /usr/lib/x86_64-linux-gnu/libgdk_pixbuf-2.0.so.0.3200.2
7f36afa60000-7f36afa61000 r--p 00020000 08:05 1702118                    /usr/lib/x86_64-linux-gnu/libgdk_pixbuf-2.0.so.0.3200.2
7f36afa61000-7f36afa62000 rw-p 00021000 08:05 1702118                    /usr/lib/x86_64-linux-gnu/libgdk_pixbuf-2.0.so.0.3200.2
7f36afa62000-7f36afa76000 r-xp 00000000 08:05 1712235                    /usr/lib/x86_64-linux-gnu/libpangoft2-1.0.so.0.3800.1
7f36afa76000-7f36afc76000 ---p 00014000 08:05 1712235                    /usr/lib/x86_64-linux-gnu/libpangoft2-1.0.so.0.3800.1
7f36afc76000-7f36afc77000 r--p 00014000 08:05 1712235                    /usr/lib/x86_64-linux-gnu/libpangoft2-1.0.so.0.3800.1
7f36afc77000-7f36afc78000 rw-p 00015000 08:05 1712235                    /usr/lib/x86_64-linux-gnu/libpangoft2-1.0.so.0.3800.1
7f36afc78000-7f36afdf8000 r-xp 00000000 08:05 1701054                    /usr/lib/x86_64-linux-gnu/libgio-2.0.so.0.4800.2
7f36afdf8000-7f36afff8000 ---p 00180000 08:05 1701054                    /usr/lib/x86_64-linux-gnu/libgio-2.0.so.0.4800.2
7f36afff8000-7f36afffc000 r--p 00180000 08:05 1701054                    /usr/lib/x86_64-linux-gnu/libgio-2.0.so.0.4800.2
7f36afffc000-7f36afffe000 rw-p 00184000 08:05 1701054                    /usr/lib/x86_64-linux-gnu/libgio-2.0.so.0.4800.2
7f36afffe000-7f36b0000000 rw-p 00000000 00:00 0 
7f36b0000000-7f36b0021000 rw-p 00000000 00:00 0 
7f36b0021000-7f36b4000000 ---p 00000000 00:00 0 
7f36b4000000-7f36b60ea000 rw-p 00000000 00:00 0 
7f36b60ea000-7f36b8000000 ---p 00000000 00:00 0 
7f36b8000000-7f36b844d000 rw-p 00000000 00:00 0 
7f36b844d000-7f36bc000000 ---p 00000000 00:00 0 
7f36bc000000-7f36bc021000 rw-p 00000000 00:00 0 
7f36bc021000-7f36c0000000 ---p 00000000 00:00 0 
7f36c0000000-7f36c0321000 rw-p 00000000 00:00 0 
7f36c0321000-7f36c4000000 ---p 00000000 00:00 0 
7f36c4000000-7f36c44e3000 rw-p 00000000 00:00 0 
7f36c44e3000-7f36c8000000 ---p 00000000 00:00 0 
7f36c8000000-7f36c8021000 rw-p 00000000 00:00 0 
7f36c8021000-7f36cc000000 ---p 00000000 00:00 0 
7f36cc000000-7f36cc021000 rw-p 00000000 00:00 0 
7f36cc021000-7f36d0000000 ---p 00000000 00:00 0 
7f36d0000000-7f36d0021000 rw-p 00000000 00:00 0 
7f36d0021000-7f36d4000000 ---p 00000000 00:00 0 
7f36d4000000-7f36d4021000 rw-p 00000000 00:00 0 
7f36d4021000-7f36d8000000 ---p 00000000 00:00 0 
7f36d8000000-7f36d8021000 rw-p 00000000 00:00 0 
7f36d8021000-7f36dc000000 ---p 00000000 00:00 0 
7f36dc000000-7f36dc021000 rw-p 00000000 00:00 0 
7f36dc021000-7f36e0000000 ---p 00000000 00:00 0 
7f36e0000000-7f36e0021000 rw-p 00000000 00:00 0 
7f36e0021000-7f36e4000000 ---p 00000000 00:00 0 
7f36e4000000-7f36e4021000 rw-p 00000000 00:00 0 
7f36e4021000-7f36e8000000 ---p 00000000 00:00 0 
7f36e8000000-7f36e8021000 rw-p 00000000 00:00 0 
7f36e8021000-7f36ec000000 ---p 00000000 00:00 0 
7f36ec000000-7f36ec001000 r--s 00000000 08:05 1320005                    /var/cache/fontconfig/1ac9eb803944fde146138c791f5cc56a-le64.cache-6
7f36ec001000-7f36ec002000 r--s 00000000 08:05 1320003                    /var/cache/fontconfig/dc05db6664285cc2f12bf69c139ae4c3-le64.cache-6
7f36ec002000-7f36ec003000 r--s 00000000 08:05 1323227                    /var/cache/fontconfig/4794a0821666d79190d59a36cb4f44b5-le64.cache-6
7f36ec003000-7f36ec004000 r--s 00000000 08:05 1319995                    /var/cache/fontconfig/bab58bb527bb656aaa9f116d68a48d89-le64.cache-6
7f36ec004000-7f36ec005000 r--s 00000000 08:05 1319993                    /var/cache/fontconfig/56cf4f4769d0f4abc89a4895d7bd3ae1-le64.cache-6
7f36ec005000-7f36ec006000 r--s 00000000 08:05 1319992                    /var/cache/fontconfig/b9d506c9ac06c20b433354fa67a72993-le64.cache-6
7f36ec006000-7f36ec00c000 r--s 00000000 08:05 1319990                    /var/cache/fontconfig/b47c4e1ecd0709278f4910c18777a504-le64.cache-6
7f36ec00c000-7f36ec01f000 r--s 00000000 08:05 1319989                    /var/cache/fontconfig/d52a8644073d54c13679302ca1180695-le64.cache-6
7f36ec01f000-7f36ec020000 r--s 00000000 08:05 1319988                    /var/cache/fontconfig/551ecf3b0e8b0bca0f25c0944f561853-le64.cache-6
7f36ec020000-7f36ec024000 r--s 00000000 08:05 1319987                    /var/cache/fontconfig/d589a48862398ed80a3d6066f4f56f4c-le64.cache-6
7f36ec024000-7f36ec025000 r--s 00000000 08:05 1319986                    /var/cache/fontconfig/30829fa25452a46451e813d634d7f916-le64.cache-6
7f36ec025000-7f36ec026000 r--s 00000000 08:05 1319982                    /var/cache/fontconfig/0c9eb80ebd1c36541ebe2852d3bb0c49-le64.cache-6
7f36ec026000-7f36ec029000 r--s 00000000 08:05 1319980                    /var/cache/fontconfig/75114ca45c98e8a441da0ff356701271-le64.cache-6
7f36ec029000-7f36ec034000 r--s 00000000 08:05 1319979                    /var/cache/fontconfig/83bf95040141907cd45bb53cf7c1c148-le64.cache-6
7f36ec034000-7f36ec046000 r--s 00000000 08:05 1308712                    /var/cache/fontconfig/9b89f8e3dae116d678bbf48e5f21f69b-le64.cache-6
7f36ec046000-7f36ec053000 r--s 00000000 08:05 1309798                    /var/cache/fontconfig/e13b20fdb08344e0e664864cc2ede53d-le64.cache-6
7f36ec053000-7f36ec057000 r--s 00000000 08:05 1312996                    /var/cache/fontconfig/7ef2298fde41cc6eeb7af42e48b7d293-le64.cache-6
7f36ec057000-7f36ec05f000 rw-s 00000000 00:05 1464830                    /drm mm object (deleted)
7f36ec05f000-7f36ec060000 rw-s 00000000 00:05 1463726                    /drm mm object (deleted)
7f36ec060000-7f36ec068000 rw-s 00000000 00:05 1464821                    /drm mm object (deleted)
7f36ec068000-7f36ec072000 r--p 00000000 08:05 1599033                    /home/slavik/.config/dconf/user
7f36ec072000-7f36ec0b9000 r--p 00000000 08:05 135838                     /usr/share/glib-2.0/schemas/gschemas.compiled
7f36ec0b9000-7f36ec139000 r-xp 00000000 08:05 135885                     /lib/x86_64-linux-gnu/libsystemd.so.0.14.0
7f36ec139000-7f36ec13c000 r--p 0007f000 08:05 135885                     /lib/x86_64-linux-gnu/libsystemd.so.0.14.0
7f36ec13c000-7f36ec13d000 rw-p 00082000 08:05 135885                     /lib/x86_64-linux-gnu/libsystemd.so.0.14.0
7f36ec13d000-7f36ec13e000 rw-p 00000000 00:00 0 
7f36ec13e000-7f36ec15f000 r--p 00000000 08:05 268585                     /usr/share/locale-langpack/ru/LC_MESSAGES/glib20.mo
7f36ec15f000-7f36ec195000 r--p 00000000 08:05 268631                     /usr/share/locale-langpack/ru/LC_MESSAGES/gtk20-properties.mo
7f36ec195000-7f36ec1a6000 r--p 00000000 08:05 268632                     /usr/share/locale-langpack/ru/LC_MESSAGES/gtk20.mo
7f36ec1a6000-7f36ec1ae000 rw-s 00000000 00:05 1463691                    /drm mm object (deleted)
7f36ec1ae000-7f36ec1cc000 r-xp 00000000 08:05 136035                     /lib/x86_64-linux-gnu/libudev.so.1.6.4
7f36ec1cc000-7f36ec1cd000 r--p 0001d000 08:05 136035                     /lib/x86_64-linux-gnu/libudev.so.1.6.4
7f36ec1cd000-7f36ec1ce000 rw-p 0001e000 08:05 136035                     /lib/x86_64-linux-gnu/libudev.so.1.6.4
7f36ec1ce000-7f36ec1f0000 r-xp 00000000 08:05 1711402                    /usr/lib/x86_64-linux-gnu/libatk-1.0.so.0.21809.1
7f36ec1f0000-7f36ec3ef000 ---p 00022000 08:05 1711402                    /usr/lib/x86_64-linux-gnu/libatk-1.0.so.0.21809.1
7f36ec3ef000-7f36ec3f2000 r--p 00021000 08:05 1711402                    /usr/lib/x86_64-linux-gnu/libatk-1.0.so.0.21809.1
7f36ec3f2000-7f36ec3f3000 rw-p 00024000 08:05 1711402                    /usr/lib/x86_64-linux-gnu/libatk-1.0.so.0.21809.1
7f36ec3f3000-7f36ec4a3000 r-xp 00000000 08:05 1711768                    /usr/lib/x86_64-linux-gnu/libgdk-x11-2.0.so.0.2400.30
7f36ec4a3000-7f36ec6a2000 ---p 000b0000 08:05 1711768                    /usr/lib/x86_64-linux-gnu/libgdk-x11-2.0.so.0.2400.30
7f36ec6a2000-7f36ec6a6000 r--p 000af000 08:05 1711768                    /usr/lib/x86_64-linux-gnu/libgdk-x11-2.0.so.0.2400.30
7f36ec6a6000-7f36ec6a8000 rw-p 000b3000 08:05 1711768                    /usr/lib/x86_64-linux-gnu/libgdk-x11-2.0.so.0.2400.30
7f36ec6a8000-7f36ecae6000 r-xp 00000000 08:05 1711913                    /usr/lib/x86_64-linux-gnu/libgtk-x11-2.0.so.0.2400.30
7f36ecae6000-7f36ecce5000 ---p 0043e000 08:05 1711913                    /usr/lib/x86_64-linux-gnu/libgtk-x11-2.0.so.0.2400.30
7f36ecce5000-7f36eccec000 r--p 0043d000 08:05 1711913                    /usr/lib/x86_64-linux-gnu/libgtk-x11-2.0.so.0.2400.30
7f36eccec000-7f36eccf0000 rw-p 00444000 08:05 1711913                    /usr/lib/x86_64-linux-gnu/libgtk-x11-2.0.so.0.2400.30
7f36eccf0000-7f36eccf3000 rw-p 00000000 00:00 0 
7f36eccf3000-7f36eccff000 r-xp 00000000 08:05 19049                      /usr/lib/jvm/java-8-oracle/jre/lib/amd64/libprism_es2.so
7f36eccff000-7f36ecefe000 ---p 0000c000 08:05 19049                      /usr/lib/jvm/java-8-oracle/jre/lib/amd64/libprism_es2.so
7f36ecefe000-7f36eceff000 rw-p 0000b000 08:05 19049                      /usr/lib/jvm/java-8-oracle/jre/lib/amd64/libprism_es2.so
7f36eceff000-7f36ecf02000 ---p 00000000 00:00 0 
7f36ecf02000-7f36ed000000 rw-p 00000000 00:00 0 
7f36ed000000-7f36ed095000 r--s 01109000 08:05 19113                      /usr/lib/jvm/java-8-oracle/jre/lib/ext/jfxrt.jar
7f36ed095000-7f36ed096000 ---p 00000000 00:00 0 
7f36ed096000-7f36ed196000 rw-p 00000000 00:00 0 
7f36ed196000-7f36ed199000 ---p 00000000 00:00 0 
7f36ed199000-7f36ed297000 rw-p 00000000 00:00 0 
7f36ed297000-7f36ed29a000 ---p 00000000 00:00 0 
7f36ed29a000-7f36ed398000 rw-p 00000000 00:00 0 
7f36ed398000-7f36ed39b000 ---p 00000000 00:00 0 
7f36ed39b000-7f36ed79a000 rw-p 00000000 00:00 0 
7f36ed79a000-7f36ed7b0000 r-xp 00000000 08:05 19037                      /usr/lib/jvm/java-8-oracle/jre/lib/amd64/libnet.so
7f36ed7b0000-7f36ed9b0000 ---p 00016000 08:05 19037                      /usr/lib/jvm/java-8-oracle/jre/lib/amd64/libnet.so
7f36ed9b0000-7f36ed9b1000 rw-p 00016000 08:05 19037                      /usr/lib/jvm/java-8-oracle/jre/lib/amd64/libnet.so
7f36ed9b1000-7f36ed9b4000 ---p 00000000 00:00 0 
7f36ed9b4000-7f36edab2000 rw-p 00000000 00:00 0 
7f36edab2000-7f36edab5000 ---p 00000000 00:00 0 
7f36edab5000-7f36edbb3000 rw-p 00000000 00:00 0 
7f36edbb3000-7f36edbb6000 ---p 00000000 00:00 0 
7f36edbb6000-7f36edcb4000 rw-p 00000000 00:00 0 
7f36edcb4000-7f36ee0be000 r--p 00000000 08:05 1700662                    /usr/lib/locale/locale-archive
7f36ee0be000-7f36ee0c1000 ---p 00000000 00:00 0 
7f36ee0c1000-7f36ee1bf000 rw-p 00000000 00:00 0 
7f36ee1bf000-7f36ee1c2000 ---p 00000000 00:00 0 
7f36ee1c2000-7f36ee2c0000 rw-p 00000000 00:00 0 
7f36ee2c0000-7f36ee2c1000 ---p 00000000 00:00 0 
7f36ee2c1000-7f36f5000000 rw-p 00000000 00:00 0 
7f36f5000000-7f36f55a0000 rwxp 00000000 00:00 0 
7f36f55a0000-7f3704000000 ---p 00000000 00:00 0 
7f3704000000-7f3704584000 rw-p 00000000 00:00 0 
7f3704584000-7f3708000000 ---p 00000000 00:00 0 
7f3708000000-7f3708004000 r--p 00000000 08:05 268487                     /usr/share/locale-langpack/ru/LC_MESSAGES/atk10.mo
7f3708004000-7f3708005000 rw-s 00000000 00:05 1463693                    /drm mm object (deleted)
7f3708005000-7f3708006000 r--s 00000000 00:2c 31                         /run/user/1000/dconf/user
7f3708006000-7f370800d000 r--s 00000000 08:05 16767                      /usr/lib/x86_64-linux-gnu/gconv/gconv-modules.cache
7f370800d000-7f370803c000 r--p 00000000 08:05 268689                     /usr/share/locale-langpack/ru/LC_MESSAGES/libc.mo
7f370803c000-7f370803e000 r--s 0001a000 08:03 61508                      /media/slavik/3EC2F10CC2F0C8E3/install/idea-IU-171.3780.107/lib/idea_rt.jar
7f370803e000-7f370803f000 r--s 00000000 08:03 41275                      /media/slavik/3EC2F10CC2F0C8E3/install/idea-IU-171.3780.107/lib/jcip-annotations.jar
7f370803f000-7f3708046000 r--s 000a0000 08:05 1591337                    /home/slavik/Dropbox/itmo/1course/programming/lab5/lib/postgresql-9.4.1212.jar
7f3708046000-7f3708048000 r--s 00009000 08:05 1579216                    /home/slavik/Dropbox/itmo/1course/programming/lab5/lib/hamcrest-core-1.3.jar
7f3708048000-7f370804a000 r--s 00012000 08:05 1587042                    /home/slavik/Dropbox/itmo/1course/programming/lab5/lib/opencsv-3.9.jar
7f370804a000-7f370804f000 r--s 00040000 08:05 1586955                    /home/slavik/Dropbox/itmo/1course/programming/lab5/lib/jsch-0.1.54.jar
7f370804f000-7f3708062000 r--s 00345000 08:05 19263                      /usr/lib/jvm/java-8-oracle/jre/lib/resources.jar
7f3708062000-7f37080b1000 rw-p 00000000 00:00 0 
7f37080b1000-7f370828a000 r--s 03d3e000 08:05 19029                      /usr/lib/jvm/java-8-oracle/jre/lib/rt.jar
7f370828a000-7f37090d3000 rw-p 00000000 00:00 0 
7f37090d3000-7f37090d4000 ---p 00000000 00:00 0 
7f37090d4000-7f37091d4000 rw-p 00000000 00:00 0 
7f37091d4000-7f37091d5000 ---p 00000000 00:00 0 
7f37091d5000-7f37092d5000 rw-p 00000000 00:00 0 
7f37092d5000-7f37092d6000 ---p 00000000 00:00 0 
7f37092d6000-7f37093d6000 rw-p 00000000 00:00 0 
7f37093d6000-7f37093d7000 ---p 00000000 00:00 0 
7f37093d7000-7f3709516000 rw-p 00000000 00:00 0 
7f3709516000-7f37098b9000 ---p 00000000 00:00 0 
7f37098b9000-7f37098f8000 rw-p 00000000 00:00 0 
7f37098f8000-7f3709c9b000 ---p 00000000 00:00 0 
7f3709c9b000-7f3709cd2000 rw-p 00000000 00:00 0 
7f3709cd2000-7f3709e8c000 ---p 00000000 00:00 0 
7f3709e8c000-7f3709ea4000 rw-p 00000000 00:00 0 
7f3709ea4000-7f370a24d000 ---p 00000000 00:00 0 
7f370a24d000-7f370a267000 r-xp 00000000 08:05 19060                      /usr/lib/jvm/java-8-oracle/jre/lib/amd64/libzip.so
7f370a267000-7f370a467000 ---p 0001a000 08:05 19060                      /usr/lib/jvm/java-8-oracle/jre/lib/amd64/libzip.so
7f370a467000-7f370a468000 rw-p 0001a000 08:05 19060                      /usr/lib/jvm/java-8-oracle/jre/lib/amd64/libzip.so
7f370a468000-7f370a473000 r-xp 00000000 08:05 132290                     /lib/x86_64-linux-gnu/libnss_files-2.23.so
7f370a473000-7f370a672000 ---p 0000b000 08:05 132290                     /lib/x86_64-linux-gnu/libnss_files-2.23.so
7f370a672000-7f370a673000 r--p 0000a000 08:05 132290                     /lib/x86_64-linux-gnu/libnss_files-2.23.so
7f370a673000-7f370a674000 rw-p 0000b000 08:05 132290                     /lib/x86_64-linux-gnu/libnss_files-2.23.so
7f370a674000-7f370a67a000 rw-p 00000000 00:00 0 
7f370a67a000-7f370a685000 r-xp 00000000 08:05 132283                     /lib/x86_64-linux-gnu/libnss_nis-2.23.so
7f370a685000-7f370a884000 ---p 0000b000 08:05 132283                     /lib/x86_64-linux-gnu/libnss_nis-2.23.so
7f370a884000-7f370a885000 r--p 0000a000 08:05 132283                     /lib/x86_64-linux-gnu/libnss_nis-2.23.so
7f370a885000-7f370a886000 rw-p 0000b000 08:05 132283                     /lib/x86_64-linux-gnu/libnss_nis-2.23.so
7f370a886000-7f370a89c000 r-xp 00000000 08:05 132285                     /lib/x86_64-linux-gnu/libnsl-2.23.so
7f370a89c000-7f370aa9b000 ---p 00016000 08:05 132285                     /lib/x86_64-linux-gnu/libnsl-2.23.so
7f370aa9b000-7f370aa9c000 r--p 00015000 08:05 132285                     /lib/x86_64-linux-gnu/libnsl-2.23.so
7f370aa9c000-7f370aa9d000 rw-p 00016000 08:05 132285                     /lib/x86_64-linux-gnu/libnsl-2.23.so
7f370aa9d000-7f370aa9f000 rw-p 00000000 00:00 0 
7f370aa9f000-7f370aaa7000 r-xp 00000000 08:05 132292                     /lib/x86_64-linux-gnu/libnss_compat-2.23.so
7f370aaa7000-7f370aca6000 ---p 00008000 08:05 132292                     /lib/x86_64-linux-gnu/libnss_compat-2.23.so
7f370aca6000-7f370aca7000 r--p 00007000 08:05 132292                     /lib/x86_64-linux-gnu/libnss_compat-2.23.so
7f370aca7000-7f370aca8000 rw-p 00008000 08:05 132292                     /lib/x86_64-linux-gnu/libnss_compat-2.23.so
7f370aca8000-7f370acb2000 r-xp 00000000 08:05 19098                      /usr/lib/jvm/java-8-oracle/jre/lib/amd64/libinstrument.so
7f370acb2000-7f370aeb1000 ---p 0000a000 08:05 19098                      /usr/lib/jvm/java-8-oracle/jre/lib/amd64/libinstrument.so
7f370aeb1000-7f370aeb2000 rw-p 00009000 08:05 19098                      /usr/lib/jvm/java-8-oracle/jre/lib/amd64/libinstrument.so
7f370aeb2000-7f370aedd000 r-xp 00000000 08:05 19087                      /usr/lib/jvm/java-8-oracle/jre/lib/amd64/libjava.so
7f370aedd000-7f370b0dc000 ---p 0002b000 08:05 19087                      /usr/lib/jvm/java-8-oracle/jre/lib/amd64/libjava.so
7f370b0dc000-7f370b0de000 rw-p 0002a000 08:05 19087                      /usr/lib/jvm/java-8-oracle/jre/lib/amd64/libjava.so
7f370b0de000-7f370b0eb000 r-xp 00000000 08:05 19038                      /usr/lib/jvm/java-8-oracle/jre/lib/amd64/libverify.so
7f370b0eb000-7f370b2ea000 ---p 0000d000 08:05 19038                      /usr/lib/jvm/java-8-oracle/jre/lib/amd64/libverify.so
7f370b2ea000-7f370b2ec000 rw-p 0000c000 08:05 19038                      /usr/lib/jvm/java-8-oracle/jre/lib/amd64/libverify.so
7f370b2ec000-7f370b2f3000 r-xp 00000000 08:05 132293                     /lib/x86_64-linux-gnu/librt-2.23.so
7f370b2f3000-7f370b4f2000 ---p 00007000 08:05 132293                     /lib/x86_64-linux-gnu/librt-2.23.so
7f370b4f2000-7f370b4f3000 r--p 00006000 08:05 132293                     /lib/x86_64-linux-gnu/librt-2.23.so
7f370b4f3000-7f370b4f4000 rw-p 00007000 08:05 132293                     /lib/x86_64-linux-gnu/librt-2.23.so
7f370b4f4000-7f370b5fc000 r-xp 00000000 08:05 132284                     /lib/x86_64-linux-gnu/libm-2.23.so
7f370b5fc000-7f370b7fb000 ---p 00108000 08:05 132284                     /lib/x86_64-linux-gnu/libm-2.23.so
7f370b7fb000-7f370b7fc000 r--p 00107000 08:05 132284                     /lib/x86_64-linux-gnu/libm-2.23.so
7f370b7fc000-7f370b7fd000 rw-p 00108000 08:05 132284                     /lib/x86_64-linux-gnu/libm-2.23.so
7f370b7fd000-7f370c4cb000 r-xp 00000000 08:05 19091                      /usr/lib/jvm/java-8-oracle/jre/lib/amd64/server/libjvm.so
7f370c4cb000-7f370c6cb000 ---p 00cce000 08:05 19091                      /usr/lib/jvm/java-8-oracle/jre/lib/amd64/server/libjvm.so
7f370c6cb000-7f370c7a4000 rw-p 00cce000 08:05 19091                      /usr/lib/jvm/java-8-oracle/jre/lib/amd64/server/libjvm.so
7f370c7a4000-7f370c7ef000 rw-p 00000000 00:00 0 
7f370c7ef000-7f370c9ae000 r-xp 00000000 08:05 132286                     /lib/x86_64-linux-gnu/libc-2.23.so
7f370c9ae000-7f370cbae000 ---p 001bf000 08:05 132286                     /lib/x86_64-linux-gnu/libc-2.23.so
7f370cbae000-7f370cbb2000 r--p 001bf000 08:05 132286                     /lib/x86_64-linux-gnu/libc-2.23.so
7f370cbb2000-7f370cbb4000 rw-p 001c3000 08:05 132286                     /lib/x86_64-linux-gnu/libc-2.23.so
7f370cbb4000-7f370cbb8000 rw-p 00000000 00:00 0 
7f370cbb8000-7f370cbbb000 r-xp 00000000 08:05 132282                     /lib/x86_64-linux-gnu/libdl-2.23.so
7f370cbbb000-7f370cdba000 ---p 00003000 08:05 132282                     /lib/x86_64-linux-gnu/libdl-2.23.so
7f370cdba000-7f370cdbb000 r--p 00002000 08:05 132282                     /lib/x86_64-linux-gnu/libdl-2.23.so
7f370cdbb000-7f370cdbc000 rw-p 00003000 08:05 132282                     /lib/x86_64-linux-gnu/libdl-2.23.so
7f370cdbc000-7f370cdd1000 r-xp 00000000 08:05 12934                      /usr/lib/jvm/java-8-oracle/lib/amd64/jli/libjli.so
7f370cdd1000-7f370cfd1000 ---p 00015000 08:05 12934                      /usr/lib/jvm/java-8-oracle/lib/amd64/jli/libjli.so
7f370cfd1000-7f370cfd2000 rw-p 00015000 08:05 12934                      /usr/lib/jvm/java-8-oracle/lib/amd64/jli/libjli.so
7f370cfd2000-7f370cfea000 r-xp 00000000 08:05 132297                     /lib/x86_64-linux-gnu/libpthread-2.23.so
7f370cfea000-7f370d1e9000 ---p 00018000 08:05 132297                     /lib/x86_64-linux-gnu/libpthread-2.23.so
7f370d1e9000-7f370d1ea000 r--p 00017000 08:05 132297                     /lib/x86_64-linux-gnu/libpthread-2.23.so
7f370d1ea000-7f370d1eb000 rw-p 00018000 08:05 132297                     /lib/x86_64-linux-gnu/libpthread-2.23.so
7f370d1eb000-7f370d1ef000 rw-p 00000000 00:00 0 
7f370d1ef000-7f370d215000 r-xp 00000000 08:05 132287                     /lib/x86_64-linux-gnu/ld-2.23.so
7f370d215000-7f370d21d000 r--s 00045000 08:05 1579084                    /home/slavik/Dropbox/itmo/1course/programming/lab5/lib/junit-4.12.jar
7f370d21d000-7f370d222000 r--s 00034000 08:05 1578331                    /home/slavik/Dropbox/itmo/1course/programming/lab5/lib/gson-2.8.0.jar
7f370d222000-7f370d234000 r--s 000d6000 08:05 19262                      /usr/lib/jvm/java-8-oracle/jre/lib/plugin.jar
7f370d234000-7f370d235000 r--s 00000000 08:05 19108                      /usr/lib/jvm/java-8-oracle/jre/lib/management-agent.jar
7f370d235000-7f370d239000 r--s 0009a000 08:05 18981                      /usr/lib/jvm/java-8-oracle/jre/lib/jsse.jar
7f370d239000-7f370d23b000 r--s 00007000 08:05 19102                      /usr/lib/jvm/java-8-oracle/jre/lib/jfxswt.jar
7f370d23b000-7f370d256000 r--s 00209000 08:05 19145                      /usr/lib/jvm/java-8-oracle/jre/lib/deploy.jar
7f370d256000-7f370d2ec000 rw-p 00000000 00:00 0 
7f370d2ec000-7f370d2ef000 ---p 00000000 00:00 0 
7f370d2ef000-7f370d3f1000 rw-p 00000000 00:00 0 
7f370d3f1000-7f370d3f6000 r--s 00084000 08:05 19136                      /usr/lib/jvm/java-8-oracle/jre/lib/jfr.jar
7f370d3f6000-7f370d3f9000 r--s 0001a000 08:05 19293                      /usr/lib/jvm/java-8-oracle/jre/lib/jce.jar
7f370d3f9000-7f370d403000 r--s 0006c000 08:05 19144                      /usr/lib/jvm/java-8-oracle/jre/lib/javaws.jar
7f370d403000-7f370d408000 r--s 002f9000 08:05 18982                      /usr/lib/jvm/java-8-oracle/jre/lib/charsets.jar
7f370d408000-7f370d410000 rw-s 00000000 08:05 1598453                    /tmp/hsperfdata_slavik/14840
7f370d410000-7f370d411000 rw-p 00000000 00:00 0 
7f370d411000-7f370d412000 r--p 00000000 00:00 0 
7f370d412000-7f370d414000 rw-p 00000000 00:00 0 
7f370d414000-7f370d415000 r--p 00025000 08:05 132287                     /lib/x86_64-linux-gnu/ld-2.23.so
7f370d415000-7f370d416000 rw-p 00026000 08:05 132287                     /lib/x86_64-linux-gnu/ld-2.23.so
7f370d416000-7f370d417000 rw-p 00000000 00:00 0 
7fff55e28000-7fff55e4a000 rw-p 00000000 00:00 0                          [stack]
7fff55e78000-7fff55e7a000 r--p 00000000 00:00 0                          [vvar]
7fff55e7a000-7fff55e7c000 r-xp 00000000 00:00 0                          [vdso]
ffffffffff600000-ffffffffff601000 r-xp 00000000 00:00 0                  [vsyscall]

VM Arguments:
jvm_args: -javaagent:/media/slavik/3EC2F10CC2F0C8E3/install/idea-IU-171.3780.107/lib/idea_rt.jar=41329:/media/slavik/3EC2F10CC2F0C8E3/install/idea-IU-171.3780.107/bin -Dfile.encoding=UTF-8 
java_command: lab5
java_class_path (initial): /usr/lib/jvm/java-8-oracle/jre/lib/charsets.jar:/usr/lib/jvm/java-8-oracle/jre/lib/deploy.jar:/usr/lib/jvm/java-8-oracle/jre/lib/ext/cldrdata.jar:/usr/lib/jvm/java-8-oracle/jre/lib/ext/dnsns.jar:/usr/lib/jvm/java-8-oracle/jre/lib/ext/jaccess.jar:/usr/lib/jvm/java-8-oracle/jre/lib/ext/jfxrt.jar:/usr/lib/jvm/java-8-oracle/jre/lib/ext/localedata.jar:/usr/lib/jvm/java-8-oracle/jre/lib/ext/nashorn.jar:/usr/lib/jvm/java-8-oracle/jre/lib/ext/sunec.jar:/usr/lib/jvm/java-8-oracle/jre/lib/ext/sunjce_provider.jar:/usr/lib/jvm/java-8-oracle/jre/lib/ext/sunpkcs11.jar:/usr/lib/jvm/java-8-oracle/jre/lib/ext/zipfs.jar:/usr/lib/jvm/java-8-oracle/jre/lib/javaws.jar:/usr/lib/jvm/java-8-oracle/jre/lib/jce.jar:/usr/lib/jvm/java-8-oracle/jre/lib/jfr.jar:/usr/lib/jvm/java-8-oracle/jre/lib/jfxswt.jar:/usr/lib/jvm/java-8-oracle/jre/lib/jsse.jar:/usr/lib/jvm/java-8-oracle/jre/lib/management-agent.jar:/usr/lib/jvm/java-8-oracle/jre/lib/plugin.jar:/usr/lib/jvm/java-8-oracle/jre/lib/resources.jar:/usr/lib/jvm/java-8-oracle/jre/lib/rt.jar:/home/slavik/Dropbox/itmo/1course/programming/lab5/out/production/lab5:/home/slavik/Dropbox/itmo/1course/programming/lab5/lib/gson-2.8.0.jar:/home/slavik/Dropbox/itmo/1course/programming/lab5/lib/junit-4.12.jar:/home/slavik/Dropbox/itmo/1course/programming/lab5/lib/jsch-0.1.54.jar:/home/slavik/Dropbox/itmo/1course/programming/lab5/lib/opencsv-3.9.jar:/home/slavik/Dropbox/itmo/1course/programming/lab5/lib/hamcrest-core-1.3.jar:/home/slavik/Dropbox/itmo/1course/programming/lab5/lib/postgresql-9.4.1212.jar:/media/slavik/3EC2F10CC2F0C8E3/install/idea-IU-171.3780.107/lib/jcip-annotations.jar:/media/slavik/3EC2F10CC2F0C8E3/install/idea-IU-171.3780.107/lib/idea_rt.jar
Launcher Type: SUN_STANDARD

Environment Variables:
JAVA_HOME=/usr/lib/jvm/java-8-oracle
PATH=/home/slavik/bin:/home/slavik/.local/bin:/usr/local/sbin:/usr/local/bin:/usr/sbin:/usr/bin:/sbin:/bin:/usr/games:/usr/local/games:/snap/bin:/usr/lib/jvm/java-8-oracle/bin:/usr/lib/jvm/java-8-oracle/db/bin:/usr/lib/jvm/java-8-oracle/jre/bin
LD_LIBRARY_PATH=/media/slavik/3EC2F10CC2F0C8E3/install/idea-IU-171.3780.107/bin:
SHELL=/usr/bin/zsh
DISPLAY=:0

Signal Handlers:
SIGSEGV: [libjvm.so+0xac78c0], sa_mask[0]=11111111011111111101111111111110, sa_flags=SA_RESTART|SA_SIGINFO
SIGBUS: [libjvm.so+0xac78c0], sa_mask[0]=11111111011111111101111111111110, sa_flags=SA_RESTART|SA_SIGINFO
SIGFPE: [libjvm.so+0x920ac0], sa_mask[0]=11111111011111111101111111111110, sa_flags=SA_RESTART|SA_SIGINFO
SIGPIPE: SIG_IGN, sa_mask[0]=00000000000010000000000000000000, sa_flags=SA_RESTART
SIGXFSZ: [libjvm.so+0x920ac0], sa_mask[0]=11111111011111111101111111111110, sa_flags=SA_RESTART|SA_SIGINFO
SIGILL: [libjvm.so+0x920ac0], sa_mask[0]=11111111011111111101111111111110, sa_flags=SA_RESTART|SA_SIGINFO
SIGUSR1: SIG_DFL, sa_mask[0]=00000000000000000000000000000000, sa_flags=none
SIGUSR2: [libjvm.so+0x922300], sa_mask[0]=00100000000000000000000000000000, sa_flags=SA_RESTART|SA_SIGINFO
SIGHUP: [libjvm.so+0x923700], sa_mask[0]=11111111011111111101111111111110, sa_flags=SA_RESTART|SA_SIGINFO
SIGINT: [libjvm.so+0x923700], sa_mask[0]=11111111011111111101111111111110, sa_flags=SA_RESTART|SA_SIGINFO
SIGTERM: [libjvm.so+0x923700], sa_mask[0]=11111111011111111101111111111110, sa_flags=SA_RESTART|SA_SIGINFO
SIGQUIT: [libjvm.so+0x923700], sa_mask[0]=11111111011111111101111111111110, sa_flags=SA_RESTART|SA_SIGINFO


---------------  S Y S T E M  ---------------

OS:DISTRIB_ID=Ubuntu
DISTRIB_RELEASE=16.04
DISTRIB_CODENAME=xenial
DISTRIB_DESCRIPTION="Ubuntu 16.04.2 LTS"

uname:Linux 4.4.0-75-generic #96-Ubuntu SMP Thu Apr 20 09:56:33 UTC 2017 x86_64
libc:glibc 2.23 NPTL 2.23 
rlimit: STACK 8192k, CORE 0k, NPROC 47515, NOFILE 65536, AS infinity
load average:2,84 2,31 1,73

/proc/meminfo:
MemTotal:       12210652 kB
MemFree:         3200052 kB
MemAvailable:    5065204 kB
Buffers:          311324 kB
Cached:          2966512 kB
SwapCached:          216 kB
Active:          6426500 kB
Inactive:        2094208 kB
Active(anon):    5187492 kB
Inactive(anon):  1379600 kB
Active(file):    1239008 kB
Inactive(file):   714608 kB
Unevictable:         396 kB
Mlocked:             396 kB
SwapTotal:        584700 kB
SwapFree:         537448 kB
Dirty:             14096 kB
Writeback:             0 kB
AnonPages:       5243164 kB
Mapped:           974340 kB
Shmem:           1324220 kB
Slab:             317104 kB
SReclaimable:     234184 kB
SUnreclaim:        82920 kB
KernelStack:       15328 kB
PageTables:        70136 kB
NFS_Unstable:          0 kB
Bounce:                0 kB
WritebackTmp:          0 kB
CommitLimit:     6690024 kB
Committed_AS:   14944436 kB
VmallocTotal:   34359738367 kB
VmallocUsed:           0 kB
VmallocChunk:          0 kB
HardwareCorrupted:     0 kB
AnonHugePages:   2676736 kB
CmaTotal:              0 kB
CmaFree:               0 kB
HugePages_Total:       0
HugePages_Free:        0
HugePages_Rsvd:        0
HugePages_Surp:        0
Hugepagesize:       2048 kB
DirectMap4k:      568400 kB
DirectMap2M:    11923456 kB


CPU:total 4 (2 cores per cpu, 2 threads per core) family 6 model 42 stepping 7, cmov, cx8, fxsr, mmx, sse, sse2, sse3, ssse3, sse4.1, sse4.2, popcnt, avx, clmul, ht, tsc, tscinvbit

/proc/cpuinfo:
processor	: 0
vendor_id	: GenuineIntel
cpu family	: 6
model		: 42
model name	: Intel(R) Core(TM) i3-2350M CPU @ 2.30GHz
stepping	: 7
microcode	: 0x1b
cpu MHz		: 2300.000
cache size	: 3072 KB
physical id	: 0
siblings	: 4
core id		: 0
cpu cores	: 2
apicid		: 0
initial apicid	: 0
fpu		: yes
fpu_exception	: yes
cpuid level	: 13
wp		: yes
flags		: fpu vme de pse tsc msr pae mce cx8 apic sep mtrr pge mca cmov pat pse36 clflush dts acpi mmx fxsr sse sse2 ss ht tm pbe syscall nx rdtscp lm constant_tsc arch_perfmon pebs bts rep_good nopl xtopology nonstop_tsc aperfmperf eagerfpu pni pclmulqdq dtes64 monitor ds_cpl vmx est tm2 ssse3 cx16 xtpr pdcm pcid sse4_1 sse4_2 x2apic popcnt tsc_deadline_timer xsave avx lahf_lm epb tpr_shadow vnmi flexpriority ept vpid xsaveopt dtherm arat pln pts
bugs		:
bogomips	: 4589.68
clflush size	: 64
cache_alignment	: 64
address sizes	: 36 bits physical, 48 bits virtual
power management:

processor	: 1
vendor_id	: GenuineIntel
cpu family	: 6
model		: 42
model name	: Intel(R) Core(TM) i3-2350M CPU @ 2.30GHz
stepping	: 7
microcode	: 0x1b
cpu MHz		: 2300.000
cache size	: 3072 KB
physical id	: 0
siblings	: 4
core id		: 1
cpu cores	: 2
apicid		: 2
initial apicid	: 2
fpu		: yes
fpu_exception	: yes
cpuid level	: 13
wp		: yes
flags		: fpu vme de pse tsc msr pae mce cx8 apic sep mtrr pge mca cmov pat pse36 clflush dts acpi mmx fxsr sse sse2 ss ht tm pbe syscall nx rdtscp lm constant_tsc arch_perfmon pebs bts rep_good nopl xtopology nonstop_tsc aperfmperf eagerfpu pni pclmulqdq dtes64 monitor ds_cpl vmx est tm2 ssse3 cx16 xtpr pdcm pcid sse4_1 sse4_2 x2apic popcnt tsc_deadline_timer xsave avx lahf_lm epb tpr_shadow vnmi flexpriority ept vpid xsaveopt dtherm arat pln pts
bugs		:
bogomips	: 4589.68
clflush size	: 64
cache_alignment	: 64
address sizes	: 36 bits physical, 48 bits virtual
power management:

processor	: 2
vendor_id	: GenuineIntel
cpu family	: 6
model		: 42
model name	: Intel(R) Core(TM) i3-2350M CPU @ 2.30GHz
stepping	: 7
microcode	: 0x1b
cpu MHz		: 2299.910
cache size	: 3072 KB
physical id	: 0
siblings	: 4
core id		: 0
cpu cores	: 2
apicid		: 1
initial apicid	: 1
fpu		: yes
fpu_exception	: yes
cpuid level	: 13
wp		: yes
flags		: fpu vme de pse tsc msr pae mce cx8 apic sep mtrr pge mca cmov pat pse36 clflush dts acpi mmx fxsr sse sse2 ss ht tm pbe syscall nx rdtscp lm constant_tsc arch_perfmon pebs bts rep_good nopl xtopology nonstop_tsc aperfmperf eagerfpu pni pclmulqdq dtes64 monitor ds_cpl vmx est tm2 ssse3 cx16 xtpr pdcm pcid sse4_1 sse4_2 x2apic popcnt tsc_deadline_timer xsave avx lahf_lm epb tpr_shadow vnmi flexpriority ept vpid xsaveopt dtherm arat pln pts
bugs		:
bogomips	: 4589.68
clflush size	: 64
cache_alignment	: 64
address sizes	: 36 bits physical, 48 bits virtual
power management:

processor	: 3
vendor_id	: GenuineIntel
cpu family	: 6
model		: 42
model name	: Intel(R) Core(TM) i3-2350M CPU @ 2.30GHz
stepping	: 7
microcode	: 0x1b
cpu MHz		: 2299.910
cache size	: 3072 KB
physical id	: 0
siblings	: 4
core id		: 1
cpu cores	: 2
apicid		: 3
initial apicid	: 3
fpu		: yes
fpu_exception	: yes
cpuid level	: 13
wp		: yes
flags		: fpu vme de pse tsc msr pae mce cx8 apic sep mtrr pge mca cmov pat pse36 clflush dts acpi mmx fxsr sse sse2 ss ht tm pbe syscall nx rdtscp lm constant_tsc arch_perfmon pebs bts rep_good nopl xtopology nonstop_tsc aperfmperf eagerfpu pni pclmulqdq dtes64 monitor ds_cpl vmx est tm2 ssse3 cx16 xtpr pdcm pcid sse4_1 sse4_2 x2apic popcnt tsc_deadline_timer xsave avx lahf_lm epb tpr_shadow vnmi flexpriority ept vpid xsaveopt dtherm arat pln pts
bugs		:
bogomips	: 4589.68
clflush size	: 64
cache_alignment	: 64
address sizes	: 36 bits physical, 48 bits virtual
power management:



Memory: 4k page, physical 12210652k(3200052k free), swap 584700k(537448k free)

vm_info: Java HotSpot(TM) 64-Bit Server VM (25.121-b13) for linux-amd64 JRE (1.8.0_121-b13), built on Dec 12 2016 16:36:53 by "java_re" with gcc 4.3.0 20080428 (Red Hat 4.3.0-8)

time: Mon May  8 21:06:58 2017
elapsed time: 10 seconds (0d 0h 0m 10s)

