#
# A fatal error has been detected by the Java Runtime Environment:
#
#  SIGSEGV (0xb) at pc=0x00007f5f689ad8f8, pid=18348, tid=0x00007f5f0468f700
#
# JRE version: Java(TM) SE Runtime Environment (8.0_121-b13) (build 1.8.0_121-b13)
# Java VM: Java HotSpot(TM) 64-Bit Server VM (25.121-b13 mixed mode linux-amd64 compressed oops)
# Problematic frame:
# V  [libjvm.so+0x6d28f8]  jni_invoke_nonstatic(JNIEnv_*, JavaValue*, _jobject*, JNICallType, _jmethodID*, JNI_ArgumentPusher*, Thread*)+0x38
#
# Failed to write core dump. Core dumps have been disabled. To enable core dumping, try "ulimit -c unlimited" before starting Java again
#
# If you would like to submit a bug report, please visit:
#   http://bugreport.java.com/bugreport/crash.jsp
#

---------------  T H R E A D  ---------------

Current thread (0x00007f5f603a7000):  JavaThread "JavaFX Application Thread" [_thread_in_vm, id=18392, stack(0x00007f5f0458f000,0x00007f5f04690000)]

siginfo: si_signo: 11 (SIGSEGV), si_code: 1 (SEGV_MAPERR), si_addr: 0x0000000073754244

Registers:
RAX=0x00007f5f0468e2c0, RBX=0x00007f5f0468e1d0, RCX=0x0000000000000001, RDX=0x0000000073754244
RSP=0x00007f5f0468e020, RBP=0x00007f5f0468e1a0, RSI=0x00007f5f0468e230, RDI=0x00007f5f603a71f8
R8 =0x00007f5f6032a718, R9 =0x00007f5f0468e1d0, R10=0x00007f5ee4000ad0, R11=0x00007f5f51659d40
R12=0x00007f5f603a7000, R13=0x00007f5f6032a718, R14=0x0000000000000001, R15=0x00007f5f603a71f8
RIP=0x00007f5f689ad8f8, EFLAGS=0x0000000000010206, CSGSFS=0x0000000000000033, ERR=0x0000000000000004
  TRAPNO=0x000000000000000e

Top of Stack: (sp=0x00007f5f0468e020)
0x00007f5f0468e020:   00007f5f0468e720 00007f5f0468e340
0x00007f5f0468e030:   00007f5f0468e080 00007f5f0468e100
0x00007f5f0468e040:   00007f5f0468e1d0 00007f5f0468e230
0x00007f5f0468e050:   00007f5f603a71f8 00007f5f689cd400
0x00007f5f0468e060:   00007f5f10000b70 00007f5f10000b80
0x00007f5f0468e070:   00007f5f10000f58 00000000000003d8
0x00007f5f0468e080:   00007f5f6534f348 0000000782a9aea0
0x00007f5f0468e090:   00007f5f0000006f 00007f5f0000000a
0x00007f5f0468e0a0:   0000000782b209c0 00007f5f00000000
0x00007f5f0468e0b0:   0000000000000000 0000000000000000
0x00007f5f0468e0c0:   00007f5f652c7830 0000000100000100
0x00007f5f0468e0d0:   00007f5f6534f348 00007f5f0468e088
0x00007f5f0468e0e0:   00007f5f0468e0c9 0000000800000005
0x00007f5f0468e0f0:   00007f5f6534f300 00007f5f603a61f0
0x00007f5f0468e100:   00007f5f6923b510 00007f5f69d3a720
0x00007f5f0468e110:   00000000603a5bc0 00007f5f603a7000
0x00007f5f0468e120:   0000000000000000 00007f5f689adccb
0x00007f5f0468e130:   00007f5f652d18e0 00007f5f603a7000
0x00007f5f0468e140:   00007f5f652d18e0 00007f5f603a7000
0x00007f5f0468e150:   00007f5f0468e2e0 00007f5f652d18e0
0x00007f5f0468e160:   00007f5f652d18e0 00007f5f652d18e0
0x00007f5f0468e170:   00007f5f10000b70 00007f5f0468e1d0
0x00007f5f0468e180:   00007f5f603a7000 00007f5f0468e210
0x00007f5f0468e190:   00007f5f6032a718 00007f5f603a71f8
0x00007f5f0468e1a0:   00007f5f0468e290 00007f5f689b209f
0x00007f5f0468e1b0:   00007f5f603a7000 00007f5f4ac6b054
0x00007f5f0468e1c0:   00007f5f0468e2a8 0000000073754244
0x00007f5f0468e1d0:   00007f5f6923c170 00007f5f69d3a720
0x00007f5f0468e1e0:   000000000468e250 0843417600000063
0x00007f5f0468e1f0:   0000000000000000 0000003000000018
0x00007f5f0468e200:   00007f5f0468e380 00007f5f0468e2c0
0x00007f5f0468e210:   00007f5f603a7000 0000000000000000 

Instructions: (pc=0x00007f5f689ad8f8)
0x00007f5f689ad8d8:   00 00 48 85 d2 48 89 bd b0 fe ff ff 48 89 b5 a8
0x00007f5f689ad8e8:   fe ff ff 4c 89 8d a0 fe ff ff 0f 84 78 09 00 00
0x00007f5f689ad8f8:   4c 8b 22 4d 85 e4 0f 84 6c 09 00 00 48 8b 45 10
0x00007f5f689ad908:   48 8b 98 38 01 00 00 48 83 7b 18 f7 0f 87 16 07 

Register to memory mapping:

RAX=0x00007f5f0468e2c0 is pointing into the stack for thread: 0x00007f5f603a7000
RBX=0x00007f5f0468e1d0 is pointing into the stack for thread: 0x00007f5f603a7000
RCX=0x0000000000000001 is an unknown value
RDX=0x0000000073754244 is an unknown value
RSP=0x00007f5f0468e020 is pointing into the stack for thread: 0x00007f5f603a7000
RBP=0x00007f5f0468e1a0 is pointing into the stack for thread: 0x00007f5f603a7000
RSI=0x00007f5f0468e230 is pointing into the stack for thread: 0x00007f5f603a7000
RDI=0x00007f5f603a71f8 is an unknown value
R8 =0x00007f5f6032a718 is an unknown value
R9 =0x00007f5f0468e1d0 is pointing into the stack for thread: 0x00007f5f603a7000
R10=0x00007f5ee4000ad0 is an unknown value
R11=0x00007f5f51659d40 is at entry_point+32 in (nmethod*)0x00007f5f51659bd0
R12=0x00007f5f603a7000 is a thread
R13=0x00007f5f6032a718 is an unknown value
R14=0x0000000000000001 is an unknown value
R15=0x00007f5f603a71f8 is an unknown value


Stack: [0x00007f5f0458f000,0x00007f5f04690000],  sp=0x00007f5f0468e020,  free space=1020k
Native frames: (J=compiled Java code, j=interpreted, Vv=VM code, C=native code)
V  [libjvm.so+0x6d28f8]  jni_invoke_nonstatic(JNIEnv_*, JavaValue*, _jobject*, JNICallType, _jmethodID*, JNI_ArgumentPusher*, Thread*)+0x38
V  [libjvm.so+0x6d709f]  jni_CallVoidMethodV+0x10f
C  [libglass.so+0x13e51]  JNIEnv_::CallVoidMethod(_jobject*, _jmethodID*, ...)+0x81
C  [libglass.so+0x1876f]  WindowContextBase::process_key(_GdkEventKey*)+0x20f
C  [libglass.so+0x15fe0]  WindowContextBase::im_filter_keypress(_GdkEventKey*)+0x1c0
C  [libglass.so+0x20a3c]  process_events(_GdkEvent*, void*)+0x22c
C  [libgdk-x11-2.0.so.0+0x5ac4c]

Java frames: (J=compiled Java code, j=interpreted, Vv=VM code)
j  com.sun.glass.ui.gtk.GtkApplication._runLoop(Ljava/lang/Runnable;Z)V+0
j  com.sun.glass.ui.gtk.GtkApplication.lambda$null$49(Ljava/lang/Runnable;Z)V+7
j  com.sun.glass.ui.gtk.GtkApplication$$Lambda$41.run()V+12
j  java.lang.Thread.run()V+11
v  ~StubRoutines::call_stub

---------------  P R O C E S S  ---------------

Java Threads: ( => current thread )
  0x00007f5ee41ec800 JavaThread "Prism Font Disposer" daemon [_thread_blocked, id=18397, stack(0x00007f5efa59d000,0x00007f5efa69e000)]
  0x00007f5f603ed000 JavaThread "JavaFX-Launcher" [_thread_blocked, id=18393, stack(0x00007f5f0448e000,0x00007f5f0458f000)]
=>0x00007f5f603a7000 JavaThread "JavaFX Application Thread" [_thread_in_vm, id=18392, stack(0x00007f5f0458f000,0x00007f5f04690000)]
  0x00007f5f603a3800 JavaThread "Thread-1" daemon [_thread_blocked, id=18389, stack(0x00007f5f04690000,0x00007f5f04791000)]
  0x00007f5f60318800 JavaThread "QuantumRenderer-0" daemon [_thread_blocked, id=18387, stack(0x00007f5f4b6e4000,0x00007f5f4b7e5000)]
  0x00007f5f60234000 JavaThread "Service Thread" daemon [_thread_blocked, id=18385, stack(0x00007f5f4b8e6000,0x00007f5f4b9e7000)]
  0x00007f5f60231800 JavaThread "C1 CompilerThread2" daemon [_thread_blocked, id=18384, stack(0x00007f5f4b9e7000,0x00007f5f4bae8000)]
  0x00007f5f6022d800 JavaThread "C2 CompilerThread1" daemon [_thread_blocked, id=18383, stack(0x00007f5f500eb000,0x00007f5f501ec000)]
  0x00007f5f6022c000 JavaThread "C2 CompilerThread0" daemon [_thread_blocked, id=18382, stack(0x00007f5f501ec000,0x00007f5f502ed000)]
  0x00007f5f60230000 JavaThread "Monitor Ctrl-Break" daemon [_thread_in_native, id=18381, stack(0x00007f5f502ed000,0x00007f5f503ee000)]
  0x00007f5f6017f800 JavaThread "Signal Dispatcher" daemon [_thread_blocked, id=18374, stack(0x00007f5f503ee000,0x00007f5f504ef000)]
  0x00007f5f6014c800 JavaThread "Finalizer" daemon [_thread_blocked, id=18372, stack(0x00007f5f508f9000,0x00007f5f509fa000)]
  0x00007f5f60148000 JavaThread "Reference Handler" daemon [_thread_blocked, id=18371, stack(0x00007f5f509fa000,0x00007f5f50afb000)]
  0x00007f5f6000b800 JavaThread "main" [_thread_blocked, id=18352, stack(0x00007f5f69dca000,0x00007f5f69ecb000)]

Other Threads:
  0x00007f5f60140800 VMThread [stack: 0x00007f5f50afb000,0x00007f5f50bfc000] [id=18369]
  0x00007f5f60238800 WatcherThread [stack: 0x00007f5f4b7e5000,0x00007f5f4b8e6000] [id=18386]

VM state:not at safepoint (normal execution)

VM Mutex/Monitor currently owned by a thread: None

Heap:
 PSYoungGen      total 56320K, used 20652K [0x0000000781e00000, 0x0000000785c80000, 0x00000007c0000000)
  eden space 48640K, 30% used [0x0000000781e00000,0x0000000782c62420,0x0000000784d80000)
  from space 7680K, 77% used [0x0000000784d80000,0x0000000785348de0,0x0000000785500000)
  to   space 7680K, 0% used [0x0000000785500000,0x0000000785500000,0x0000000785c80000)
 ParOldGen       total 128512K, used 16K [0x0000000705a00000, 0x000000070d780000, 0x0000000781e00000)
  object space 128512K, 0% used [0x0000000705a00000,0x0000000705a04000,0x000000070d780000)
 Metaspace       used 18945K, capacity 20280K, committed 20480K, reserved 1067008K
  class space    used 2778K, capacity 3035K, committed 3072K, reserved 1048576K

Card table byte_map: [0x00007f5f66397000,0x00007f5f6696b000] byte_map_base: 0x00007f5f62b6a000

Marking Bits: (ParMarkBitMap*) 0x00007f5f6929fc80
 Begin Bits: [0x00007f5f2e2d0000, 0x00007f5f31168000)
 End Bits:   [0x00007f5f31168000, 0x00007f5f34000000)

Polling page: 0x00007f5f69eef000

CodeCache: size=245760Kb used=8584Kb max_used=8602Kb free=237175Kb
 bounds [0x00007f5f51000000, 0x00007f5f51870000, 0x00007f5f60000000]
 total_blobs=3440 nmethods=2784 adapters=568
 compilation: enabled

Compilation events (10 events):
Event: 126,031 Thread 0x00007f5f60231800 nmethod 2818 0x00007f5f5185edd0 code [0x00007f5f5185ef80, 0x00007f5f5185f418]
Event: 126,031 Thread 0x00007f5f60231800 2819       3       javafx.geometry.Insets::hashCode (83 bytes)
Event: 126,031 Thread 0x00007f5f60231800 nmethod 2819 0x00007f5f5185f5d0 code [0x00007f5f5185f760, 0x00007f5f5185fdf0]
Event: 126,059 Thread 0x00007f5f6022c000 2827       4       com.sun.prism.impl.BaseGraphics::validateTransformAndPaint (71 bytes)
Event: 126,066 Thread 0x00007f5f6022c000 nmethod 2827 0x00007f5f51861350 code [0x00007f5f518615c0, 0x00007f5f51861d28]
Event: 126,089 Thread 0x00007f5f6022d800 nmethod 2817 0x00007f5f51867390 code [0x00007f5f518677c0, 0x00007f5f518699c8]
Event: 137,646 Thread 0x00007f5f60231800 2828       3       java.util.HashMap$Values::iterator (12 bytes)
Event: 137,646 Thread 0x00007f5f60231800 nmethod 2828 0x00007f5f51840d10 code [0x00007f5f51840e80, 0x00007f5f518410e8]
Event: 137,646 Thread 0x00007f5f60231800 2829       3       java.util.HashMap$ValueIterator::<init> (11 bytes)
Event: 137,647 Thread 0x00007f5f60231800 nmethod 2829 0x00007f5f51860f90 code [0x00007f5f51861100, 0x00007f5f518612a8]

GC Heap History (2 events):
Event: 43,104 GC heap before
{Heap before GC invocations=1 (full 0):
 PSYoungGen      total 56320K, used 48640K [0x0000000781e00000, 0x0000000785c80000, 0x00000007c0000000)
  eden space 48640K, 100% used [0x0000000781e00000,0x0000000784d80000,0x0000000784d80000)
  from space 7680K, 0% used [0x0000000785500000,0x0000000785500000,0x0000000785c80000)
  to   space 7680K, 0% used [0x0000000784d80000,0x0000000784d80000,0x0000000785500000)
 ParOldGen       total 128512K, used 0K [0x0000000705a00000, 0x000000070d780000, 0x0000000781e00000)
  object space 128512K, 0% used [0x0000000705a00000,0x0000000705a00000,0x000000070d780000)
 Metaspace       used 16785K, capacity 17668K, committed 17920K, reserved 1064960K
  class space    used 2470K, capacity 2697K, committed 2816K, reserved 1048576K
Event: 43,116 GC heap after
Heap after GC invocations=1 (full 0):
 PSYoungGen      total 56320K, used 5923K [0x0000000781e00000, 0x0000000785c80000, 0x00000007c0000000)
  eden space 48640K, 0% used [0x0000000781e00000,0x0000000781e00000,0x0000000784d80000)
  from space 7680K, 77% used [0x0000000784d80000,0x0000000785348de0,0x0000000785500000)
  to   space 7680K, 0% used [0x0000000785500000,0x0000000785500000,0x0000000785c80000)
 ParOldGen       total 128512K, used 16K [0x0000000705a00000, 0x000000070d780000, 0x0000000781e00000)
  object space 128512K, 0% used [0x0000000705a00000,0x0000000705a04000,0x000000070d780000)
 Metaspace       used 16785K, capacity 17668K, committed 17920K, reserved 1064960K
  class space    used 2470K, capacity 2697K, committed 2816K, reserved 1048576K
}

Deoptimization events (10 events):
Event: 43,471 Thread 0x00007f5f603a7000 Uncommon trap: reason=class_check action=maybe_recompile pc=0x00007f5f51372714 method=java.io.FilterInputStream.read()I @ 4
Event: 43,471 Thread 0x00007f5f603a7000 Uncommon trap: reason=class_check action=maybe_recompile pc=0x00007f5f51372714 method=java.io.FilterInputStream.read()I @ 4
Event: 43,471 Thread 0x00007f5f603a7000 Uncommon trap: reason=class_check action=maybe_recompile pc=0x00007f5f51372714 method=java.io.FilterInputStream.read()I @ 4
Event: 104,925 Thread 0x00007f5f603a7000 Uncommon trap: reason=unstable_if action=reinterpret pc=0x00007f5f51674ca8 method=com.sun.javafx.css.StyleManager.getStyleMap(Ljavafx/css/Styleable;Ljavafx/scene/SubScene;I)Lcom/sun/javafx/css/StyleMap; @ 2
Event: 108,165 Thread 0x00007f5f603a7000 Uncommon trap: reason=unstable_if action=reinterpret pc=0x00007f5f516db878 method=com.sun.javafx.css.StyleManager$CacheContainer.getStyleMap(I)Lcom/sun/javafx/css/StyleMap; @ 22
Event: 108,217 Thread 0x00007f5f603a7000 Uncommon trap: reason=class_check action=maybe_recompile pc=0x00007f5f51686d0c method=javafx.scene.Node.updateLocalToParentTransform()V @ 11
Event: 108,217 Thread 0x00007f5f603a7000 Uncommon trap: reason=class_check action=maybe_recompile pc=0x00007f5f51686d0c method=javafx.scene.Node.updateLocalToParentTransform()V @ 11
Event: 110,746 Thread 0x00007f5f603a7000 Uncommon trap: reason=class_check action=maybe_recompile pc=0x00007f5f51686d0c method=javafx.scene.Node.updateLocalToParentTransform()V @ 11
Event: 110,746 Thread 0x00007f5f603a7000 Uncommon trap: reason=class_check action=maybe_recompile pc=0x00007f5f51686d0c method=javafx.scene.Node.updateLocalToParentTransform()V @ 11
Event: 124,449 Thread 0x00007f5f603a7000 Uncommon trap: reason=unstable_if action=reinterpret pc=0x00007f5f51173e40 method=com.sun.javafx.text.TextRun.getPosX(I)F @ 75

Internal exceptions (10 events):
Event: 0,926 Thread 0x00007f5f603a7000 Exception <a 'java/lang/NullPointerException'> (0x0000000782da9a28) thrown at [/HUDSON3/workspace/8-2-build-linux-amd64/jdk8u121/8372/hotspot/src/share/vm/interpreter/linkResolver.cpp, line 1178]
Event: 0,926 Thread 0x00007f5f603a7000 Exception <a 'java/lang/NullPointerException'> (0x0000000782da9a28) thrown at [/HUDSON3/workspace/8-2-build-linux-amd64/jdk8u121/8372/hotspot/src/share/vm/prims/jvm.cpp, line 1394]
Event: 1,318 Thread 0x00007f5f603a7000 Implicit null exception at 0x00007f5f5123cdf5 to 0x00007f5f5123cfed
Event: 42,965 Thread 0x00007f5f603a7000 Exception <a 'java/lang/ArrayIndexOutOfBoundsException': 18> (0x00000007848e4630) thrown at [/HUDSON3/workspace/8-2-build-linux-amd64/jdk8u121/8372/hotspot/src/share/vm/interpreter/interpreterRuntime.cpp, line 366]
Event: 42,965 Thread 0x00007f5f603a7000 Exception <a 'java/lang/ArrayIndexOutOfBoundsException': 55> (0x00000007848e5dd0) thrown at [/HUDSON3/workspace/8-2-build-linux-amd64/jdk8u121/8372/hotspot/src/share/vm/interpreter/interpreterRuntime.cpp, line 366]
Event: 42,966 Thread 0x00007f5f603a7000 Exception <a 'java/lang/ArrayIndexOutOfBoundsException': 40> (0x00000007848e9db0) thrown at [/HUDSON3/workspace/8-2-build-linux-amd64/jdk8u121/8372/hotspot/src/share/vm/interpreter/interpreterRuntime.cpp, line 366]
Event: 43,021 Thread 0x00007f5f603a7000 Exception <a 'java/lang/ArrayIndexOutOfBoundsException': 91> (0x0000000784b4d3c0) thrown at [/HUDSON3/workspace/8-2-build-linux-amd64/jdk8u121/8372/hotspot/src/share/vm/interpreter/interpreterRuntime.cpp, line 366]
Event: 43,022 Thread 0x00007f5f603a7000 Exception <a 'java/lang/ArrayIndexOutOfBoundsException': 60> (0x0000000784b56f48) thrown at [/HUDSON3/workspace/8-2-build-linux-amd64/jdk8u121/8372/hotspot/src/share/vm/interpreter/interpreterRuntime.cpp, line 366]
Event: 43,030 Thread 0x00007f5f603a7000 Exception <a 'java/lang/ArrayIndexOutOfBoundsException'> (0x0000000784b81f40) thrown at [/HUDSON3/workspace/8-2-build-linux-amd64/jdk8u121/8372/hotspot/src/share/vm/runtime/sharedRuntime.cpp, line 605]
Event: 43,032 Thread 0x00007f5f603a7000 Exception <a 'java/lang/ArrayIndexOutOfBoundsException'> (0x0000000784b8ea48) thrown at [/HUDSON3/workspace/8-2-build-linux-amd64/jdk8u121/8372/hotspot/src/share/vm/runtime/sharedRuntime.cpp, line 605]

Events (10 events):
Event: 125,930 loading class com/google/gson/internal/UnsafeAllocator$3
Event: 125,930 loading class com/google/gson/internal/UnsafeAllocator$3 done
Event: 125,931 loading class com/google/gson/internal/UnsafeAllocator$4
Event: 125,931 loading class com/google/gson/internal/UnsafeAllocator$4 done
Event: 126,019 Executing VM operation: RevokeBias
Event: 126,019 Executing VM operation: RevokeBias done
Event: 137,644 loading class javafx/scene/input/KeyCombination$2
Event: 137,644 loading class javafx/scene/input/KeyCombination$2 done
Event: 137,649 loading class com/sun/javafx/scene/KeyboardShortcutsHandler$1
Event: 137,649 loading class com/sun/javafx/scene/KeyboardShortcutsHandler$1 done


Dynamic libraries:
00400000-00401000 r-xp 00000000 08:05 18953                              /usr/lib/jvm/java-8-oracle/bin/java
00600000-00601000 rw-p 00000000 08:05 18953                              /usr/lib/jvm/java-8-oracle/bin/java
00b69000-00b8a000 rw-p 00000000 00:00 0                                  [heap]
705a00000-70d780000 rw-p 00000000 00:00 0 
70d780000-781e00000 ---p 00000000 00:00 0 
781e00000-785c80000 rw-p 00000000 00:00 0 
785c80000-7c0000000 ---p 00000000 00:00 0 
7c0000000-7c0300000 rw-p 00000000 00:00 0 
7c0300000-800000000 ---p 00000000 00:00 0 
7f5edc000000-7f5edc021000 rw-p 00000000 00:00 0 
7f5edc021000-7f5ee0000000 ---p 00000000 00:00 0 
7f5ee4000000-7f5ee4616000 rw-p 00000000 00:00 0 
7f5ee4616000-7f5ee8000000 ---p 00000000 00:00 0 
7f5ee8000000-7f5ee8021000 rw-p 00000000 00:00 0 
7f5ee8021000-7f5eec000000 ---p 00000000 00:00 0 
7f5eec000000-7f5eec021000 rw-p 00000000 00:00 0 
7f5eec021000-7f5ef0000000 ---p 00000000 00:00 0 
7f5ef0000000-7f5ef0021000 rw-p 00000000 00:00 0 
7f5ef0021000-7f5ef4000000 ---p 00000000 00:00 0 
7f5ef4000000-7f5ef4022000 rw-p 00000000 00:00 0 
7f5ef4022000-7f5ef8000000 ---p 00000000 00:00 0 
7f5ef9b30000-7f5ef9b40000 rw-s 00000000 00:05 187170                     /drm mm object (deleted)
7f5ef9b40000-7f5ef9c40000 rw-p 00000000 00:00 0 
7f5ef9c40000-7f5ef9d40000 ---p 00000000 00:00 0 
7f5ef9d40000-7f5ef9f40000 rw-p 00000000 00:00 0 
7f5ef9f44000-7f5ef9f4a000 rw-s 00000000 00:05 190656                     /drm mm object (deleted)
7f5ef9f4a000-7f5ef9f52000 rw-s 00000000 00:05 188962                     /drm mm object (deleted)
7f5ef9f52000-7f5ef9f58000 rw-s 00000000 00:05 189553                     /drm mm object (deleted)
7f5ef9f58000-7f5ef9fb8000 rw-s 00000000 00:05 189515                     /drm mm object (deleted)
7f5ef9fb8000-7f5ef9fc4000 rw-s 00000000 00:05 189514                     /drm mm object (deleted)
7f5ef9fc4000-7f5efa144000 rw-s 101ce6000 00:06 218                       /dev/dri/card1
7f5efa144000-7f5efa154000 rw-s 101cd6000 00:06 218                       /dev/dri/card1
7f5efa154000-7f5efa2d4000 rw-s 00000000 00:05 189507                     /drm mm object (deleted)
7f5efa2d4000-7f5efa2e4000 rw-s 00000000 00:05 188961                     /drm mm object (deleted)
7f5efa2e4000-7f5efa4e4000 rw-p 00000000 00:00 0 
7f5efa4e4000-7f5efa59d000 r--p 00000000 08:05 656589                     /usr/share/fonts/truetype/dejavu/DejaVuSans.ttf
7f5efa59d000-7f5efa5a0000 ---p 00000000 00:00 0 
7f5efa5a0000-7f5efa89e000 rw-p 00000000 00:00 0 
7f5efa89e000-7f5efaa9e000 rw-p 00000000 00:00 0 
7f5efaa9e000-7f5efaad4000 r-xp 00000000 08:05 19059                      /usr/lib/jvm/java-8-oracle/jre/lib/amd64/libjavafx_iio.so
7f5efaad4000-7f5efacd3000 ---p 00036000 08:05 19059                      /usr/lib/jvm/java-8-oracle/jre/lib/amd64/libjavafx_iio.so
7f5efacd3000-7f5efacd4000 rw-p 00035000 08:05 19059                      /usr/lib/jvm/java-8-oracle/jre/lib/amd64/libjavafx_iio.so
7f5efacd4000-7f5efacfa000 r--p 00000000 08:05 656640                     /usr/share/fonts/truetype/liberation/LiberationSerif-Regular.ttf
7f5efacfa000-7f5efad4f000 r--p 00000000 08:05 19128                      /usr/lib/jvm/java-8-oracle/jre/lib/fonts/LucidaBrightRegular.ttf
7f5efad4f000-7f5efadfa000 r--p 00000000 08:05 19125                      /usr/lib/jvm/java-8-oracle/jre/lib/fonts/LucidaSansRegular.ttf
7f5efadfa000-7f5efadfe000 r-xp 00000000 08:05 19074                      /usr/lib/jvm/java-8-oracle/jre/lib/amd64/libjavafx_font_pango.so
7f5efadfe000-7f5efaffd000 ---p 00004000 08:05 19074                      /usr/lib/jvm/java-8-oracle/jre/lib/amd64/libjavafx_font_pango.so
7f5efaffd000-7f5efaffe000 rw-p 00003000 08:05 19074                      /usr/lib/jvm/java-8-oracle/jre/lib/amd64/libjavafx_font_pango.so
7f5efaffe000-7f5efafff000 ---p 00000000 00:00 0 
7f5efafff000-7f5efb7ff000 rw-p 00000000 00:00 0 
7f5efb7ff000-7f5efb800000 ---p 00000000 00:00 0 
7f5efb800000-7f5efc000000 rw-p 00000000 00:00 0 
7f5efc000000-7f5efc021000 rw-p 00000000 00:00 0 
7f5efc021000-7f5f00000000 ---p 00000000 00:00 0 
7f5f00000000-7f5f020f2000 rw-p 00000000 00:00 0 
7f5f020f2000-7f5f04000000 ---p 00000000 00:00 0 
7f5f04002000-7f5f04003000 rw-s 00000000 00:05 189519                     /drm mm object (deleted)
7f5f04003000-7f5f04004000 rw-s 00000000 00:05 184197                     /drm mm object (deleted)
7f5f04004000-7f5f04008000 rw-s 101e68000 00:06 218                       /dev/dri/card1
7f5f04008000-7f5f04010000 rw-s 00000000 00:05 188960                     /drm mm object (deleted)
7f5f04010000-7f5f0404a000 r--p 00000000 08:05 19127                      /usr/lib/jvm/java-8-oracle/jre/lib/fonts/LucidaTypewriterBold.ttf
7f5f0404a000-7f5f04086000 r--p 00000000 08:05 19131                      /usr/lib/jvm/java-8-oracle/jre/lib/fonts/LucidaTypewriterRegular.ttf
7f5f04086000-7f5f0408b000 r-xp 00000000 08:05 19070                      /usr/lib/jvm/java-8-oracle/jre/lib/amd64/libjavafx_font_freetype.so
7f5f0408b000-7f5f0428a000 ---p 00005000 08:05 19070                      /usr/lib/jvm/java-8-oracle/jre/lib/amd64/libjavafx_font_freetype.so
7f5f0428a000-7f5f0428b000 rw-p 00004000 08:05 19070                      /usr/lib/jvm/java-8-oracle/jre/lib/amd64/libjavafx_font_freetype.so
7f5f0428b000-7f5f0428e000 r-xp 00000000 08:05 19032                      /usr/lib/jvm/java-8-oracle/jre/lib/amd64/libjavafx_font.so
7f5f0428e000-7f5f0448d000 ---p 00003000 08:05 19032                      /usr/lib/jvm/java-8-oracle/jre/lib/amd64/libjavafx_font.so
7f5f0448d000-7f5f0448e000 rw-p 00002000 08:05 19032                      /usr/lib/jvm/java-8-oracle/jre/lib/amd64/libjavafx_font.so
7f5f0448e000-7f5f04491000 ---p 00000000 00:00 0 
7f5f04491000-7f5f0458f000 rw-p 00000000 00:00 0 
7f5f0458f000-7f5f04592000 ---p 00000000 00:00 0 
7f5f04592000-7f5f04690000 rw-p 00000000 00:00 0 
7f5f04690000-7f5f04693000 ---p 00000000 00:00 0 
7f5f04693000-7f5f04791000 rw-p 00000000 00:00 0 
7f5f04791000-7f5f04792000 ---p 00000000 00:00 0 
7f5f04792000-7f5f04f92000 rw-p 00000000 00:00 0 
7f5f04f92000-7f5f04f9d000 r-xp 00000000 08:05 1477                       /usr/lib/x86_64-linux-gnu/gio/modules/libdconfsettings.so
7f5f04f9d000-7f5f0519d000 ---p 0000b000 08:05 1477                       /usr/lib/x86_64-linux-gnu/gio/modules/libdconfsettings.so
7f5f0519d000-7f5f0519e000 r--p 0000b000 08:05 1477                       /usr/lib/x86_64-linux-gnu/gio/modules/libdconfsettings.so
7f5f0519e000-7f5f0519f000 rw-p 0000c000 08:05 1477                       /usr/lib/x86_64-linux-gnu/gio/modules/libdconfsettings.so
7f5f0519f000-7f5f051a6000 r-xp 00000000 08:05 1712205                    /usr/lib/x86_64-linux-gnu/libogg.so.0.8.2
7f5f051a6000-7f5f053a6000 ---p 00007000 08:05 1712205                    /usr/lib/x86_64-linux-gnu/libogg.so.0.8.2
7f5f053a6000-7f5f053a7000 r--p 00007000 08:05 1712205                    /usr/lib/x86_64-linux-gnu/libogg.so.0.8.2
7f5f053a7000-7f5f053a8000 rw-p 00008000 08:05 1712205                    /usr/lib/x86_64-linux-gnu/libogg.so.0.8.2
7f5f053a8000-7f5f053d2000 r-xp 00000000 08:05 1712553                    /usr/lib/x86_64-linux-gnu/libvorbis.so.0.4.8
7f5f053d2000-7f5f055d2000 ---p 0002a000 08:05 1712553                    /usr/lib/x86_64-linux-gnu/libvorbis.so.0.4.8
7f5f055d2000-7f5f055d3000 r--p 0002a000 08:05 1712553                    /usr/lib/x86_64-linux-gnu/libvorbis.so.0.4.8
7f5f055d3000-7f5f055d4000 rw-p 0002b000 08:05 1712553                    /usr/lib/x86_64-linux-gnu/libvorbis.so.0.4.8
7f5f055d4000-7f5f055dd000 r-xp 00000000 08:05 1712072                    /usr/lib/x86_64-linux-gnu/libltdl.so.7.3.1
7f5f055dd000-7f5f057dc000 ---p 00009000 08:05 1712072                    /usr/lib/x86_64-linux-gnu/libltdl.so.7.3.1
7f5f057dc000-7f5f057dd000 r--p 00008000 08:05 1712072                    /usr/lib/x86_64-linux-gnu/libltdl.so.7.3.1
7f5f057dd000-7f5f057de000 rw-p 00009000 08:05 1712072                    /usr/lib/x86_64-linux-gnu/libltdl.so.7.3.1
7f5f057de000-7f5f057f2000 r-xp 00000000 08:05 1712446                    /usr/lib/x86_64-linux-gnu/libtdb.so.1.3.8
7f5f057f2000-7f5f059f1000 ---p 00014000 08:05 1712446                    /usr/lib/x86_64-linux-gnu/libtdb.so.1.3.8
7f5f059f1000-7f5f059f2000 r--p 00013000 08:05 1712446                    /usr/lib/x86_64-linux-gnu/libtdb.so.1.3.8
7f5f059f2000-7f5f059f3000 rw-p 00014000 08:05 1712446                    /usr/lib/x86_64-linux-gnu/libtdb.so.1.3.8
7f5f059f3000-7f5f059fa000 r-xp 00000000 08:05 1712557                    /usr/lib/x86_64-linux-gnu/libvorbisfile.so.3.3.7
7f5f059fa000-7f5f05bfa000 ---p 00007000 08:05 1712557                    /usr/lib/x86_64-linux-gnu/libvorbisfile.so.3.3.7
7f5f05bfa000-7f5f05bfb000 r--p 00007000 08:05 1712557                    /usr/lib/x86_64-linux-gnu/libvorbisfile.so.3.3.7
7f5f05bfb000-7f5f05bfc000 rw-p 00008000 08:05 1712557                    /usr/lib/x86_64-linux-gnu/libvorbisfile.so.3.3.7
7f5f05bfc000-7f5f05c0c000 r-xp 00000000 08:05 1711469                    /usr/lib/x86_64-linux-gnu/libcanberra.so.0.2.5
7f5f05c0c000-7f5f05e0b000 ---p 00010000 08:05 1711469                    /usr/lib/x86_64-linux-gnu/libcanberra.so.0.2.5
7f5f05e0b000-7f5f05e0c000 r--p 0000f000 08:05 1711469                    /usr/lib/x86_64-linux-gnu/libcanberra.so.0.2.5
7f5f05e0c000-7f5f05e0d000 rw-p 00010000 08:05 1711469                    /usr/lib/x86_64-linux-gnu/libcanberra.so.0.2.5
7f5f05e0d000-7f5f05e11000 r-xp 00000000 08:05 1711465                    /usr/lib/x86_64-linux-gnu/libcanberra-gtk.so.0.1.9
7f5f05e11000-7f5f06010000 ---p 00004000 08:05 1711465                    /usr/lib/x86_64-linux-gnu/libcanberra-gtk.so.0.1.9
7f5f06010000-7f5f06011000 r--p 00003000 08:05 1711465                    /usr/lib/x86_64-linux-gnu/libcanberra-gtk.so.0.1.9
7f5f06011000-7f5f06012000 rw-p 00004000 08:05 1711465                    /usr/lib/x86_64-linux-gnu/libcanberra-gtk.so.0.1.9
7f5f06012000-7f5f06017000 r-xp 00000000 08:05 1692                       /usr/lib/x86_64-linux-gnu/gtk-2.0/modules/libcanberra-gtk-module.so
7f5f06017000-7f5f06216000 ---p 00005000 08:05 1692                       /usr/lib/x86_64-linux-gnu/gtk-2.0/modules/libcanberra-gtk-module.so
7f5f06216000-7f5f06217000 r--p 00004000 08:05 1692                       /usr/lib/x86_64-linux-gnu/gtk-2.0/modules/libcanberra-gtk-module.so
7f5f06217000-7f5f06218000 rw-p 00005000 08:05 1692                       /usr/lib/x86_64-linux-gnu/gtk-2.0/modules/libcanberra-gtk-module.so
7f5f06218000-7f5f06222000 r-xp 00000000 08:05 12238                      /usr/lib/x86_64-linux-gnu/gtk-2.0/2.10.0/engines/libpixmap.so
7f5f06222000-7f5f06421000 ---p 0000a000 08:05 12238                      /usr/lib/x86_64-linux-gnu/gtk-2.0/2.10.0/engines/libpixmap.so
7f5f06421000-7f5f06422000 r--p 00009000 08:05 12238                      /usr/lib/x86_64-linux-gnu/gtk-2.0/2.10.0/engines/libpixmap.so
7f5f06422000-7f5f06423000 rw-p 0000a000 08:05 12238                      /usr/lib/x86_64-linux-gnu/gtk-2.0/2.10.0/engines/libpixmap.so
7f5f06423000-7f5f06453000 r-xp 00000000 08:05 1577                       /usr/lib/x86_64-linux-gnu/gtk-2.0/2.10.0/engines/libmurrine.so
7f5f06453000-7f5f06653000 ---p 00030000 08:05 1577                       /usr/lib/x86_64-linux-gnu/gtk-2.0/2.10.0/engines/libmurrine.so
7f5f06653000-7f5f06654000 r--p 00030000 08:05 1577                       /usr/lib/x86_64-linux-gnu/gtk-2.0/2.10.0/engines/libmurrine.so
7f5f06654000-7f5f06655000 rw-p 00031000 08:05 1577                       /usr/lib/x86_64-linux-gnu/gtk-2.0/2.10.0/engines/libmurrine.so
7f5f06655000-7f5f06665000 r-xp 00000000 08:05 1712502                    /usr/lib/x86_64-linux-gnu/libunity-gtk2-parser.so.0.0.0
7f5f06665000-7f5f06865000 ---p 00010000 08:05 1712502                    /usr/lib/x86_64-linux-gnu/libunity-gtk2-parser.so.0.0.0
7f5f06865000-7f5f06866000 r--p 00010000 08:05 1712502                    /usr/lib/x86_64-linux-gnu/libunity-gtk2-parser.so.0.0.0
7f5f06866000-7f5f06867000 rw-p 00011000 08:05 1712502                    /usr/lib/x86_64-linux-gnu/libunity-gtk2-parser.so.0.0.0
7f5f06867000-7f5f0686c000 r-xp 00000000 08:05 1696                       /usr/lib/x86_64-linux-gnu/gtk-2.0/modules/libunity-gtk-module.so
7f5f0686c000-7f5f06a6b000 ---p 00005000 08:05 1696                       /usr/lib/x86_64-linux-gnu/gtk-2.0/modules/libunity-gtk-module.so
7f5f06a6b000-7f5f06a6c000 r--p 00004000 08:05 1696                       /usr/lib/x86_64-linux-gnu/gtk-2.0/modules/libunity-gtk-module.so
7f5f06a6c000-7f5f06a6d000 rw-p 00005000 08:05 1696                       /usr/lib/x86_64-linux-gnu/gtk-2.0/modules/libunity-gtk-module.so
7f5f06a6d000-7f5f06a8e000 r-xp 00000000 08:05 135779                     /lib/x86_64-linux-gnu/liblzma.so.5.0.0
7f5f06a8e000-7f5f06c8d000 ---p 00021000 08:05 135779                     /lib/x86_64-linux-gnu/liblzma.so.5.0.0
7f5f06c8d000-7f5f06c8e000 r--p 00020000 08:05 135779                     /lib/x86_64-linux-gnu/liblzma.so.5.0.0
7f5f06c8e000-7f5f06c8f000 rw-p 00021000 08:05 135779                     /lib/x86_64-linux-gnu/liblzma.so.5.0.0
7f5f06c8f000-7f5f06cd9000 r-xp 00000000 08:05 135669                     /lib/x86_64-linux-gnu/libdbus-1.so.3.14.6
7f5f06cd9000-7f5f06ed9000 ---p 0004a000 08:05 135669                     /lib/x86_64-linux-gnu/libdbus-1.so.3.14.6
7f5f06ed9000-7f5f06eda000 r--p 0004a000 08:05 135669                     /lib/x86_64-linux-gnu/libdbus-1.so.3.14.6
7f5f06eda000-7f5f06edb000 rw-p 0004b000 08:05 135669                     /lib/x86_64-linux-gnu/libdbus-1.so.3.14.6
7f5f06edb000-7f5f06f07000 r-xp 00000000 08:05 1711410                    /usr/lib/x86_64-linux-gnu/libatspi.so.0.0.1
7f5f06f07000-7f5f07106000 ---p 0002c000 08:05 1711410                    /usr/lib/x86_64-linux-gnu/libatspi.so.0.0.1
7f5f07106000-7f5f07109000 r--p 0002b000 08:05 1711410                    /usr/lib/x86_64-linux-gnu/libatspi.so.0.0.1
7f5f07109000-7f5f0710a000 rw-p 0002e000 08:05 1711410                    /usr/lib/x86_64-linux-gnu/libatspi.so.0.0.1
7f5f0710a000-7f5f07137000 r-xp 00000000 08:05 1711404                    /usr/lib/x86_64-linux-gnu/libatk-bridge-2.0.so.0.0.0
7f5f07137000-7f5f07336000 ---p 0002d000 08:05 1711404                    /usr/lib/x86_64-linux-gnu/libatk-bridge-2.0.so.0.0.0
7f5f07336000-7f5f07337000 r--p 0002c000 08:05 1711404                    /usr/lib/x86_64-linux-gnu/libatk-bridge-2.0.so.0.0.0
7f5f07337000-7f5f07339000 rw-p 0002d000 08:05 1711404                    /usr/lib/x86_64-linux-gnu/libatk-bridge-2.0.so.0.0.0
7f5f07339000-7f5f0733a000 r-xp 00000000 08:05 1691                       /usr/lib/x86_64-linux-gnu/gtk-2.0/modules/libatk-bridge.so
7f5f0733a000-7f5f07539000 ---p 00001000 08:05 1691                       /usr/lib/x86_64-linux-gnu/gtk-2.0/modules/libatk-bridge.so
7f5f07539000-7f5f0753a000 r--p 00000000 08:05 1691                       /usr/lib/x86_64-linux-gnu/gtk-2.0/modules/libatk-bridge.so
7f5f0753a000-7f5f0753b000 rw-p 00001000 08:05 1691                       /usr/lib/x86_64-linux-gnu/gtk-2.0/modules/libatk-bridge.so
7f5f0753b000-7f5f07542000 r-xp 00000000 08:05 1711740                    /usr/lib/x86_64-linux-gnu/libgailutil.so.18.0.1
7f5f07542000-7f5f07741000 ---p 00007000 08:05 1711740                    /usr/lib/x86_64-linux-gnu/libgailutil.so.18.0.1
7f5f07741000-7f5f07742000 r--p 00006000 08:05 1711740                    /usr/lib/x86_64-linux-gnu/libgailutil.so.18.0.1
7f5f07742000-7f5f07743000 rw-p 00007000 08:05 1711740                    /usr/lib/x86_64-linux-gnu/libgailutil.so.18.0.1
7f5f07743000-7f5f07791000 r-xp 00000000 08:05 1694                       /usr/lib/x86_64-linux-gnu/gtk-2.0/modules/libgail.so
7f5f07791000-7f5f07990000 ---p 0004e000 08:05 1694                       /usr/lib/x86_64-linux-gnu/gtk-2.0/modules/libgail.so
7f5f07990000-7f5f07991000 r--p 0004d000 08:05 1694                       /usr/lib/x86_64-linux-gnu/gtk-2.0/modules/libgail.so
7f5f07991000-7f5f07993000 rw-p 0004e000 08:05 1694                       /usr/lib/x86_64-linux-gnu/gtk-2.0/modules/libgail.so
7f5f07993000-7f5f079bc000 r-xp 00000000 08:05 19082                      /usr/lib/jvm/java-8-oracle/jre/lib/amd64/libglass.so
7f5f079bc000-7f5f07bbb000 ---p 00029000 08:05 19082                      /usr/lib/jvm/java-8-oracle/jre/lib/amd64/libglass.so
7f5f07bbb000-7f5f07bbe000 rw-p 00028000 08:05 19082                      /usr/lib/jvm/java-8-oracle/jre/lib/amd64/libglass.so
7f5f07bbe000-7f5f07bf5000 r-xp 00000000 08:05 1712483                    /usr/lib/x86_64-linux-gnu/libtxc_dxtn_s2tc.so.0.0.0
7f5f07bf5000-7f5f07df4000 ---p 00037000 08:05 1712483                    /usr/lib/x86_64-linux-gnu/libtxc_dxtn_s2tc.so.0.0.0
7f5f07df4000-7f5f07df5000 r--p 00036000 08:05 1712483                    /usr/lib/x86_64-linux-gnu/libtxc_dxtn_s2tc.so.0.0.0
7f5f07df5000-7f5f07df6000 rw-p 00037000 08:05 1712483                    /usr/lib/x86_64-linux-gnu/libtxc_dxtn_s2tc.so.0.0.0
7f5f07df6000-7f5f07dfe000 r-xp 00000000 08:05 1712245                    /usr/lib/x86_64-linux-gnu/libpciaccess.so.0.11.1
7f5f07dfe000-7f5f07ffe000 ---p 00008000 08:05 1712245                    /usr/lib/x86_64-linux-gnu/libpciaccess.so.0.11.1
7f5f07ffe000-7f5f07fff000 r--p 00008000 08:05 1712245                    /usr/lib/x86_64-linux-gnu/libpciaccess.so.0.11.1
7f5f07fff000-7f5f08000000 rw-p 00009000 08:05 1712245                    /usr/lib/x86_64-linux-gnu/libpciaccess.so.0.11.1
7f5f08000000-7f5f08021000 rw-p 00000000 00:00 0 
7f5f08021000-7f5f0c000000 ---p 00000000 00:00 0 
7f5f0c000000-7f5f0c021000 rw-p 00000000 00:00 0 
7f5f0c021000-7f5f10000000 ---p 00000000 00:00 0 
7f5f10000000-7f5f109bb000 rw-p 00000000 00:00 0 
7f5f109bb000-7f5f14000000 ---p 00000000 00:00 0 
7f5f14000000-7f5f14451000 rw-p 00000000 00:00 0 
7f5f14451000-7f5f18000000 ---p 00000000 00:00 0 
7f5f18000000-7f5f18021000 rw-p 00000000 00:00 0 
7f5f18021000-7f5f1c000000 ---p 00000000 00:00 0 
7f5f1c000000-7f5f1c301000 rw-p 00000000 00:00 0 
7f5f1c301000-7f5f20000000 ---p 00000000 00:00 0 
7f5f20000000-7f5f20021000 rw-p 00000000 00:00 0 
7f5f20021000-7f5f24000000 ---p 00000000 00:00 0 
7f5f24000000-7f5f24021000 rw-p 00000000 00:00 0 
7f5f24021000-7f5f28000000 ---p 00000000 00:00 0 
7f5f28000000-7f5f28021000 rw-p 00000000 00:00 0 
7f5f28021000-7f5f2c000000 ---p 00000000 00:00 0 
7f5f2c001000-7f5f2c002000 rw-s 00000000 00:05 187015                     /drm mm object (deleted)
7f5f2c002000-7f5f2c012000 rw-s 00000000 00:05 189509                     /drm mm object (deleted)
7f5f2c012000-7f5f2c01e000 rw-s 00000000 00:05 184204                     /drm mm object (deleted)
7f5f2c01e000-7f5f2c031000 r--p 00000000 08:05 19126                      /usr/lib/jvm/java-8-oracle/jre/lib/fonts/LucidaBrightDemiBold.ttf
7f5f2c031000-7f5f2c07f000 r--p 00000000 08:05 19132                      /usr/lib/jvm/java-8-oracle/jre/lib/fonts/LucidaSansDemiBold.ttf
7f5f2c07f000-7f5f2c093000 r--p 00000000 08:05 19129                      /usr/lib/jvm/java-8-oracle/jre/lib/fonts/LucidaBrightItalic.ttf
7f5f2c093000-7f5f2c0a5000 r-xp 00000000 08:05 135756                     /lib/x86_64-linux-gnu/libgpg-error.so.0.17.0
7f5f2c0a5000-7f5f2c2a5000 ---p 00012000 08:05 135756                     /lib/x86_64-linux-gnu/libgpg-error.so.0.17.0
7f5f2c2a5000-7f5f2c2a6000 r--p 00012000 08:05 135756                     /lib/x86_64-linux-gnu/libgpg-error.so.0.17.0
7f5f2c2a6000-7f5f2c2a7000 rw-p 00013000 08:05 135756                     /lib/x86_64-linux-gnu/libgpg-error.so.0.17.0
7f5f2c2a7000-7f5f2c2b2000 r-xp 00000000 08:05 1701823                    /usr/lib/x86_64-linux-gnu/libdrm_radeon.so.1.0.1
7f5f2c2b2000-7f5f2c4b1000 ---p 0000b000 08:05 1701823                    /usr/lib/x86_64-linux-gnu/libdrm_radeon.so.1.0.1
7f5f2c4b1000-7f5f2c4b2000 r--p 0000a000 08:05 1701823                    /usr/lib/x86_64-linux-gnu/libdrm_radeon.so.1.0.1
7f5f2c4b2000-7f5f2c4b3000 rw-p 0000b000 08:05 1701823                    /usr/lib/x86_64-linux-gnu/libdrm_radeon.so.1.0.1
7f5f2c4b3000-7f5f2c4ba000 r-xp 00000000 08:05 1701821                    /usr/lib/x86_64-linux-gnu/libdrm_nouveau.so.2.0.0
7f5f2c4ba000-7f5f2c6b9000 ---p 00007000 08:05 1701821                    /usr/lib/x86_64-linux-gnu/libdrm_nouveau.so.2.0.0
7f5f2c6b9000-7f5f2c6ba000 r--p 00006000 08:05 1701821                    /usr/lib/x86_64-linux-gnu/libdrm_nouveau.so.2.0.0
7f5f2c6ba000-7f5f2c6bb000 rw-p 00007000 08:05 1701821                    /usr/lib/x86_64-linux-gnu/libdrm_nouveau.so.2.0.0
7f5f2c6bb000-7f5f2c6db000 r-xp 00000000 08:05 1701428                    /usr/lib/x86_64-linux-gnu/libdrm_intel.so.1.0.0
7f5f2c6db000-7f5f2c8da000 ---p 00020000 08:05 1701428                    /usr/lib/x86_64-linux-gnu/libdrm_intel.so.1.0.0
7f5f2c8da000-7f5f2c8db000 r--p 0001f000 08:05 1701428                    /usr/lib/x86_64-linux-gnu/libdrm_intel.so.1.0.0
7f5f2c8db000-7f5f2c8dc000 rw-p 00020000 08:05 1701428                    /usr/lib/x86_64-linux-gnu/libdrm_intel.so.1.0.0
7f5f2c8dc000-7f5f2c9b4000 r-xp 00000000 08:05 135639                     /lib/x86_64-linux-gnu/libgcrypt.so.20.0.5
7f5f2c9b4000-7f5f2cbb3000 ---p 000d8000 08:05 135639                     /lib/x86_64-linux-gnu/libgcrypt.so.20.0.5
7f5f2cbb3000-7f5f2cbb4000 r--p 000d7000 08:05 135639                     /lib/x86_64-linux-gnu/libgcrypt.so.20.0.5
7f5f2cbb4000-7f5f2cbbc000 rw-p 000d8000 08:05 135639                     /lib/x86_64-linux-gnu/libgcrypt.so.20.0.5
7f5f2cbbc000-7f5f2cbbd000 rw-p 00000000 00:00 0 
7f5f2cbbd000-7f5f2d21d000 r-xp 00000000 08:05 1163                       /usr/lib/x86_64-linux-gnu/dri/i965_dri.so
7f5f2d21d000-7f5f2d41d000 ---p 00660000 08:05 1163                       /usr/lib/x86_64-linux-gnu/dri/i965_dri.so
7f5f2d41d000-7f5f2d45c000 r--p 00660000 08:05 1163                       /usr/lib/x86_64-linux-gnu/dri/i965_dri.so
7f5f2d45c000-7f5f2d464000 rw-p 0069f000 08:05 1163                       /usr/lib/x86_64-linux-gnu/dri/i965_dri.so
7f5f2d464000-7f5f2d46c000 rw-p 00000000 00:00 0 
7f5f2d46c000-7f5f2d472000 r-xp 00000000 08:05 1711552                    /usr/lib/x86_64-linux-gnu/libdatrie.so.1.3.3
7f5f2d472000-7f5f2d672000 ---p 00006000 08:05 1711552                    /usr/lib/x86_64-linux-gnu/libdatrie.so.1.3.3
7f5f2d672000-7f5f2d673000 r--p 00006000 08:05 1711552                    /usr/lib/x86_64-linux-gnu/libdatrie.so.1.3.3
7f5f2d673000-7f5f2d674000 rw-p 00007000 08:05 1711552                    /usr/lib/x86_64-linux-gnu/libdatrie.so.1.3.3
7f5f2d674000-7f5f2d679000 r-xp 00000000 08:05 1711309                    /usr/lib/x86_64-linux-gnu/libXdmcp.so.6.0.0
7f5f2d679000-7f5f2d878000 ---p 00005000 08:05 1711309                    /usr/lib/x86_64-linux-gnu/libXdmcp.so.6.0.0
7f5f2d878000-7f5f2d879000 r--p 00004000 08:05 1711309                    /usr/lib/x86_64-linux-gnu/libXdmcp.so.6.0.0
7f5f2d879000-7f5f2d87a000 rw-p 00005000 08:05 1711309                    /usr/lib/x86_64-linux-gnu/libXdmcp.so.6.0.0
7f5f2d87a000-7f5f2d87c000 r-xp 00000000 08:05 1711298                    /usr/lib/x86_64-linux-gnu/libXau.so.6.0.0
7f5f2d87c000-7f5f2da7c000 ---p 00002000 08:05 1711298                    /usr/lib/x86_64-linux-gnu/libXau.so.6.0.0
7f5f2da7c000-7f5f2da7d000 r--p 00002000 08:05 1711298                    /usr/lib/x86_64-linux-gnu/libXau.so.6.0.0
7f5f2da7d000-7f5f2da7e000 rw-p 00003000 08:05 1711298                    /usr/lib/x86_64-linux-gnu/libXau.so.6.0.0
7f5f2da7e000-7f5f2daa1000 r-xp 00000000 08:05 1711856                    /usr/lib/x86_64-linux-gnu/libgraphite2.so.3.0.1
7f5f2daa1000-7f5f2dca0000 ---p 00023000 08:05 1711856                    /usr/lib/x86_64-linux-gnu/libgraphite2.so.3.0.1
7f5f2dca0000-7f5f2dca2000 r--p 00022000 08:05 1711856                    /usr/lib/x86_64-linux-gnu/libgraphite2.so.3.0.1
7f5f2dca2000-7f5f2dca3000 rw-p 00024000 08:05 1711856                    /usr/lib/x86_64-linux-gnu/libgraphite2.so.3.0.1
7f5f2dca3000-7f5f2dcb1000 r-xp 00000000 08:05 1701042                    /usr/lib/x86_64-linux-gnu/libdrm.so.2.4.0
7f5f2dcb1000-7f5f2deb0000 ---p 0000e000 08:05 1701042                    /usr/lib/x86_64-linux-gnu/libdrm.so.2.4.0
7f5f2deb0000-7f5f2deb1000 r--p 0000d000 08:05 1701042                    /usr/lib/x86_64-linux-gnu/libdrm.so.2.4.0
7f5f2deb1000-7f5f2deb2000 rw-p 0000e000 08:05 1701042                    /usr/lib/x86_64-linux-gnu/libdrm.so.2.4.0
7f5f2deb2000-7f5f2deb6000 r-xp 00000000 08:05 1712644                    /usr/lib/x86_64-linux-gnu/libxcb-dri2.so.0.0.0
7f5f2deb6000-7f5f2e0b5000 ---p 00004000 08:05 1712644                    /usr/lib/x86_64-linux-gnu/libxcb-dri2.so.0.0.0
7f5f2e0b5000-7f5f2e0b6000 r--p 00003000 08:05 1712644                    /usr/lib/x86_64-linux-gnu/libxcb-dri2.so.0.0.0
7f5f2e0b6000-7f5f2e0b7000 rw-p 00004000 08:05 1712644                    /usr/lib/x86_64-linux-gnu/libxcb-dri2.so.0.0.0
7f5f2e0b7000-7f5f2e0ce000 r-xp 00000000 08:05 1712648                    /usr/lib/x86_64-linux-gnu/libxcb-glx.so.0.0.0
7f5f2e0ce000-7f5f2e2cd000 ---p 00017000 08:05 1712648                    /usr/lib/x86_64-linux-gnu/libxcb-glx.so.0.0.0
7f5f2e2cd000-7f5f2e2cf000 r--p 00016000 08:05 1712648                    /usr/lib/x86_64-linux-gnu/libxcb-glx.so.0.0.0
7f5f2e2cf000-7f5f2e2d0000 rw-p 00018000 08:05 1712648                    /usr/lib/x86_64-linux-gnu/libxcb-glx.so.0.0.0
7f5f2e2d0000-7f5f34000000 rw-p 00000000 00:00 0 
7f5f34000000-7f5f34021000 rw-p 00000000 00:00 0 
7f5f34021000-7f5f38000000 ---p 00000000 00:00 0 
7f5f38000000-7f5f38021000 rw-p 00000000 00:00 0 
7f5f38021000-7f5f3c000000 ---p 00000000 00:00 0 
7f5f3c000000-7f5f3c021000 rw-p 00000000 00:00 0 
7f5f3c021000-7f5f40000000 ---p 00000000 00:00 0 
7f5f40000000-7f5f40005000 r--s 00084000 08:05 19136                      /usr/lib/jvm/java-8-oracle/jre/lib/jfr.jar
7f5f40005000-7f5f40018000 r--p 00000000 08:05 19133                      /usr/lib/jvm/java-8-oracle/jre/lib/fonts/LucidaBrightDemiItalic.ttf
7f5f40018000-7f5f40023000 r--s 00000000 08:05 1310042                    /var/cache/fontconfig/945677eb7aeaf62f1d50efc3fb3ec7d8-le64.cache-6
7f5f40023000-7f5f40029000 r--s 00000000 08:05 1320010                    /var/cache/fontconfig/2cd17615ca594fa2959ae173292e504c-le64.cache-6
7f5f40029000-7f5f4002a000 r--s 00000000 08:05 1320009                    /var/cache/fontconfig/0d8c3b2ac0904cb8a57a757ad11a4a08-le64.cache-6
7f5f4002a000-7f5f4003f000 r--s 00000000 08:05 1320006                    /var/cache/fontconfig/04aabc0a78ac019cf9454389977116d2-le64.cache-6
7f5f4003f000-7f5f40040000 r--s 00000000 08:05 1320005                    /var/cache/fontconfig/1ac9eb803944fde146138c791f5cc56a-le64.cache-6
7f5f40040000-7f5f40044000 r--s 00000000 08:05 1320004                    /var/cache/fontconfig/385c0604a188198f04d133e54aba7fe7-le64.cache-6
7f5f40044000-7f5f40045000 r--s 00000000 08:05 1320003                    /var/cache/fontconfig/dc05db6664285cc2f12bf69c139ae4c3-le64.cache-6
7f5f40045000-7f5f40048000 r--s 00000000 08:05 1320002                    /var/cache/fontconfig/767a8244fc0220cfb567a839d0392e0b-le64.cache-6
7f5f40048000-7f5f40049000 r--s 00000000 08:05 1312561                    /var/cache/fontconfig/4794a0821666d79190d59a36cb4f44b5-le64.cache-6
7f5f40049000-7f5f4004e000 r--s 00000000 08:05 1319996                    /var/cache/fontconfig/8801497958630a81b71ace7c5f9b32a8-le64.cache-6
7f5f4004e000-7f5f40055000 r--s 00000000 08:05 1319994                    /var/cache/fontconfig/3047814df9a2f067bd2d96a2b9c36e5a-le64.cache-6
7f5f40055000-7f5f4005b000 r--s 00000000 08:05 1319990                    /var/cache/fontconfig/b47c4e1ecd0709278f4910c18777a504-le64.cache-6
7f5f4005b000-7f5f4006e000 r--s 00000000 08:05 1319989                    /var/cache/fontconfig/d52a8644073d54c13679302ca1180695-le64.cache-6
7f5f4006e000-7f5f40072000 r--s 00000000 08:05 1319987                    /var/cache/fontconfig/d589a48862398ed80a3d6066f4f56f4c-le64.cache-6
7f5f40072000-7f5f4007d000 r--s 00000000 08:05 1319979                    /var/cache/fontconfig/83bf95040141907cd45bb53cf7c1c148-le64.cache-6
7f5f4007d000-7f5f4008f000 r--s 00000000 08:05 1308712                    /var/cache/fontconfig/9b89f8e3dae116d678bbf48e5f21f69b-le64.cache-6
7f5f4008f000-7f5f400d6000 r--p 00000000 08:05 150634                     /usr/share/glib-2.0/schemas/gschemas.compiled
7f5f400d6000-7f5f40156000 r-xp 00000000 08:05 135885                     /lib/x86_64-linux-gnu/libsystemd.so.0.14.0
7f5f40156000-7f5f40159000 r--p 0007f000 08:05 135885                     /lib/x86_64-linux-gnu/libsystemd.so.0.14.0
7f5f40159000-7f5f4015a000 rw-p 00082000 08:05 135885                     /lib/x86_64-linux-gnu/libsystemd.so.0.14.0
7f5f4015a000-7f5f4015b000 rw-p 00000000 00:00 0 
7f5f4015b000-7f5f40191000 r--p 00000000 08:05 268631                     /usr/share/locale-langpack/ru/LC_MESSAGES/gtk20-properties.mo
7f5f40191000-7f5f40192000 r-xp 00000000 08:05 1711292                    /usr/lib/x86_64-linux-gnu/libX11-xcb.so.1.0.0
7f5f40192000-7f5f40391000 ---p 00001000 08:05 1711292                    /usr/lib/x86_64-linux-gnu/libX11-xcb.so.1.0.0
7f5f40391000-7f5f40392000 r--p 00000000 08:05 1711292                    /usr/lib/x86_64-linux-gnu/libX11-xcb.so.1.0.0
7f5f40392000-7f5f40393000 rw-p 00001000 08:05 1711292                    /usr/lib/x86_64-linux-gnu/libX11-xcb.so.1.0.0
7f5f40393000-7f5f403bc000 r-xp 00000000 08:05 1701966                    /usr/lib/x86_64-linux-gnu/libglapi.so.0.0.0
7f5f403bc000-7f5f405bc000 ---p 00029000 08:05 1701966                    /usr/lib/x86_64-linux-gnu/libglapi.so.0.0.0
7f5f405bc000-7f5f405c0000 r--p 00029000 08:05 1701966                    /usr/lib/x86_64-linux-gnu/libglapi.so.0.0.0
7f5f405c0000-7f5f405c1000 rw-p 0002d000 08:05 1701966                    /usr/lib/x86_64-linux-gnu/libglapi.so.0.0.0
7f5f405c1000-7f5f405c2000 rw-p 00000000 00:00 0 
7f5f405c2000-7f5f405c3000 r-xp 00000000 08:05 1712688                    /usr/lib/x86_64-linux-gnu/libxshmfence.so.1.0.0
7f5f405c3000-7f5f407c3000 ---p 00001000 08:05 1712688                    /usr/lib/x86_64-linux-gnu/libxshmfence.so.1.0.0
7f5f407c3000-7f5f407c4000 r--p 00001000 08:05 1712688                    /usr/lib/x86_64-linux-gnu/libxshmfence.so.1.0.0
7f5f407c4000-7f5f407c5000 rw-p 00002000 08:05 1712688                    /usr/lib/x86_64-linux-gnu/libxshmfence.so.1.0.0
7f5f407c5000-7f5f407ca000 r-xp 00000000 08:05 1712668                    /usr/lib/x86_64-linux-gnu/libxcb-sync.so.1.0.0
7f5f407ca000-7f5f409ca000 ---p 00005000 08:05 1712668                    /usr/lib/x86_64-linux-gnu/libxcb-sync.so.1.0.0
7f5f409ca000-7f5f409cb000 r--p 00005000 08:05 1712668                    /usr/lib/x86_64-linux-gnu/libxcb-sync.so.1.0.0
7f5f409cb000-7f5f409cc000 rw-p 00006000 08:05 1712668                    /usr/lib/x86_64-linux-gnu/libxcb-sync.so.1.0.0
7f5f409cc000-7f5f409ce000 r-xp 00000000 08:05 1712656                    /usr/lib/x86_64-linux-gnu/libxcb-present.so.0.0.0
7f5f409ce000-7f5f40bcd000 ---p 00002000 08:05 1712656                    /usr/lib/x86_64-linux-gnu/libxcb-present.so.0.0.0
7f5f40bcd000-7f5f40bce000 r--p 00001000 08:05 1712656                    /usr/lib/x86_64-linux-gnu/libxcb-present.so.0.0.0
7f5f40bce000-7f5f40bcf000 rw-p 00002000 08:05 1712656                    /usr/lib/x86_64-linux-gnu/libxcb-present.so.0.0.0
7f5f40bcf000-7f5f40bd1000 r-xp 00000000 08:05 1712646                    /usr/lib/x86_64-linux-gnu/libxcb-dri3.so.0.0.0
7f5f40bd1000-7f5f40dd0000 ---p 00002000 08:05 1712646                    /usr/lib/x86_64-linux-gnu/libxcb-dri3.so.0.0.0
7f5f40dd0000-7f5f40dd1000 r--p 00001000 08:05 1712646                    /usr/lib/x86_64-linux-gnu/libxcb-dri3.so.0.0.0
7f5f40dd1000-7f5f40dd2000 rw-p 00002000 08:05 1712646                    /usr/lib/x86_64-linux-gnu/libxcb-dri3.so.0.0.0
7f5f40dd2000-7f5f40e40000 r-xp 00000000 08:05 135841                     /lib/x86_64-linux-gnu/libpcre.so.3.13.2
7f5f40e40000-7f5f41040000 ---p 0006e000 08:05 135841                     /lib/x86_64-linux-gnu/libpcre.so.3.13.2
7f5f41040000-7f5f41041000 r--p 0006e000 08:05 135841                     /lib/x86_64-linux-gnu/libpcre.so.3.13.2
7f5f41041000-7f5f41042000 rw-p 0006f000 08:05 135841                     /lib/x86_64-linux-gnu/libpcre.so.3.13.2
7f5f41042000-7f5f41049000 r-xp 00000000 08:05 1711681                    /usr/lib/x86_64-linux-gnu/libffi.so.6.0.4
7f5f41049000-7f5f41248000 ---p 00007000 08:05 1711681                    /usr/lib/x86_64-linux-gnu/libffi.so.6.0.4
7f5f41248000-7f5f41249000 r--p 00006000 08:05 1711681                    /usr/lib/x86_64-linux-gnu/libffi.so.6.0.4
7f5f41249000-7f5f4124a000 rw-p 00007000 08:05 1711681                    /usr/lib/x86_64-linux-gnu/libffi.so.6.0.4
7f5f4124a000-7f5f41270000 r-xp 00000000 08:05 135743                     /lib/x86_64-linux-gnu/libexpat.so.1.6.0
7f5f41270000-7f5f41470000 ---p 00026000 08:05 135743                     /lib/x86_64-linux-gnu/libexpat.so.1.6.0
7f5f41470000-7f5f41472000 r--p 00026000 08:05 135743                     /lib/x86_64-linux-gnu/libexpat.so.1.6.0
7f5f41472000-7f5f41473000 rw-p 00028000 08:05 135743                     /lib/x86_64-linux-gnu/libexpat.so.1.6.0
7f5f41473000-7f5f4147b000 r-xp 00000000 08:05 1712454                    /usr/lib/x86_64-linux-gnu/libthai.so.0.2.4
7f5f4147b000-7f5f4167a000 ---p 00008000 08:05 1712454                    /usr/lib/x86_64-linux-gnu/libthai.so.0.2.4
7f5f4167a000-7f5f4167b000 r--p 00007000 08:05 1712454                    /usr/lib/x86_64-linux-gnu/libthai.so.0.2.4
7f5f4167b000-7f5f4167c000 rw-p 00008000 08:05 1712454                    /usr/lib/x86_64-linux-gnu/libthai.so.0.2.4
7f5f4167c000-7f5f4169d000 r-xp 00000000 08:05 1712676                    /usr/lib/x86_64-linux-gnu/libxcb.so.1.1.0
7f5f4169d000-7f5f4189c000 ---p 00021000 08:05 1712676                    /usr/lib/x86_64-linux-gnu/libxcb.so.1.1.0
7f5f4189c000-7f5f4189d000 r--p 00020000 08:05 1712676                    /usr/lib/x86_64-linux-gnu/libxcb.so.1.1.0
7f5f4189d000-7f5f4189e000 rw-p 00021000 08:05 1712676                    /usr/lib/x86_64-linux-gnu/libxcb.so.1.1.0
7f5f4189e000-7f5f418a6000 r-xp 00000000 08:05 1712662                    /usr/lib/x86_64-linux-gnu/libxcb-render.so.0.0.0
7f5f418a6000-7f5f41aa6000 ---p 00008000 08:05 1712662                    /usr/lib/x86_64-linux-gnu/libxcb-render.so.0.0.0
7f5f41aa6000-7f5f41aa7000 r--p 00008000 08:05 1712662                    /usr/lib/x86_64-linux-gnu/libxcb-render.so.0.0.0
7f5f41aa7000-7f5f41aa8000 rw-p 00009000 08:05 1712662                    /usr/lib/x86_64-linux-gnu/libxcb-render.so.0.0.0
7f5f41aa8000-7f5f41aaa000 r-xp 00000000 08:05 1712666                    /usr/lib/x86_64-linux-gnu/libxcb-shm.so.0.0.0
7f5f41aaa000-7f5f41caa000 ---p 00002000 08:05 1712666                    /usr/lib/x86_64-linux-gnu/libxcb-shm.so.0.0.0
7f5f41caa000-7f5f41cab000 r--p 00002000 08:05 1712666                    /usr/lib/x86_64-linux-gnu/libxcb-shm.so.0.0.0
7f5f41cab000-7f5f41cac000 rw-p 00003000 08:05 1712666                    /usr/lib/x86_64-linux-gnu/libxcb-shm.so.0.0.0
7f5f41cac000-7f5f41cd0000 r-xp 00000000 08:05 135853                     /lib/x86_64-linux-gnu/libpng12.so.0.54.0
7f5f41cd0000-7f5f41ecf000 ---p 00024000 08:05 135853                     /lib/x86_64-linux-gnu/libpng12.so.0.54.0
7f5f41ecf000-7f5f41ed0000 r--p 00023000 08:05 135853                     /lib/x86_64-linux-gnu/libpng12.so.0.54.0
7f5f41ed0000-7f5f41ed1000 rw-p 00024000 08:05 135853                     /lib/x86_64-linux-gnu/libpng12.so.0.54.0
7f5f41ed1000-7f5f41f70000 r-xp 00000000 08:05 1712259                    /usr/lib/x86_64-linux-gnu/libpixman-1.so.0.33.6
7f5f41f70000-7f5f42170000 ---p 0009f000 08:05 1712259                    /usr/lib/x86_64-linux-gnu/libpixman-1.so.0.33.6
7f5f42170000-7f5f42178000 r--p 0009f000 08:05 1712259                    /usr/lib/x86_64-linux-gnu/libpixman-1.so.0.33.6
7f5f42178000-7f5f42179000 rw-p 000a7000 08:05 1712259                    /usr/lib/x86_64-linux-gnu/libpixman-1.so.0.33.6
7f5f42179000-7f5f421d5000 r-xp 00000000 08:05 1709948                    /usr/lib/x86_64-linux-gnu/libharfbuzz.so.0.10000.1
7f5f421d5000-7f5f423d5000 ---p 0005c000 08:05 1709948                    /usr/lib/x86_64-linux-gnu/libharfbuzz.so.0.10000.1
7f5f423d5000-7f5f423d6000 r--p 0005c000 08:05 1709948                    /usr/lib/x86_64-linux-gnu/libharfbuzz.so.0.10000.1
7f5f423d6000-7f5f423d7000 rw-p 0005d000 08:05 1709948                    /usr/lib/x86_64-linux-gnu/libharfbuzz.so.0.10000.1
7f5f423d7000-7f5f423ee000 r-xp 00000000 08:05 132299                     /lib/x86_64-linux-gnu/libresolv-2.23.so
7f5f423ee000-7f5f425ee000 ---p 00017000 08:05 132299                     /lib/x86_64-linux-gnu/libresolv-2.23.so
7f5f425ee000-7f5f425ef000 r--p 00017000 08:05 132299                     /lib/x86_64-linux-gnu/libresolv-2.23.so
7f5f425ef000-7f5f425f0000 rw-p 00018000 08:05 132299                     /lib/x86_64-linux-gnu/libresolv-2.23.so
7f5f425f0000-7f5f425f2000 rw-p 00000000 00:00 0 
7f5f425f2000-7f5f42611000 r-xp 00000000 08:05 135870                     /lib/x86_64-linux-gnu/libselinux.so.1
7f5f42611000-7f5f42810000 ---p 0001f000 08:05 135870                     /lib/x86_64-linux-gnu/libselinux.so.1
7f5f42810000-7f5f42811000 r--p 0001e000 08:05 135870                     /lib/x86_64-linux-gnu/libselinux.so.1
7f5f42811000-7f5f42812000 rw-p 0001f000 08:05 135870                     /lib/x86_64-linux-gnu/libselinux.so.1
7f5f42812000-7f5f42814000 rw-p 00000000 00:00 0 
7f5f42814000-7f5f4282d000 r-xp 00000000 08:05 135903                     /lib/x86_64-linux-gnu/libz.so.1.2.8
7f5f4282d000-7f5f42a2c000 ---p 00019000 08:05 135903                     /lib/x86_64-linux-gnu/libz.so.1.2.8
7f5f42a2c000-7f5f42a2d000 r--p 00018000 08:05 135903                     /lib/x86_64-linux-gnu/libz.so.1.2.8
7f5f42a2d000-7f5f42a2e000 rw-p 00019000 08:05 135903                     /lib/x86_64-linux-gnu/libz.so.1.2.8
7f5f42a2e000-7f5f42a3f000 r-xp 00000000 08:05 1711311                    /usr/lib/x86_64-linux-gnu/libXext.so.6.4.0
7f5f42a3f000-7f5f42c3e000 ---p 00011000 08:05 1711311                    /usr/lib/x86_64-linux-gnu/libXext.so.6.4.0
7f5f42c3e000-7f5f42c3f000 r--p 00010000 08:05 1711311                    /usr/lib/x86_64-linux-gnu/libXext.so.6.4.0
7f5f42c3f000-7f5f42c40000 rw-p 00011000 08:05 1711311                    /usr/lib/x86_64-linux-gnu/libXext.so.6.4.0
7f5f42c40000-7f5f42c42000 r-xp 00000000 08:05 1711307                    /usr/lib/x86_64-linux-gnu/libXdamage.so.1.1.0
7f5f42c42000-7f5f42e41000 ---p 00002000 08:05 1711307                    /usr/lib/x86_64-linux-gnu/libXdamage.so.1.1.0
7f5f42e41000-7f5f42e42000 r--p 00001000 08:05 1711307                    /usr/lib/x86_64-linux-gnu/libXdamage.so.1.1.0
7f5f42e42000-7f5f42e43000 rw-p 00002000 08:05 1711307                    /usr/lib/x86_64-linux-gnu/libXdamage.so.1.1.0
7f5f42e43000-7f5f42e45000 r-xp 00000000 08:05 1711303                    /usr/lib/x86_64-linux-gnu/libXcomposite.so.1.0.0
7f5f42e45000-7f5f43044000 ---p 00002000 08:05 1711303                    /usr/lib/x86_64-linux-gnu/libXcomposite.so.1.0.0
7f5f43044000-7f5f43045000 r--p 00001000 08:05 1711303                    /usr/lib/x86_64-linux-gnu/libXcomposite.so.1.0.0
7f5f43045000-7f5f43046000 rw-p 00002000 08:05 1711303                    /usr/lib/x86_64-linux-gnu/libXcomposite.so.1.0.0
7f5f43046000-7f5f4304f000 r-xp 00000000 08:05 1711305                    /usr/lib/x86_64-linux-gnu/libXcursor.so.1.0.2
7f5f4304f000-7f5f4324e000 ---p 00009000 08:05 1711305                    /usr/lib/x86_64-linux-gnu/libXcursor.so.1.0.2
7f5f4324e000-7f5f4324f000 r--p 00008000 08:05 1711305                    /usr/lib/x86_64-linux-gnu/libXcursor.so.1.0.2
7f5f4324f000-7f5f43250000 rw-p 00009000 08:05 1711305                    /usr/lib/x86_64-linux-gnu/libXcursor.so.1.0.2
7f5f43250000-7f5f4325a000 r-xp 00000000 08:05 1711329                    /usr/lib/x86_64-linux-gnu/libXrandr.so.2.2.0
7f5f4325a000-7f5f43459000 ---p 0000a000 08:05 1711329                    /usr/lib/x86_64-linux-gnu/libXrandr.so.2.2.0
7f5f43459000-7f5f4345a000 r--p 00009000 08:05 1711329                    /usr/lib/x86_64-linux-gnu/libXrandr.so.2.2.0
7f5f4345a000-7f5f4345b000 rw-p 0000a000 08:05 1711329                    /usr/lib/x86_64-linux-gnu/libXrandr.so.2.2.0
7f5f4345b000-7f5f4346a000 r-xp 00000000 08:05 1711319                    /usr/lib/x86_64-linux-gnu/libXi.so.6.1.0
7f5f4346a000-7f5f43669000 ---p 0000f000 08:05 1711319                    /usr/lib/x86_64-linux-gnu/libXi.so.6.1.0
7f5f43669000-7f5f4366a000 r--p 0000e000 08:05 1711319                    /usr/lib/x86_64-linux-gnu/libXi.so.6.1.0
7f5f4366a000-7f5f4366b000 rw-p 0000f000 08:05 1711319                    /usr/lib/x86_64-linux-gnu/libXi.so.6.1.0
7f5f4366b000-7f5f4366d000 r-xp 00000000 08:05 1711321                    /usr/lib/x86_64-linux-gnu/libXinerama.so.1.0.0
7f5f4366d000-7f5f4386c000 ---p 00002000 08:05 1711321                    /usr/lib/x86_64-linux-gnu/libXinerama.so.1.0.0
7f5f4386c000-7f5f4386d000 r--p 00001000 08:05 1711321                    /usr/lib/x86_64-linux-gnu/libXinerama.so.1.0.0
7f5f4386d000-7f5f4386e000 rw-p 00002000 08:05 1711321                    /usr/lib/x86_64-linux-gnu/libXinerama.so.1.0.0
7f5f4386e000-7f5f43877000 r-xp 00000000 08:05 1711331                    /usr/lib/x86_64-linux-gnu/libXrender.so.1.3.0
7f5f43877000-7f5f43a76000 ---p 00009000 08:05 1711331                    /usr/lib/x86_64-linux-gnu/libXrender.so.1.3.0
7f5f43a76000-7f5f43a77000 r--p 00008000 08:05 1711331                    /usr/lib/x86_64-linux-gnu/libXrender.so.1.3.0
7f5f43a77000-7f5f43a78000 rw-p 00009000 08:05 1711331                    /usr/lib/x86_64-linux-gnu/libXrender.so.1.3.0
7f5f43a78000-7f5f43a7d000 r-xp 00000000 08:05 1711313                    /usr/lib/x86_64-linux-gnu/libXfixes.so.3.1.0
7f5f43a7d000-7f5f43c7c000 ---p 00005000 08:05 1711313                    /usr/lib/x86_64-linux-gnu/libXfixes.so.3.1.0
7f5f43c7c000-7f5f43c7d000 r--p 00004000 08:05 1711313                    /usr/lib/x86_64-linux-gnu/libXfixes.so.3.1.0
7f5f43c7d000-7f5f43c7e000 rw-p 00005000 08:05 1711313                    /usr/lib/x86_64-linux-gnu/libXfixes.so.3.1.0
7f5f43c7e000-7f5f43df0000 r-xp 00000000 08:05 1702789                    /usr/lib/x86_64-linux-gnu/libstdc++.so.6.0.21
7f5f43df0000-7f5f43ff0000 ---p 00172000 08:05 1702789                    /usr/lib/x86_64-linux-gnu/libstdc++.so.6.0.21
7f5f43ff0000-7f5f43ffa000 r--p 00172000 08:05 1702789                    /usr/lib/x86_64-linux-gnu/libstdc++.so.6.0.21
7f5f43ffa000-7f5f43ffc000 rw-p 0017c000 08:05 1702789                    /usr/lib/x86_64-linux-gnu/libstdc++.so.6.0.21
7f5f43ffc000-7f5f44000000 rw-p 00000000 00:00 0 
7f5f44000000-7f5f44021000 rw-p 00000000 00:00 0 
7f5f44021000-7f5f48000000 ---p 00000000 00:00 0 
7f5f48000000-7f5f48001000 r--s 00000000 08:05 1319995                    /var/cache/fontconfig/bab58bb527bb656aaa9f116d68a48d89-le64.cache-6
7f5f48001000-7f5f48002000 r--s 00000000 08:05 1319993                    /var/cache/fontconfig/56cf4f4769d0f4abc89a4895d7bd3ae1-le64.cache-6
7f5f48002000-7f5f4800f000 r--s 00000000 08:05 1309798                    /var/cache/fontconfig/e13b20fdb08344e0e664864cc2ede53d-le64.cache-6
7f5f4800f000-7f5f48030000 r--p 00000000 08:05 268585                     /usr/share/locale-langpack/ru/LC_MESSAGES/glib20.mo
7f5f48030000-7f5f4805f000 r--p 00000000 08:05 268689                     /usr/share/locale-langpack/ru/LC_MESSAGES/libc.mo
7f5f4805f000-7f5f48075000 r-xp 00000000 08:05 135750                     /lib/x86_64-linux-gnu/libgcc_s.so.1
7f5f48075000-7f5f48274000 ---p 00016000 08:05 135750                     /lib/x86_64-linux-gnu/libgcc_s.so.1
7f5f48274000-7f5f48275000 rw-p 00015000 08:05 135750                     /lib/x86_64-linux-gnu/libgcc_s.so.1
7f5f48275000-7f5f482e5000 r-xp 00000000 08:05 10586                      /usr/lib/x86_64-linux-gnu/mesa/libGL.so.1.2.0
7f5f482e5000-7f5f484e4000 ---p 00070000 08:05 10586                      /usr/lib/x86_64-linux-gnu/mesa/libGL.so.1.2.0
7f5f484e4000-7f5f484e7000 r--p 0006f000 08:05 10586                      /usr/lib/x86_64-linux-gnu/mesa/libGL.so.1.2.0
7f5f484e7000-7f5f484e8000 rw-p 00072000 08:05 10586                      /usr/lib/x86_64-linux-gnu/mesa/libGL.so.1.2.0
7f5f484e8000-7f5f484e9000 rw-p 00000000 00:00 0 
7f5f484e9000-7f5f484ee000 r-xp 00000000 08:05 1711347                    /usr/lib/x86_64-linux-gnu/libXxf86vm.so.1.0.0
7f5f484ee000-7f5f486ed000 ---p 00005000 08:05 1711347                    /usr/lib/x86_64-linux-gnu/libXxf86vm.so.1.0.0
7f5f486ed000-7f5f486ee000 r--p 00004000 08:05 1711347                    /usr/lib/x86_64-linux-gnu/libXxf86vm.so.1.0.0
7f5f486ee000-7f5f486ef000 rw-p 00005000 08:05 1711347                    /usr/lib/x86_64-linux-gnu/libXxf86vm.so.1.0.0
7f5f486ef000-7f5f48824000 r-xp 00000000 08:05 1711294                    /usr/lib/x86_64-linux-gnu/libX11.so.6.3.0
7f5f48824000-7f5f48a24000 ---p 00135000 08:05 1711294                    /usr/lib/x86_64-linux-gnu/libX11.so.6.3.0
7f5f48a24000-7f5f48a25000 r--p 00135000 08:05 1711294                    /usr/lib/x86_64-linux-gnu/libX11.so.6.3.0
7f5f48a25000-7f5f48a29000 rw-p 00136000 08:05 1711294                    /usr/lib/x86_64-linux-gnu/libX11.so.6.3.0
7f5f48a29000-7f5f48a2e000 r-xp 00000000 08:05 1711337                    /usr/lib/x86_64-linux-gnu/libXtst.so.6.1.0
7f5f48a2e000-7f5f48c2d000 ---p 00005000 08:05 1711337                    /usr/lib/x86_64-linux-gnu/libXtst.so.6.1.0
7f5f48c2d000-7f5f48c2e000 r--p 00004000 08:05 1711337                    /usr/lib/x86_64-linux-gnu/libXtst.so.6.1.0
7f5f48c2e000-7f5f48c2f000 rw-p 00005000 08:05 1711337                    /usr/lib/x86_64-linux-gnu/libXtst.so.6.1.0
7f5f48c2f000-7f5f48d3e000 r-xp 00000000 08:05 131022                     /lib/x86_64-linux-gnu/libglib-2.0.so.0.4800.2
7f5f48d3e000-7f5f48f3d000 ---p 0010f000 08:05 131022                     /lib/x86_64-linux-gnu/libglib-2.0.so.0.4800.2
7f5f48f3d000-7f5f48f3e000 r--p 0010e000 08:05 131022                     /lib/x86_64-linux-gnu/libglib-2.0.so.0.4800.2
7f5f48f3e000-7f5f48f3f000 rw-p 0010f000 08:05 131022                     /lib/x86_64-linux-gnu/libglib-2.0.so.0.4800.2
7f5f48f3f000-7f5f48f40000 rw-p 00000000 00:00 0 
7f5f48f40000-7f5f48f41000 r-xp 00000000 08:05 1701030                    /usr/lib/x86_64-linux-gnu/libgthread-2.0.so.0.4800.2
7f5f48f41000-7f5f49140000 ---p 00001000 08:05 1701030                    /usr/lib/x86_64-linux-gnu/libgthread-2.0.so.0.4800.2
7f5f49140000-7f5f49141000 r--p 00000000 08:05 1701030                    /usr/lib/x86_64-linux-gnu/libgthread-2.0.so.0.4800.2
7f5f49141000-7f5f49142000 rw-p 00001000 08:05 1701030                    /usr/lib/x86_64-linux-gnu/libgthread-2.0.so.0.4800.2
7f5f49142000-7f5f49145000 r-xp 00000000 08:05 1701006                    /usr/lib/x86_64-linux-gnu/libgmodule-2.0.so.0.4800.2
7f5f49145000-7f5f49344000 ---p 00003000 08:05 1701006                    /usr/lib/x86_64-linux-gnu/libgmodule-2.0.so.0.4800.2
7f5f49344000-7f5f49345000 r--p 00002000 08:05 1701006                    /usr/lib/x86_64-linux-gnu/libgmodule-2.0.so.0.4800.2
7f5f49345000-7f5f49346000 rw-p 00003000 08:05 1701006                    /usr/lib/x86_64-linux-gnu/libgmodule-2.0.so.0.4800.2
7f5f49346000-7f5f49398000 r-xp 00000000 08:05 1701051                    /usr/lib/x86_64-linux-gnu/libgobject-2.0.so.0.4800.2
7f5f49398000-7f5f49597000 ---p 00052000 08:05 1701051                    /usr/lib/x86_64-linux-gnu/libgobject-2.0.so.0.4800.2
7f5f49597000-7f5f49598000 r--p 00051000 08:05 1701051                    /usr/lib/x86_64-linux-gnu/libgobject-2.0.so.0.4800.2
7f5f49598000-7f5f49599000 rw-p 00052000 08:05 1701051                    /usr/lib/x86_64-linux-gnu/libgobject-2.0.so.0.4800.2
7f5f49599000-7f5f495d6000 r-xp 00000000 08:05 1700764                    /usr/lib/x86_64-linux-gnu/libfontconfig.so.1.9.0
7f5f495d6000-7f5f497d5000 ---p 0003d000 08:05 1700764                    /usr/lib/x86_64-linux-gnu/libfontconfig.so.1.9.0
7f5f497d5000-7f5f497d7000 r--p 0003c000 08:05 1700764                    /usr/lib/x86_64-linux-gnu/libfontconfig.so.1.9.0
7f5f497d7000-7f5f497dc000 rw-p 0003e000 08:05 1700764                    /usr/lib/x86_64-linux-gnu/libfontconfig.so.1.9.0
7f5f497dc000-7f5f49880000 r-xp 00000000 08:05 1706021                    /usr/lib/x86_64-linux-gnu/libfreetype.so.6.12.1
7f5f49880000-7f5f49a7f000 ---p 000a4000 08:05 1706021                    /usr/lib/x86_64-linux-gnu/libfreetype.so.6.12.1
7f5f49a7f000-7f5f49a85000 r--p 000a3000 08:05 1706021                    /usr/lib/x86_64-linux-gnu/libfreetype.so.6.12.1
7f5f49a85000-7f5f49a86000 rw-p 000a9000 08:05 1706021                    /usr/lib/x86_64-linux-gnu/libfreetype.so.6.12.1
7f5f49a86000-7f5f49acf000 r-xp 00000000 08:05 1712231                    /usr/lib/x86_64-linux-gnu/libpango-1.0.so.0.3800.1
7f5f49acf000-7f5f49ccf000 ---p 00049000 08:05 1712231                    /usr/lib/x86_64-linux-gnu/libpango-1.0.so.0.3800.1
7f5f49ccf000-7f5f49cd1000 r--p 00049000 08:05 1712231                    /usr/lib/x86_64-linux-gnu/libpango-1.0.so.0.3800.1
7f5f49cd1000-7f5f49cd2000 rw-p 0004b000 08:05 1712231                    /usr/lib/x86_64-linux-gnu/libpango-1.0.so.0.3800.1
7f5f49cd2000-7f5f49de0000 r-xp 00000000 08:05 1711459                    /usr/lib/x86_64-linux-gnu/libcairo.so.2.11400.6
7f5f49de0000-7f5f49fe0000 ---p 0010e000 08:05 1711459                    /usr/lib/x86_64-linux-gnu/libcairo.so.2.11400.6
7f5f49fe0000-7f5f49fe3000 r--p 0010e000 08:05 1711459                    /usr/lib/x86_64-linux-gnu/libcairo.so.2.11400.6
7f5f49fe3000-7f5f49fe4000 rw-p 00111000 08:05 1711459                    /usr/lib/x86_64-linux-gnu/libcairo.so.2.11400.6
7f5f49fe4000-7f5f49fe6000 rw-p 00000000 00:00 0 
7f5f49fe6000-7f5f49ff2000 r-xp 00000000 08:05 1712233                    /usr/lib/x86_64-linux-gnu/libpangocairo-1.0.so.0.3800.1
7f5f49ff2000-7f5f4a1f1000 ---p 0000c000 08:05 1712233                    /usr/lib/x86_64-linux-gnu/libpangocairo-1.0.so.0.3800.1
7f5f4a1f1000-7f5f4a1f2000 r--p 0000b000 08:05 1712233                    /usr/lib/x86_64-linux-gnu/libpangocairo-1.0.so.0.3800.1
7f5f4a1f2000-7f5f4a1f3000 rw-p 0000c000 08:05 1712233                    /usr/lib/x86_64-linux-gnu/libpangocairo-1.0.so.0.3800.1
7f5f4a1f3000-7f5f4a214000 r-xp 00000000 08:05 1702118                    /usr/lib/x86_64-linux-gnu/libgdk_pixbuf-2.0.so.0.3200.2
7f5f4a214000-7f5f4a413000 ---p 00021000 08:05 1702118                    /usr/lib/x86_64-linux-gnu/libgdk_pixbuf-2.0.so.0.3200.2
7f5f4a413000-7f5f4a414000 r--p 00020000 08:05 1702118                    /usr/lib/x86_64-linux-gnu/libgdk_pixbuf-2.0.so.0.3200.2
7f5f4a414000-7f5f4a415000 rw-p 00021000 08:05 1702118                    /usr/lib/x86_64-linux-gnu/libgdk_pixbuf-2.0.so.0.3200.2
7f5f4a415000-7f5f4a429000 r-xp 00000000 08:05 1712235                    /usr/lib/x86_64-linux-gnu/libpangoft2-1.0.so.0.3800.1
7f5f4a429000-7f5f4a629000 ---p 00014000 08:05 1712235                    /usr/lib/x86_64-linux-gnu/libpangoft2-1.0.so.0.3800.1
7f5f4a629000-7f5f4a62a000 r--p 00014000 08:05 1712235                    /usr/lib/x86_64-linux-gnu/libpangoft2-1.0.so.0.3800.1
7f5f4a62a000-7f5f4a62b000 rw-p 00015000 08:05 1712235                    /usr/lib/x86_64-linux-gnu/libpangoft2-1.0.so.0.3800.1
7f5f4a62b000-7f5f4a7ab000 r-xp 00000000 08:05 1701054                    /usr/lib/x86_64-linux-gnu/libgio-2.0.so.0.4800.2
7f5f4a7ab000-7f5f4a9ab000 ---p 00180000 08:05 1701054                    /usr/lib/x86_64-linux-gnu/libgio-2.0.so.0.4800.2
7f5f4a9ab000-7f5f4a9af000 r--p 00180000 08:05 1701054                    /usr/lib/x86_64-linux-gnu/libgio-2.0.so.0.4800.2
7f5f4a9af000-7f5f4a9b1000 rw-p 00184000 08:05 1701054                    /usr/lib/x86_64-linux-gnu/libgio-2.0.so.0.4800.2
7f5f4a9b1000-7f5f4a9b3000 rw-p 00000000 00:00 0 
7f5f4a9b3000-7f5f4a9d5000 r-xp 00000000 08:05 1711402                    /usr/lib/x86_64-linux-gnu/libatk-1.0.so.0.21809.1
7f5f4a9d5000-7f5f4abd4000 ---p 00022000 08:05 1711402                    /usr/lib/x86_64-linux-gnu/libatk-1.0.so.0.21809.1
7f5f4abd4000-7f5f4abd7000 r--p 00021000 08:05 1711402                    /usr/lib/x86_64-linux-gnu/libatk-1.0.so.0.21809.1
7f5f4abd7000-7f5f4abd8000 rw-p 00024000 08:05 1711402                    /usr/lib/x86_64-linux-gnu/libatk-1.0.so.0.21809.1
7f5f4abd8000-7f5f4ac88000 r-xp 00000000 08:05 1711768                    /usr/lib/x86_64-linux-gnu/libgdk-x11-2.0.so.0.2400.30
7f5f4ac88000-7f5f4ae87000 ---p 000b0000 08:05 1711768                    /usr/lib/x86_64-linux-gnu/libgdk-x11-2.0.so.0.2400.30
7f5f4ae87000-7f5f4ae8b000 r--p 000af000 08:05 1711768                    /usr/lib/x86_64-linux-gnu/libgdk-x11-2.0.so.0.2400.30
7f5f4ae8b000-7f5f4ae8d000 rw-p 000b3000 08:05 1711768                    /usr/lib/x86_64-linux-gnu/libgdk-x11-2.0.so.0.2400.30
7f5f4ae8d000-7f5f4b2cb000 r-xp 00000000 08:05 1711913                    /usr/lib/x86_64-linux-gnu/libgtk-x11-2.0.so.0.2400.30
7f5f4b2cb000-7f5f4b4ca000 ---p 0043e000 08:05 1711913                    /usr/lib/x86_64-linux-gnu/libgtk-x11-2.0.so.0.2400.30
7f5f4b4ca000-7f5f4b4d1000 r--p 0043d000 08:05 1711913                    /usr/lib/x86_64-linux-gnu/libgtk-x11-2.0.so.0.2400.30
7f5f4b4d1000-7f5f4b4d5000 rw-p 00444000 08:05 1711913                    /usr/lib/x86_64-linux-gnu/libgtk-x11-2.0.so.0.2400.30
7f5f4b4d5000-7f5f4b4d8000 rw-p 00000000 00:00 0 
7f5f4b4d8000-7f5f4b4e4000 r-xp 00000000 08:05 19049                      /usr/lib/jvm/java-8-oracle/jre/lib/amd64/libprism_es2.so
7f5f4b4e4000-7f5f4b6e3000 ---p 0000c000 08:05 19049                      /usr/lib/jvm/java-8-oracle/jre/lib/amd64/libprism_es2.so
7f5f4b6e3000-7f5f4b6e4000 rw-p 0000b000 08:05 19049                      /usr/lib/jvm/java-8-oracle/jre/lib/amd64/libprism_es2.so
7f5f4b6e4000-7f5f4b6e7000 ---p 00000000 00:00 0 
7f5f4b6e7000-7f5f4b7e5000 rw-p 00000000 00:00 0 
7f5f4b7e5000-7f5f4b7e6000 ---p 00000000 00:00 0 
7f5f4b7e6000-7f5f4b8e6000 rw-p 00000000 00:00 0 
7f5f4b8e6000-7f5f4b8e9000 ---p 00000000 00:00 0 
7f5f4b8e9000-7f5f4b9e7000 rw-p 00000000 00:00 0 
7f5f4b9e7000-7f5f4b9ea000 ---p 00000000 00:00 0 
7f5f4b9ea000-7f5f4bde9000 rw-p 00000000 00:00 0 
7f5f4bde9000-7f5f4bdff000 r-xp 00000000 08:05 19037                      /usr/lib/jvm/java-8-oracle/jre/lib/amd64/libnet.so
7f5f4bdff000-7f5f4bfff000 ---p 00016000 08:05 19037                      /usr/lib/jvm/java-8-oracle/jre/lib/amd64/libnet.so
7f5f4bfff000-7f5f4c000000 rw-p 00016000 08:05 19037                      /usr/lib/jvm/java-8-oracle/jre/lib/amd64/libnet.so
7f5f4c000000-7f5f4c021000 rw-p 00000000 00:00 0 
7f5f4c021000-7f5f50000000 ---p 00000000 00:00 0 
7f5f50000000-7f5f50001000 r--s 00000000 08:05 1319992                    /var/cache/fontconfig/b9d506c9ac06c20b433354fa67a72993-le64.cache-6
7f5f50001000-7f5f50002000 r--s 00000000 08:05 1319988                    /var/cache/fontconfig/551ecf3b0e8b0bca0f25c0944f561853-le64.cache-6
7f5f50002000-7f5f50005000 r--s 00000000 08:05 1319980                    /var/cache/fontconfig/75114ca45c98e8a441da0ff356701271-le64.cache-6
7f5f50005000-7f5f5000d000 rw-s 00000000 00:05 190543                     /drm mm object (deleted)
7f5f5000d000-7f5f50015000 rw-s 00000000 00:05 187169                     /drm mm object (deleted)
7f5f50015000-7f5f50033000 r-xp 00000000 08:05 136035                     /lib/x86_64-linux-gnu/libudev.so.1.6.4
7f5f50033000-7f5f50034000 r--p 0001d000 08:05 136035                     /lib/x86_64-linux-gnu/libudev.so.1.6.4
7f5f50034000-7f5f50035000 rw-p 0001e000 08:05 136035                     /lib/x86_64-linux-gnu/libudev.so.1.6.4
7f5f50035000-7f5f50036000 r--s 00000000 08:05 1319986                    /var/cache/fontconfig/30829fa25452a46451e813d634d7f916-le64.cache-6
7f5f50036000-7f5f50037000 r--s 00000000 08:05 1319982                    /var/cache/fontconfig/0c9eb80ebd1c36541ebe2852d3bb0c49-le64.cache-6
7f5f50037000-7f5f5003b000 r--s 00000000 08:05 1313087                    /var/cache/fontconfig/7ef2298fde41cc6eeb7af42e48b7d293-le64.cache-6
7f5f5003b000-7f5f5003c000 rw-s 101cd5000 00:06 218                       /dev/dri/card1
7f5f5003c000-7f5f50045000 r--p 00000000 08:05 1598234                    /home/slavik/.config/dconf/user
7f5f50045000-7f5f50056000 r--p 00000000 08:05 268632                     /usr/share/locale-langpack/ru/LC_MESSAGES/gtk20.mo
7f5f50056000-7f5f500eb000 r--s 01109000 08:05 19113                      /usr/lib/jvm/java-8-oracle/jre/lib/ext/jfxrt.jar
7f5f500eb000-7f5f500ee000 ---p 00000000 00:00 0 
7f5f500ee000-7f5f501ec000 rw-p 00000000 00:00 0 
7f5f501ec000-7f5f501ef000 ---p 00000000 00:00 0 
7f5f501ef000-7f5f502ed000 rw-p 00000000 00:00 0 
7f5f502ed000-7f5f502f0000 ---p 00000000 00:00 0 
7f5f502f0000-7f5f503ee000 rw-p 00000000 00:00 0 
7f5f503ee000-7f5f503f1000 ---p 00000000 00:00 0 
7f5f503f1000-7f5f504ef000 rw-p 00000000 00:00 0 
7f5f504ef000-7f5f508f9000 r--p 00000000 08:05 1700662                    /usr/lib/locale/locale-archive
7f5f508f9000-7f5f508fc000 ---p 00000000 00:00 0 
7f5f508fc000-7f5f509fa000 rw-p 00000000 00:00 0 
7f5f509fa000-7f5f509fd000 ---p 00000000 00:00 0 
7f5f509fd000-7f5f50afb000 rw-p 00000000 00:00 0 
7f5f50afb000-7f5f50afc000 ---p 00000000 00:00 0 
7f5f50afc000-7f5f51000000 rw-p 00000000 00:00 0 
7f5f51000000-7f5f51870000 rwxp 00000000 00:00 0 
7f5f51870000-7f5f60000000 ---p 00000000 00:00 0 
7f5f60000000-7f5f60591000 rw-p 00000000 00:00 0 
7f5f60591000-7f5f64000000 ---p 00000000 00:00 0 
7f5f64000000-7f5f64004000 r--p 00000000 08:05 268487                     /usr/share/locale-langpack/ru/LC_MESSAGES/atk10.mo
7f5f64004000-7f5f64005000 rw-s 00000000 00:05 184173                     /drm mm object (deleted)
7f5f64005000-7f5f64006000 r--s 00000000 00:2c 38                         /run/user/1000/dconf/user
7f5f64006000-7f5f6400e000 rw-s 00000000 00:05 184171                     /drm mm object (deleted)
7f5f6400e000-7f5f64015000 r--s 00000000 08:05 16767                      /usr/lib/x86_64-linux-gnu/gconv/gconv-modules.cache
7f5f64015000-7f5f64017000 r--s 0001a000 08:03 62359                      /media/slavik/3EC2F10CC2F0C8E3/install/idea-IU-171.3780.107/lib/idea_rt.jar
7f5f64017000-7f5f6401e000 r--s 000a0000 08:05 1591337                    /home/slavik/Dropbox/itmo/1course/programming/lab5/lib/postgresql-9.4.1212.jar
7f5f6401e000-7f5f64020000 r--s 00009000 08:05 1579216                    /home/slavik/Dropbox/itmo/1course/programming/lab5/lib/hamcrest-core-1.3.jar
7f5f64020000-7f5f64022000 r--s 00012000 08:05 1587042                    /home/slavik/Dropbox/itmo/1course/programming/lab5/lib/opencsv-3.9.jar
7f5f64022000-7f5f64035000 r--s 00345000 08:05 19263                      /usr/lib/jvm/java-8-oracle/jre/lib/resources.jar
7f5f64035000-7f5f64b8f000 rw-p 00000000 00:00 0 
7f5f64b8f000-7f5f64d68000 r--s 03d3e000 08:05 19029                      /usr/lib/jvm/java-8-oracle/jre/lib/rt.jar
7f5f64d68000-7f5f65bb1000 rw-p 00000000 00:00 0 
7f5f65bb1000-7f5f65bb2000 ---p 00000000 00:00 0 
7f5f65bb2000-7f5f65cb2000 rw-p 00000000 00:00 0 
7f5f65cb2000-7f5f65cb3000 ---p 00000000 00:00 0 
7f5f65cb3000-7f5f65db3000 rw-p 00000000 00:00 0 
7f5f65db3000-7f5f65db4000 ---p 00000000 00:00 0 
7f5f65db4000-7f5f65eb4000 rw-p 00000000 00:00 0 
7f5f65eb4000-7f5f65eb5000 ---p 00000000 00:00 0 
7f5f65eb5000-7f5f65ff4000 rw-p 00000000 00:00 0 
7f5f65ff4000-7f5f66397000 ---p 00000000 00:00 0 
7f5f66397000-7f5f663d6000 rw-p 00000000 00:00 0 
7f5f663d6000-7f5f66779000 ---p 00000000 00:00 0 
7f5f66779000-7f5f66799000 rw-p 00000000 00:00 0 
7f5f66799000-7f5f6696a000 ---p 00000000 00:00 0 
7f5f6696a000-7f5f6698d000 rw-p 00000000 00:00 0 
7f5f6698d000-7f5f66d2b000 ---p 00000000 00:00 0 
7f5f66d2b000-7f5f66d45000 r-xp 00000000 08:05 19060                      /usr/lib/jvm/java-8-oracle/jre/lib/amd64/libzip.so
7f5f66d45000-7f5f66f45000 ---p 0001a000 08:05 19060                      /usr/lib/jvm/java-8-oracle/jre/lib/amd64/libzip.so
7f5f66f45000-7f5f66f46000 rw-p 0001a000 08:05 19060                      /usr/lib/jvm/java-8-oracle/jre/lib/amd64/libzip.so
7f5f66f46000-7f5f66f51000 r-xp 00000000 08:05 132290                     /lib/x86_64-linux-gnu/libnss_files-2.23.so
7f5f66f51000-7f5f67150000 ---p 0000b000 08:05 132290                     /lib/x86_64-linux-gnu/libnss_files-2.23.so
7f5f67150000-7f5f67151000 r--p 0000a000 08:05 132290                     /lib/x86_64-linux-gnu/libnss_files-2.23.so
7f5f67151000-7f5f67152000 rw-p 0000b000 08:05 132290                     /lib/x86_64-linux-gnu/libnss_files-2.23.so
7f5f67152000-7f5f67158000 rw-p 00000000 00:00 0 
7f5f67158000-7f5f67163000 r-xp 00000000 08:05 132283                     /lib/x86_64-linux-gnu/libnss_nis-2.23.so
7f5f67163000-7f5f67362000 ---p 0000b000 08:05 132283                     /lib/x86_64-linux-gnu/libnss_nis-2.23.so
7f5f67362000-7f5f67363000 r--p 0000a000 08:05 132283                     /lib/x86_64-linux-gnu/libnss_nis-2.23.so
7f5f67363000-7f5f67364000 rw-p 0000b000 08:05 132283                     /lib/x86_64-linux-gnu/libnss_nis-2.23.so
7f5f67364000-7f5f6737a000 r-xp 00000000 08:05 132285                     /lib/x86_64-linux-gnu/libnsl-2.23.so
7f5f6737a000-7f5f67579000 ---p 00016000 08:05 132285                     /lib/x86_64-linux-gnu/libnsl-2.23.so
7f5f67579000-7f5f6757a000 r--p 00015000 08:05 132285                     /lib/x86_64-linux-gnu/libnsl-2.23.so
7f5f6757a000-7f5f6757b000 rw-p 00016000 08:05 132285                     /lib/x86_64-linux-gnu/libnsl-2.23.so
7f5f6757b000-7f5f6757d000 rw-p 00000000 00:00 0 
7f5f6757d000-7f5f67585000 r-xp 00000000 08:05 132292                     /lib/x86_64-linux-gnu/libnss_compat-2.23.so
7f5f67585000-7f5f67784000 ---p 00008000 08:05 132292                     /lib/x86_64-linux-gnu/libnss_compat-2.23.so
7f5f67784000-7f5f67785000 r--p 00007000 08:05 132292                     /lib/x86_64-linux-gnu/libnss_compat-2.23.so
7f5f67785000-7f5f67786000 rw-p 00008000 08:05 132292                     /lib/x86_64-linux-gnu/libnss_compat-2.23.so
7f5f67786000-7f5f67790000 r-xp 00000000 08:05 19098                      /usr/lib/jvm/java-8-oracle/jre/lib/amd64/libinstrument.so
7f5f67790000-7f5f6798f000 ---p 0000a000 08:05 19098                      /usr/lib/jvm/java-8-oracle/jre/lib/amd64/libinstrument.so
7f5f6798f000-7f5f67990000 rw-p 00009000 08:05 19098                      /usr/lib/jvm/java-8-oracle/jre/lib/amd64/libinstrument.so
7f5f67990000-7f5f679bb000 r-xp 00000000 08:05 19087                      /usr/lib/jvm/java-8-oracle/jre/lib/amd64/libjava.so
7f5f679bb000-7f5f67bba000 ---p 0002b000 08:05 19087                      /usr/lib/jvm/java-8-oracle/jre/lib/amd64/libjava.so
7f5f67bba000-7f5f67bbc000 rw-p 0002a000 08:05 19087                      /usr/lib/jvm/java-8-oracle/jre/lib/amd64/libjava.so
7f5f67bbc000-7f5f67bc9000 r-xp 00000000 08:05 19038                      /usr/lib/jvm/java-8-oracle/jre/lib/amd64/libverify.so
7f5f67bc9000-7f5f67dc8000 ---p 0000d000 08:05 19038                      /usr/lib/jvm/java-8-oracle/jre/lib/amd64/libverify.so
7f5f67dc8000-7f5f67dca000 rw-p 0000c000 08:05 19038                      /usr/lib/jvm/java-8-oracle/jre/lib/amd64/libverify.so
7f5f67dca000-7f5f67dd1000 r-xp 00000000 08:05 132293                     /lib/x86_64-linux-gnu/librt-2.23.so
7f5f67dd1000-7f5f67fd0000 ---p 00007000 08:05 132293                     /lib/x86_64-linux-gnu/librt-2.23.so
7f5f67fd0000-7f5f67fd1000 r--p 00006000 08:05 132293                     /lib/x86_64-linux-gnu/librt-2.23.so
7f5f67fd1000-7f5f67fd2000 rw-p 00007000 08:05 132293                     /lib/x86_64-linux-gnu/librt-2.23.so
7f5f67fd2000-7f5f680da000 r-xp 00000000 08:05 132284                     /lib/x86_64-linux-gnu/libm-2.23.so
7f5f680da000-7f5f682d9000 ---p 00108000 08:05 132284                     /lib/x86_64-linux-gnu/libm-2.23.so
7f5f682d9000-7f5f682da000 r--p 00107000 08:05 132284                     /lib/x86_64-linux-gnu/libm-2.23.so
7f5f682da000-7f5f682db000 rw-p 00108000 08:05 132284                     /lib/x86_64-linux-gnu/libm-2.23.so
7f5f682db000-7f5f68fa9000 r-xp 00000000 08:05 19091                      /usr/lib/jvm/java-8-oracle/jre/lib/amd64/server/libjvm.so
7f5f68fa9000-7f5f691a9000 ---p 00cce000 08:05 19091                      /usr/lib/jvm/java-8-oracle/jre/lib/amd64/server/libjvm.so
7f5f691a9000-7f5f69282000 rw-p 00cce000 08:05 19091                      /usr/lib/jvm/java-8-oracle/jre/lib/amd64/server/libjvm.so
7f5f69282000-7f5f692cd000 rw-p 00000000 00:00 0 
7f5f692cd000-7f5f6948c000 r-xp 00000000 08:05 132286                     /lib/x86_64-linux-gnu/libc-2.23.so
7f5f6948c000-7f5f6968c000 ---p 001bf000 08:05 132286                     /lib/x86_64-linux-gnu/libc-2.23.so
7f5f6968c000-7f5f69690000 r--p 001bf000 08:05 132286                     /lib/x86_64-linux-gnu/libc-2.23.so
7f5f69690000-7f5f69692000 rw-p 001c3000 08:05 132286                     /lib/x86_64-linux-gnu/libc-2.23.so
7f5f69692000-7f5f69696000 rw-p 00000000 00:00 0 
7f5f69696000-7f5f69699000 r-xp 00000000 08:05 132282                     /lib/x86_64-linux-gnu/libdl-2.23.so
7f5f69699000-7f5f69898000 ---p 00003000 08:05 132282                     /lib/x86_64-linux-gnu/libdl-2.23.so
7f5f69898000-7f5f69899000 r--p 00002000 08:05 132282                     /lib/x86_64-linux-gnu/libdl-2.23.so
7f5f69899000-7f5f6989a000 rw-p 00003000 08:05 132282                     /lib/x86_64-linux-gnu/libdl-2.23.so
7f5f6989a000-7f5f698af000 r-xp 00000000 08:05 12934                      /usr/lib/jvm/java-8-oracle/lib/amd64/jli/libjli.so
7f5f698af000-7f5f69aaf000 ---p 00015000 08:05 12934                      /usr/lib/jvm/java-8-oracle/lib/amd64/jli/libjli.so
7f5f69aaf000-7f5f69ab0000 rw-p 00015000 08:05 12934                      /usr/lib/jvm/java-8-oracle/lib/amd64/jli/libjli.so
7f5f69ab0000-7f5f69ac8000 r-xp 00000000 08:05 132297                     /lib/x86_64-linux-gnu/libpthread-2.23.so
7f5f69ac8000-7f5f69cc7000 ---p 00018000 08:05 132297                     /lib/x86_64-linux-gnu/libpthread-2.23.so
7f5f69cc7000-7f5f69cc8000 r--p 00017000 08:05 132297                     /lib/x86_64-linux-gnu/libpthread-2.23.so
7f5f69cc8000-7f5f69cc9000 rw-p 00018000 08:05 132297                     /lib/x86_64-linux-gnu/libpthread-2.23.so
7f5f69cc9000-7f5f69ccd000 rw-p 00000000 00:00 0 
7f5f69ccd000-7f5f69cf3000 r-xp 00000000 08:05 132287                     /lib/x86_64-linux-gnu/ld-2.23.so
7f5f69cf3000-7f5f69cfb000 r--s 00045000 08:05 1579084                    /home/slavik/Dropbox/itmo/1course/programming/lab5/lib/junit-4.12.jar
7f5f69cfb000-7f5f69d00000 r--s 00034000 08:05 1578331                    /home/slavik/Dropbox/itmo/1course/programming/lab5/lib/gson-2.8.0.jar
7f5f69d00000-7f5f69d12000 r--s 000d6000 08:05 19262                      /usr/lib/jvm/java-8-oracle/jre/lib/plugin.jar
7f5f69d12000-7f5f69d13000 r--s 00000000 08:05 19108                      /usr/lib/jvm/java-8-oracle/jre/lib/management-agent.jar
7f5f69d13000-7f5f69d17000 r--s 0009a000 08:05 18981                      /usr/lib/jvm/java-8-oracle/jre/lib/jsse.jar
7f5f69d17000-7f5f69d19000 r--s 00007000 08:05 19102                      /usr/lib/jvm/java-8-oracle/jre/lib/jfxswt.jar
7f5f69d19000-7f5f69d34000 r--s 00209000 08:05 19145                      /usr/lib/jvm/java-8-oracle/jre/lib/deploy.jar
7f5f69d34000-7f5f69dca000 rw-p 00000000 00:00 0 
7f5f69dca000-7f5f69dcd000 ---p 00000000 00:00 0 
7f5f69dcd000-7f5f69ecf000 rw-p 00000000 00:00 0 
7f5f69ecf000-7f5f69ed4000 r--s 00084000 08:05 19136                      /usr/lib/jvm/java-8-oracle/jre/lib/jfr.jar
7f5f69ed4000-7f5f69ed7000 r--s 0001a000 08:05 19293                      /usr/lib/jvm/java-8-oracle/jre/lib/jce.jar
7f5f69ed7000-7f5f69ee1000 r--s 0006c000 08:05 19144                      /usr/lib/jvm/java-8-oracle/jre/lib/javaws.jar
7f5f69ee1000-7f5f69ee6000 r--s 002f9000 08:05 18982                      /usr/lib/jvm/java-8-oracle/jre/lib/charsets.jar
7f5f69ee6000-7f5f69eee000 rw-s 00000000 08:05 1718491                    /tmp/hsperfdata_slavik/18348
7f5f69eee000-7f5f69eef000 rw-p 00000000 00:00 0 
7f5f69eef000-7f5f69ef0000 r--p 00000000 00:00 0 
7f5f69ef0000-7f5f69ef2000 rw-p 00000000 00:00 0 
7f5f69ef2000-7f5f69ef3000 r--p 00025000 08:05 132287                     /lib/x86_64-linux-gnu/ld-2.23.so
7f5f69ef3000-7f5f69ef4000 rw-p 00026000 08:05 132287                     /lib/x86_64-linux-gnu/ld-2.23.so
7f5f69ef4000-7f5f69ef5000 rw-p 00000000 00:00 0 
7ffca0f7e000-7ffca0fa0000 rw-p 00000000 00:00 0                          [stack]
7ffca0fa6000-7ffca0fa8000 r--p 00000000 00:00 0                          [vvar]
7ffca0fa8000-7ffca0faa000 r-xp 00000000 00:00 0                          [vdso]
ffffffffff600000-ffffffffff601000 r-xp 00000000 00:00 0                  [vsyscall]

VM Arguments:
jvm_args: -javaagent:/media/slavik/3EC2F10CC2F0C8E3/install/idea-IU-171.3780.107/lib/idea_rt.jar=44345:/media/slavik/3EC2F10CC2F0C8E3/install/idea-IU-171.3780.107/bin -Dfile.encoding=UTF-8 
java_command: lab5
java_class_path (initial): /usr/lib/jvm/java-8-oracle/jre/lib/charsets.jar:/usr/lib/jvm/java-8-oracle/jre/lib/deploy.jar:/usr/lib/jvm/java-8-oracle/jre/lib/ext/cldrdata.jar:/usr/lib/jvm/java-8-oracle/jre/lib/ext/dnsns.jar:/usr/lib/jvm/java-8-oracle/jre/lib/ext/jaccess.jar:/usr/lib/jvm/java-8-oracle/jre/lib/ext/jfxrt.jar:/usr/lib/jvm/java-8-oracle/jre/lib/ext/localedata.jar:/usr/lib/jvm/java-8-oracle/jre/lib/ext/nashorn.jar:/usr/lib/jvm/java-8-oracle/jre/lib/ext/sunec.jar:/usr/lib/jvm/java-8-oracle/jre/lib/ext/sunjce_provider.jar:/usr/lib/jvm/java-8-oracle/jre/lib/ext/sunpkcs11.jar:/usr/lib/jvm/java-8-oracle/jre/lib/ext/zipfs.jar:/usr/lib/jvm/java-8-oracle/jre/lib/javaws.jar:/usr/lib/jvm/java-8-oracle/jre/lib/jce.jar:/usr/lib/jvm/java-8-oracle/jre/lib/jfr.jar:/usr/lib/jvm/java-8-oracle/jre/lib/jfxswt.jar:/usr/lib/jvm/java-8-oracle/jre/lib/jsse.jar:/usr/lib/jvm/java-8-oracle/jre/lib/management-agent.jar:/usr/lib/jvm/java-8-oracle/jre/lib/plugin.jar:/usr/lib/jvm/java-8-oracle/jre/lib/resources.jar:/usr/lib/jvm/java-8-oracle/jre/lib/rt.jar:/home/slavik/Dropbox/itmo/1course/programming/lab5/out/production/lab5:/home/slavik/Dropbox/itmo/1course/programming/lab5/lib/gson-2.8.0.jar:/home/slavik/Dropbox/itmo/1course/programming/lab5/lib/junit-4.12.jar:/home/slavik/Dropbox/itmo/1course/programming/lab5/lib/opencsv-3.9.jar:/home/slavik/Dropbox/itmo/1course/programming/lab5/lib/hamcrest-core-1.3.jar:/home/slavik/Dropbox/itmo/1course/programming/lab5/lib/postgresql-9.4.1212.jar:/media/slavik/3EC2F10CC2F0C8E3/install/idea-IU-171.3780.107/lib/idea_rt.jar
Launcher Type: SUN_STANDARD

Environment Variables:
JAVA_HOME=/usr/lib/jvm/java-8-oracle
PATH=/home/slavik/bin:/home/slavik/.local/bin:/usr/local/sbin:/usr/local/bin:/usr/sbin:/usr/bin:/sbin:/bin:/usr/games:/usr/local/games:/snap/bin:/usr/lib/jvm/java-8-oracle/bin:/usr/lib/jvm/java-8-oracle/db/bin:/usr/lib/jvm/java-8-oracle/jre/bin
LD_LIBRARY_PATH=/media/slavik/3EC2F10CC2F0C8E3/install/idea-IU-171.3780.107/bin:
SHELL=/usr/bin/zsh
DISPLAY=:0

Signal Handlers:
SIGSEGV: [libjvm.so+0xac78c0], sa_mask[0]=11111111011111111101111111111110, sa_flags=SA_RESTART|SA_SIGINFO
SIGBUS: [libjvm.so+0xac78c0], sa_mask[0]=11111111011111111101111111111110, sa_flags=SA_RESTART|SA_SIGINFO
SIGFPE: [libjvm.so+0x920ac0], sa_mask[0]=11111111011111111101111111111110, sa_flags=SA_RESTART|SA_SIGINFO
SIGPIPE: SIG_IGN, sa_mask[0]=00000000000010000000000000000000, sa_flags=SA_RESTART
SIGXFSZ: [libjvm.so+0x920ac0], sa_mask[0]=11111111011111111101111111111110, sa_flags=SA_RESTART|SA_SIGINFO
SIGILL: [libjvm.so+0x920ac0], sa_mask[0]=11111111011111111101111111111110, sa_flags=SA_RESTART|SA_SIGINFO
SIGUSR1: SIG_DFL, sa_mask[0]=00000000000000000000000000000000, sa_flags=none
SIGUSR2: [libjvm.so+0x922300], sa_mask[0]=00100000000000000000000000000000, sa_flags=SA_RESTART|SA_SIGINFO
SIGHUP: [libjvm.so+0x923700], sa_mask[0]=11111111011111111101111111111110, sa_flags=SA_RESTART|SA_SIGINFO
SIGINT: [libjvm.so+0x923700], sa_mask[0]=11111111011111111101111111111110, sa_flags=SA_RESTART|SA_SIGINFO
SIGTERM: [libjvm.so+0x923700], sa_mask[0]=11111111011111111101111111111110, sa_flags=SA_RESTART|SA_SIGINFO
SIGQUIT: [libjvm.so+0x923700], sa_mask[0]=11111111011111111101111111111110, sa_flags=SA_RESTART|SA_SIGINFO


---------------  S Y S T E M  ---------------

OS:DISTRIB_ID=Ubuntu
DISTRIB_RELEASE=16.04
DISTRIB_CODENAME=xenial
DISTRIB_DESCRIPTION="Ubuntu 16.04.2 LTS"

uname:Linux 4.4.0-72-generic #93-Ubuntu SMP Fri Mar 31 14:07:41 UTC 2017 x86_64
libc:glibc 2.23 NPTL 2.23 
rlimit: STACK 8192k, CORE 0k, NPROC 47515, NOFILE 65536, AS infinity
load average:0,35 0,40 0,57

/proc/meminfo:
MemTotal:       12210652 kB
MemFree:         4055648 kB
MemAvailable:    6784956 kB
Buffers:          803348 kB
Cached:          2491580 kB
SwapCached:            0 kB
Active:          5812952 kB
Inactive:        1929236 kB
Active(anon):    4453716 kB
Inactive(anon):   411576 kB
Active(file):    1359236 kB
Inactive(file):  1517660 kB
Unevictable:         272 kB
Mlocked:             272 kB
SwapTotal:        584700 kB
SwapFree:         584700 kB
Dirty:               196 kB
Writeback:             0 kB
AnonPages:       4447476 kB
Mapped:           542648 kB
Shmem:            418036 kB
Slab:             244324 kB
SReclaimable:     175060 kB
SUnreclaim:        69264 kB
KernelStack:       14240 kB
PageTables:        65076 kB
NFS_Unstable:          0 kB
Bounce:                0 kB
WritebackTmp:          0 kB
CommitLimit:     6690024 kB
Committed_AS:   13010908 kB
VmallocTotal:   34359738367 kB
VmallocUsed:           0 kB
VmallocChunk:          0 kB
HardwareCorrupted:     0 kB
AnonHugePages:   2086912 kB
CmaTotal:              0 kB
CmaFree:               0 kB
HugePages_Total:       0
HugePages_Free:        0
HugePages_Rsvd:        0
HugePages_Surp:        0
Hugepagesize:       2048 kB
DirectMap4k:      312400 kB
DirectMap2M:    12179456 kB


CPU:total 4 (2 cores per cpu, 2 threads per core) family 6 model 42 stepping 7, cmov, cx8, fxsr, mmx, sse, sse2, sse3, ssse3, sse4.1, sse4.2, popcnt, avx, clmul, ht, tsc, tscinvbit

/proc/cpuinfo:
processor	: 0
vendor_id	: GenuineIntel
cpu family	: 6
model		: 42
model name	: Intel(R) Core(TM) i3-2350M CPU @ 2.30GHz
stepping	: 7
microcode	: 0x1b
cpu MHz		: 1423.933
cache size	: 3072 KB
physical id	: 0
siblings	: 4
core id		: 0
cpu cores	: 2
apicid		: 0
initial apicid	: 0
fpu		: yes
fpu_exception	: yes
cpuid level	: 13
wp		: yes
flags		: fpu vme de pse tsc msr pae mce cx8 apic sep mtrr pge mca cmov pat pse36 clflush dts acpi mmx fxsr sse sse2 ss ht tm pbe syscall nx rdtscp lm constant_tsc arch_perfmon pebs bts rep_good nopl xtopology nonstop_tsc aperfmperf eagerfpu pni pclmulqdq dtes64 monitor ds_cpl vmx est tm2 ssse3 cx16 xtpr pdcm pcid sse4_1 sse4_2 x2apic popcnt tsc_deadline_timer xsave avx lahf_lm epb tpr_shadow vnmi flexpriority ept vpid xsaveopt dtherm arat pln pts
bugs		:
bogomips	: 4590.00
clflush size	: 64
cache_alignment	: 64
address sizes	: 36 bits physical, 48 bits virtual
power management:

processor	: 1
vendor_id	: GenuineIntel
cpu family	: 6
model		: 42
model name	: Intel(R) Core(TM) i3-2350M CPU @ 2.30GHz
stepping	: 7
microcode	: 0x1b
cpu MHz		: 1397.070
cache size	: 3072 KB
physical id	: 0
siblings	: 4
core id		: 1
cpu cores	: 2
apicid		: 2
initial apicid	: 2
fpu		: yes
fpu_exception	: yes
cpuid level	: 13
wp		: yes
flags		: fpu vme de pse tsc msr pae mce cx8 apic sep mtrr pge mca cmov pat pse36 clflush dts acpi mmx fxsr sse sse2 ss ht tm pbe syscall nx rdtscp lm constant_tsc arch_perfmon pebs bts rep_good nopl xtopology nonstop_tsc aperfmperf eagerfpu pni pclmulqdq dtes64 monitor ds_cpl vmx est tm2 ssse3 cx16 xtpr pdcm pcid sse4_1 sse4_2 x2apic popcnt tsc_deadline_timer xsave avx lahf_lm epb tpr_shadow vnmi flexpriority ept vpid xsaveopt dtherm arat pln pts
bugs		:
bogomips	: 4590.00
clflush size	: 64
cache_alignment	: 64
address sizes	: 36 bits physical, 48 bits virtual
power management:

processor	: 2
vendor_id	: GenuineIntel
cpu family	: 6
model		: 42
model name	: Intel(R) Core(TM) i3-2350M CPU @ 2.30GHz
stepping	: 7
microcode	: 0x1b
cpu MHz		: 1432.289
cache size	: 3072 KB
physical id	: 0
siblings	: 4
core id		: 0
cpu cores	: 2
apicid		: 1
initial apicid	: 1
fpu		: yes
fpu_exception	: yes
cpuid level	: 13
wp		: yes
flags		: fpu vme de pse tsc msr pae mce cx8 apic sep mtrr pge mca cmov pat pse36 clflush dts acpi mmx fxsr sse sse2 ss ht tm pbe syscall nx rdtscp lm constant_tsc arch_perfmon pebs bts rep_good nopl xtopology nonstop_tsc aperfmperf eagerfpu pni pclmulqdq dtes64 monitor ds_cpl vmx est tm2 ssse3 cx16 xtpr pdcm pcid sse4_1 sse4_2 x2apic popcnt tsc_deadline_timer xsave avx lahf_lm epb tpr_shadow vnmi flexpriority ept vpid xsaveopt dtherm arat pln pts
bugs		:
bogomips	: 4590.00
clflush size	: 64
cache_alignment	: 64
address sizes	: 36 bits physical, 48 bits virtual
power management:

processor	: 3
vendor_id	: GenuineIntel
cpu family	: 6
model		: 42
model name	: Intel(R) Core(TM) i3-2350M CPU @ 2.30GHz
stepping	: 7
microcode	: 0x1b
cpu MHz		: 1359.246
cache size	: 3072 KB
physical id	: 0
siblings	: 4
core id		: 1
cpu cores	: 2
apicid		: 3
initial apicid	: 3
fpu		: yes
fpu_exception	: yes
cpuid level	: 13
wp		: yes
flags		: fpu vme de pse tsc msr pae mce cx8 apic sep mtrr pge mca cmov pat pse36 clflush dts acpi mmx fxsr sse sse2 ss ht tm pbe syscall nx rdtscp lm constant_tsc arch_perfmon pebs bts rep_good nopl xtopology nonstop_tsc aperfmperf eagerfpu pni pclmulqdq dtes64 monitor ds_cpl vmx est tm2 ssse3 cx16 xtpr pdcm pcid sse4_1 sse4_2 x2apic popcnt tsc_deadline_timer xsave avx lahf_lm epb tpr_shadow vnmi flexpriority ept vpid xsaveopt dtherm arat pln pts
bugs		:
bogomips	: 4590.00
clflush size	: 64
cache_alignment	: 64
address sizes	: 36 bits physical, 48 bits virtual
power management:



Memory: 4k page, physical 12210652k(4055648k free), swap 584700k(584700k free)

vm_info: Java HotSpot(TM) 64-Bit Server VM (25.121-b13) for linux-amd64 JRE (1.8.0_121-b13), built on Dec 12 2016 16:36:53 by "java_re" with gcc 4.3.0 20080428 (Red Hat 4.3.0-8)

time: Thu Apr 13 12:20:43 2017
elapsed time: 137 seconds (0d 0h 2m 17s)

